[2026-02-13T20:08:56.137+0000] {taskinstance.py:1956} INFO - Dependencies all met for dep_context=non-requeueable deps ti=<TaskInstance: etl_pipeline.load manual__2026-02-13T20:08:44.042500+00:00 [queued]>
[2026-02-13T20:08:56.148+0000] {taskinstance.py:1956} INFO - Dependencies all met for dep_context=requeueable deps ti=<TaskInstance: etl_pipeline.load manual__2026-02-13T20:08:44.042500+00:00 [queued]>
[2026-02-13T20:08:56.149+0000] {taskinstance.py:2170} INFO - Starting attempt 1 of 1
[2026-02-13T20:08:56.163+0000] {taskinstance.py:2191} INFO - Executing <Task(BashOperator): load> on 2026-02-13 20:08:44.042500+00:00
[2026-02-13T20:08:56.167+0000] {standard_task_runner.py:60} INFO - Started process 179 to run task
[2026-02-13T20:08:56.171+0000] {standard_task_runner.py:87} INFO - Running: ['***', 'tasks', 'run', 'etl_pipeline', 'load', 'manual__2026-02-13T20:08:44.042500+00:00', '--job-id', '10', '--raw', '--subdir', 'DAGS_FOLDER/etl_pipeline.py', '--cfg-path', '/tmp/tmpc253pwih']
[2026-02-13T20:08:56.174+0000] {standard_task_runner.py:88} INFO - Job 10: Subtask load
[2026-02-13T20:08:56.246+0000] {task_command.py:423} INFO - Running <TaskInstance: etl_pipeline.load manual__2026-02-13T20:08:44.042500+00:00 [running]> on host d52f51268c6c
[2026-02-13T20:08:56.328+0000] {taskinstance.py:2480} INFO - Exporting env vars: AIRFLOW_CTX_DAG_OWNER='***' AIRFLOW_CTX_DAG_ID='etl_pipeline' AIRFLOW_CTX_TASK_ID='load' AIRFLOW_CTX_EXECUTION_DATE='2026-02-13T20:08:44.042500+00:00' AIRFLOW_CTX_TRY_NUMBER='1' AIRFLOW_CTX_DAG_RUN_ID='manual__2026-02-13T20:08:44.042500+00:00'
[2026-02-13T20:08:56.330+0000] {subprocess.py:63} INFO - Tmp dir root location: /tmp
[2026-02-13T20:08:56.331+0000] {subprocess.py:75} INFO - Running command: ['/usr/bin/bash', '-c', 'python /opt/***/dags/scripts/load.py']
[2026-02-13T20:08:56.341+0000] {subprocess.py:86} INFO - Output:
[2026-02-13T20:08:58.159+0000] {subprocess.py:93} INFO - ROWS TO LOAD: 531095
[2026-02-13T20:08:58.176+0000] {subprocess.py:93} INFO - Traceback (most recent call last):
[2026-02-13T20:08:58.177+0000] {subprocess.py:93} INFO -   File "/home/***/.local/lib/python3.8/site-packages/sqlalchemy/engine/base.py", line 3371, in _wrap_pool_connect
[2026-02-13T20:08:58.178+0000] {subprocess.py:93} INFO -     return fn()
[2026-02-13T20:08:58.178+0000] {subprocess.py:93} INFO -   File "/home/***/.local/lib/python3.8/site-packages/sqlalchemy/pool/base.py", line 327, in connect
[2026-02-13T20:08:58.179+0000] {subprocess.py:93} INFO -     return _ConnectionFairy._checkout(self)
[2026-02-13T20:08:58.179+0000] {subprocess.py:93} INFO -   File "/home/***/.local/lib/python3.8/site-packages/sqlalchemy/pool/base.py", line 894, in _checkout
[2026-02-13T20:08:58.180+0000] {subprocess.py:93} INFO -     fairy = _ConnectionRecord.checkout(pool)
[2026-02-13T20:08:58.180+0000] {subprocess.py:93} INFO -   File "/home/***/.local/lib/python3.8/site-packages/sqlalchemy/pool/base.py", line 493, in checkout
[2026-02-13T20:08:58.181+0000] {subprocess.py:93} INFO -     rec = pool._do_get()
[2026-02-13T20:08:58.182+0000] {subprocess.py:93} INFO -   File "/home/***/.local/lib/python3.8/site-packages/sqlalchemy/pool/impl.py", line 146, in _do_get
[2026-02-13T20:08:58.182+0000] {subprocess.py:93} INFO -     self._dec_overflow()
[2026-02-13T20:08:58.183+0000] {subprocess.py:93} INFO -   File "/home/***/.local/lib/python3.8/site-packages/sqlalchemy/util/langhelpers.py", line 70, in __exit__
[2026-02-13T20:08:58.184+0000] {subprocess.py:93} INFO -     compat.raise_(
[2026-02-13T20:08:58.184+0000] {subprocess.py:93} INFO -   File "/home/***/.local/lib/python3.8/site-packages/sqlalchemy/util/compat.py", line 211, in raise_
[2026-02-13T20:08:58.185+0000] {subprocess.py:93} INFO -     raise exception
[2026-02-13T20:08:58.185+0000] {subprocess.py:93} INFO -   File "/home/***/.local/lib/python3.8/site-packages/sqlalchemy/pool/impl.py", line 143, in _do_get
[2026-02-13T20:08:58.186+0000] {subprocess.py:93} INFO -     return self._create_connection()
[2026-02-13T20:08:58.186+0000] {subprocess.py:93} INFO -   File "/home/***/.local/lib/python3.8/site-packages/sqlalchemy/pool/base.py", line 273, in _create_connection
[2026-02-13T20:08:58.187+0000] {subprocess.py:93} INFO -     return _ConnectionRecord(self)
[2026-02-13T20:08:58.188+0000] {subprocess.py:93} INFO -   File "/home/***/.local/lib/python3.8/site-packages/sqlalchemy/pool/base.py", line 388, in __init__
[2026-02-13T20:08:58.188+0000] {subprocess.py:93} INFO -     self.__connect()
[2026-02-13T20:08:58.189+0000] {subprocess.py:93} INFO -   File "/home/***/.local/lib/python3.8/site-packages/sqlalchemy/pool/base.py", line 691, in __connect
[2026-02-13T20:08:58.190+0000] {subprocess.py:93} INFO -     pool.logger.debug("Error on connect(): %s", e)
[2026-02-13T20:08:58.190+0000] {subprocess.py:93} INFO -   File "/home/***/.local/lib/python3.8/site-packages/sqlalchemy/util/langhelpers.py", line 70, in __exit__
[2026-02-13T20:08:58.191+0000] {subprocess.py:93} INFO -     compat.raise_(
[2026-02-13T20:08:58.191+0000] {subprocess.py:93} INFO -   File "/home/***/.local/lib/python3.8/site-packages/sqlalchemy/util/compat.py", line 211, in raise_
[2026-02-13T20:08:58.192+0000] {subprocess.py:93} INFO -     raise exception
[2026-02-13T20:08:58.193+0000] {subprocess.py:93} INFO -   File "/home/***/.local/lib/python3.8/site-packages/sqlalchemy/pool/base.py", line 686, in __connect
[2026-02-13T20:08:58.193+0000] {subprocess.py:93} INFO -     self.dbapi_connection = connection = pool._invoke_creator(self)
[2026-02-13T20:08:58.194+0000] {subprocess.py:93} INFO -   File "/home/***/.local/lib/python3.8/site-packages/sqlalchemy/engine/create.py", line 574, in connect
[2026-02-13T20:08:58.195+0000] {subprocess.py:93} INFO -     return dialect.connect(*cargs, **cparams)
[2026-02-13T20:08:58.195+0000] {subprocess.py:93} INFO -   File "/home/***/.local/lib/python3.8/site-packages/sqlalchemy/engine/default.py", line 598, in connect
[2026-02-13T20:08:58.195+0000] {subprocess.py:93} INFO -     return self.dbapi.connect(*cargs, **cparams)
[2026-02-13T20:08:58.196+0000] {subprocess.py:93} INFO -   File "/home/***/.local/lib/python3.8/site-packages/psycopg2/__init__.py", line 122, in connect
[2026-02-13T20:08:58.196+0000] {subprocess.py:93} INFO -     conn = _connect(dsn, connection_factory=connection_factory, **kwasync)
[2026-02-13T20:08:58.197+0000] {subprocess.py:93} INFO - psycopg2.OperationalError: connection to server at "localhost" (::1), port 5432 failed: Connection refused
[2026-02-13T20:08:58.198+0000] {subprocess.py:93} INFO - 	Is the server running on that host and accepting TCP/IP connections?
[2026-02-13T20:08:58.198+0000] {subprocess.py:93} INFO - connection to server at "localhost" (127.0.0.1), port 5432 failed: Connection refused
[2026-02-13T20:08:58.199+0000] {subprocess.py:93} INFO - 	Is the server running on that host and accepting TCP/IP connections?
[2026-02-13T20:08:58.200+0000] {subprocess.py:93} INFO - 
[2026-02-13T20:08:58.200+0000] {subprocess.py:93} INFO - 
[2026-02-13T20:08:58.201+0000] {subprocess.py:93} INFO - The above exception was the direct cause of the following exception:
[2026-02-13T20:08:58.202+0000] {subprocess.py:93} INFO - 
[2026-02-13T20:08:58.202+0000] {subprocess.py:93} INFO - Traceback (most recent call last):
[2026-02-13T20:08:58.203+0000] {subprocess.py:93} INFO -   File "/opt/***/dags/scripts/load.py", line 22, in <module>
[2026-02-13T20:08:58.204+0000] {subprocess.py:93} INFO -     df.to_sql("sales", engine, if_exists="append", index=False)
[2026-02-13T20:08:58.204+0000] {subprocess.py:93} INFO -   File "/home/***/.local/lib/python3.8/site-packages/pandas/core/generic.py", line 2878, in to_sql
[2026-02-13T20:08:58.205+0000] {subprocess.py:93} INFO -     return sql.to_sql(
[2026-02-13T20:08:58.205+0000] {subprocess.py:93} INFO -   File "/home/***/.local/lib/python3.8/site-packages/pandas/io/sql.py", line 768, in to_sql
[2026-02-13T20:08:58.206+0000] {subprocess.py:93} INFO -     with pandasSQL_builder(con, schema=schema, need_transaction=True) as pandas_sql:
[2026-02-13T20:08:58.206+0000] {subprocess.py:93} INFO -   File "/home/***/.local/lib/python3.8/site-packages/pandas/io/sql.py", line 832, in pandasSQL_builder
[2026-02-13T20:08:58.207+0000] {subprocess.py:93} INFO -     return SQLDatabase(con, schema, need_transaction)
[2026-02-13T20:08:58.208+0000] {subprocess.py:93} INFO -   File "/home/***/.local/lib/python3.8/site-packages/pandas/io/sql.py", line 1539, in __init__
[2026-02-13T20:08:58.208+0000] {subprocess.py:93} INFO -     con = self.exit_stack.enter_context(con.connect())
[2026-02-13T20:08:58.209+0000] {subprocess.py:93} INFO -   File "/home/***/.local/lib/python3.8/site-packages/sqlalchemy/engine/base.py", line 3325, in connect
[2026-02-13T20:08:58.209+0000] {subprocess.py:93} INFO -     return self._connection_cls(self, close_with_result=close_with_result)
[2026-02-13T20:08:58.210+0000] {subprocess.py:93} INFO -   File "/home/***/.local/lib/python3.8/site-packages/sqlalchemy/engine/base.py", line 96, in __init__
[2026-02-13T20:08:58.210+0000] {subprocess.py:93} INFO -     else engine.raw_connection()
[2026-02-13T20:08:58.211+0000] {subprocess.py:93} INFO -   File "/home/***/.local/lib/python3.8/site-packages/sqlalchemy/engine/base.py", line 3404, in raw_connection
[2026-02-13T20:08:58.211+0000] {subprocess.py:93} INFO -     return self._wrap_pool_connect(self.pool.connect, _connection)
[2026-02-13T20:08:58.212+0000] {subprocess.py:93} INFO -   File "/home/***/.local/lib/python3.8/site-packages/sqlalchemy/engine/base.py", line 3374, in _wrap_pool_connect
[2026-02-13T20:08:58.212+0000] {subprocess.py:93} INFO -     Connection._handle_dbapi_exception_noconnection(
[2026-02-13T20:08:58.213+0000] {subprocess.py:93} INFO -   File "/home/***/.local/lib/python3.8/site-packages/sqlalchemy/engine/base.py", line 2208, in _handle_dbapi_exception_noconnection
[2026-02-13T20:08:58.214+0000] {subprocess.py:93} INFO -     util.raise_(
[2026-02-13T20:08:58.215+0000] {subprocess.py:93} INFO -   File "/home/***/.local/lib/python3.8/site-packages/sqlalchemy/util/compat.py", line 211, in raise_
[2026-02-13T20:08:58.216+0000] {subprocess.py:93} INFO -     raise exception
[2026-02-13T20:08:58.216+0000] {subprocess.py:93} INFO -   File "/home/***/.local/lib/python3.8/site-packages/sqlalchemy/engine/base.py", line 3371, in _wrap_pool_connect
[2026-02-13T20:08:58.217+0000] {subprocess.py:93} INFO -     return fn()
[2026-02-13T20:08:58.217+0000] {subprocess.py:93} INFO -   File "/home/***/.local/lib/python3.8/site-packages/sqlalchemy/pool/base.py", line 327, in connect
[2026-02-13T20:08:58.218+0000] {subprocess.py:93} INFO -     return _ConnectionFairy._checkout(self)
[2026-02-13T20:08:58.218+0000] {subprocess.py:93} INFO -   File "/home/***/.local/lib/python3.8/site-packages/sqlalchemy/pool/base.py", line 894, in _checkout
[2026-02-13T20:08:58.219+0000] {subprocess.py:93} INFO -     fairy = _ConnectionRecord.checkout(pool)
[2026-02-13T20:08:58.219+0000] {subprocess.py:93} INFO -   File "/home/***/.local/lib/python3.8/site-packages/sqlalchemy/pool/base.py", line 493, in checkout
[2026-02-13T20:08:58.220+0000] {subprocess.py:93} INFO -     rec = pool._do_get()
[2026-02-13T20:08:58.220+0000] {subprocess.py:93} INFO -   File "/home/***/.local/lib/python3.8/site-packages/sqlalchemy/pool/impl.py", line 146, in _do_get
[2026-02-13T20:08:58.221+0000] {subprocess.py:93} INFO -     self._dec_overflow()
[2026-02-13T20:08:58.221+0000] {subprocess.py:93} INFO -   File "/home/***/.local/lib/python3.8/site-packages/sqlalchemy/util/langhelpers.py", line 70, in __exit__
[2026-02-13T20:08:58.222+0000] {subprocess.py:93} INFO -     compat.raise_(
[2026-02-13T20:08:58.222+0000] {subprocess.py:93} INFO -   File "/home/***/.local/lib/python3.8/site-packages/sqlalchemy/util/compat.py", line 211, in raise_
[2026-02-13T20:08:58.223+0000] {subprocess.py:93} INFO -     raise exception
[2026-02-13T20:08:58.223+0000] {subprocess.py:93} INFO -   File "/home/***/.local/lib/python3.8/site-packages/sqlalchemy/pool/impl.py", line 143, in _do_get
[2026-02-13T20:08:58.224+0000] {subprocess.py:93} INFO -     return self._create_connection()
[2026-02-13T20:08:58.225+0000] {subprocess.py:93} INFO -   File "/home/***/.local/lib/python3.8/site-packages/sqlalchemy/pool/base.py", line 273, in _create_connection
[2026-02-13T20:08:58.226+0000] {subprocess.py:93} INFO -     return _ConnectionRecord(self)
[2026-02-13T20:08:58.227+0000] {subprocess.py:93} INFO -   File "/home/***/.local/lib/python3.8/site-packages/sqlalchemy/pool/base.py", line 388, in __init__
[2026-02-13T20:08:58.227+0000] {subprocess.py:93} INFO -     self.__connect()
[2026-02-13T20:08:58.228+0000] {subprocess.py:93} INFO -   File "/home/***/.local/lib/python3.8/site-packages/sqlalchemy/pool/base.py", line 691, in __connect
[2026-02-13T20:08:58.229+0000] {subprocess.py:93} INFO -     pool.logger.debug("Error on connect(): %s", e)
[2026-02-13T20:08:58.229+0000] {subprocess.py:93} INFO -   File "/home/***/.local/lib/python3.8/site-packages/sqlalchemy/util/langhelpers.py", line 70, in __exit__
[2026-02-13T20:08:58.230+0000] {subprocess.py:93} INFO -     compat.raise_(
[2026-02-13T20:08:58.230+0000] {subprocess.py:93} INFO -   File "/home/***/.local/lib/python3.8/site-packages/sqlalchemy/util/compat.py", line 211, in raise_
[2026-02-13T20:08:58.231+0000] {subprocess.py:93} INFO -     raise exception
[2026-02-13T20:08:58.232+0000] {subprocess.py:93} INFO -   File "/home/***/.local/lib/python3.8/site-packages/sqlalchemy/pool/base.py", line 686, in __connect
[2026-02-13T20:08:58.233+0000] {subprocess.py:93} INFO -     self.dbapi_connection = connection = pool._invoke_creator(self)
[2026-02-13T20:08:58.234+0000] {subprocess.py:93} INFO -   File "/home/***/.local/lib/python3.8/site-packages/sqlalchemy/engine/create.py", line 574, in connect
[2026-02-13T20:08:58.235+0000] {subprocess.py:93} INFO -     return dialect.connect(*cargs, **cparams)
[2026-02-13T20:08:58.236+0000] {subprocess.py:93} INFO -   File "/home/***/.local/lib/python3.8/site-packages/sqlalchemy/engine/default.py", line 598, in connect
[2026-02-13T20:08:58.237+0000] {subprocess.py:93} INFO -     return self.dbapi.connect(*cargs, **cparams)
[2026-02-13T20:08:58.238+0000] {subprocess.py:93} INFO -   File "/home/***/.local/lib/python3.8/site-packages/psycopg2/__init__.py", line 122, in connect
[2026-02-13T20:08:58.239+0000] {subprocess.py:93} INFO -     conn = _connect(dsn, connection_factory=connection_factory, **kwasync)
[2026-02-13T20:08:58.239+0000] {subprocess.py:93} INFO - sqlalchemy.exc.OperationalError: (psycopg2.OperationalError) connection to server at "localhost" (::1), port 5432 failed: Connection refused
[2026-02-13T20:08:58.240+0000] {subprocess.py:93} INFO - 	Is the server running on that host and accepting TCP/IP connections?
[2026-02-13T20:08:58.241+0000] {subprocess.py:93} INFO - connection to server at "localhost" (127.0.0.1), port 5432 failed: Connection refused
[2026-02-13T20:08:58.241+0000] {subprocess.py:93} INFO - 	Is the server running on that host and accepting TCP/IP connections?
[2026-02-13T20:08:58.242+0000] {subprocess.py:93} INFO - 
[2026-02-13T20:08:58.243+0000] {subprocess.py:93} INFO - (Background on this error at: https://sqlalche.me/e/14/e3q8)
[2026-02-13T20:08:58.285+0000] {subprocess.py:97} INFO - Command exited with return code 1
[2026-02-13T20:08:58.298+0000] {taskinstance.py:2698} ERROR - Task failed with exception
Traceback (most recent call last):
  File "/home/airflow/.local/lib/python3.8/site-packages/airflow/models/taskinstance.py", line 433, in _execute_task
    result = execute_callable(context=context, **execute_callable_kwargs)
  File "/home/airflow/.local/lib/python3.8/site-packages/airflow/operators/bash.py", line 212, in execute
    raise AirflowException(
airflow.exceptions.AirflowException: Bash command failed. The command returned a non-zero exit code 1.
[2026-02-13T20:08:58.302+0000] {taskinstance.py:1138} INFO - Marking task as FAILED. dag_id=etl_pipeline, task_id=load, execution_date=20260213T200844, start_date=20260213T200856, end_date=20260213T200858
[2026-02-13T20:08:58.318+0000] {standard_task_runner.py:107} ERROR - Failed to execute job 10 for task load (Bash command failed. The command returned a non-zero exit code 1.; 179)
[2026-02-13T20:08:58.355+0000] {local_task_job_runner.py:234} INFO - Task exited with return code 1
[2026-02-13T20:08:58.386+0000] {taskinstance.py:3280} INFO - 0 downstream tasks scheduled from follow-on schedule check
