[2026-02-13T21:23:21.289+0000] {taskinstance.py:1956} INFO - Dependencies all met for dep_context=non-requeueable deps ti=<TaskInstance: etl_pipeline.validate manual__2026-02-13T21:23:07.590598+00:00 [queued]>
[2026-02-13T21:23:21.301+0000] {taskinstance.py:1956} INFO - Dependencies all met for dep_context=requeueable deps ti=<TaskInstance: etl_pipeline.validate manual__2026-02-13T21:23:07.590598+00:00 [queued]>
[2026-02-13T21:23:21.302+0000] {taskinstance.py:2170} INFO - Starting attempt 1 of 1
[2026-02-13T21:23:21.316+0000] {taskinstance.py:2191} INFO - Executing <Task(BashOperator): validate> on 2026-02-13 21:23:07.590598+00:00
[2026-02-13T21:23:21.321+0000] {standard_task_runner.py:60} INFO - Started process 141 to run task
[2026-02-13T21:23:21.325+0000] {standard_task_runner.py:87} INFO - Running: ['***', 'tasks', 'run', 'etl_pipeline', 'validate', 'manual__2026-02-13T21:23:07.590598+00:00', '--job-id', '47', '--raw', '--subdir', 'DAGS_FOLDER/etl_pipeline.py', '--cfg-path', '/tmp/tmptr8nl_5c']
[2026-02-13T21:23:21.327+0000] {standard_task_runner.py:88} INFO - Job 47: Subtask validate
[2026-02-13T21:23:21.412+0000] {task_command.py:423} INFO - Running <TaskInstance: etl_pipeline.validate manual__2026-02-13T21:23:07.590598+00:00 [running]> on host 51fe2258f27f
[2026-02-13T21:23:21.489+0000] {taskinstance.py:2480} INFO - Exporting env vars: AIRFLOW_CTX_DAG_OWNER='***' AIRFLOW_CTX_DAG_ID='etl_pipeline' AIRFLOW_CTX_TASK_ID='validate' AIRFLOW_CTX_EXECUTION_DATE='2026-02-13T21:23:07.590598+00:00' AIRFLOW_CTX_TRY_NUMBER='1' AIRFLOW_CTX_DAG_RUN_ID='manual__2026-02-13T21:23:07.590598+00:00'
[2026-02-13T21:23:21.490+0000] {subprocess.py:63} INFO - Tmp dir root location: /tmp
[2026-02-13T21:23:21.492+0000] {subprocess.py:75} INFO - Running command: ['/usr/bin/bash', '-c', 'python /opt/***/dags/scripts/validate.py']
[2026-02-13T21:23:21.502+0000] {subprocess.py:86} INFO - Output:
[2026-02-13T21:23:22.207+0000] {subprocess.py:93} INFO - INFO:root:Reading transformed data...
[2026-02-13T21:23:23.128+0000] {subprocess.py:93} INFO - INFO:root:Index(['transactionno', 'date', 'productno', 'productname', 'price',
[2026-02-13T21:23:23.129+0000] {subprocess.py:93} INFO -        'quantity', 'customerno', 'country'],
[2026-02-13T21:23:23.129+0000] {subprocess.py:93} INFO -       dtype='object')
[2026-02-13T21:23:23.130+0000] {subprocess.py:93} INFO - INFO:root:Rows before validation: 531095
[2026-02-13T21:23:23.139+0000] {subprocess.py:93} INFO - ERROR:root:Validation Failed: Negative or zero quantity found.
[2026-02-13T21:23:23.226+0000] {subprocess.py:97} INFO - Command exited with return code 1
[2026-02-13T21:23:23.238+0000] {taskinstance.py:2698} ERROR - Task failed with exception
Traceback (most recent call last):
  File "/home/airflow/.local/lib/python3.8/site-packages/airflow/models/taskinstance.py", line 433, in _execute_task
    result = execute_callable(context=context, **execute_callable_kwargs)
  File "/home/airflow/.local/lib/python3.8/site-packages/airflow/operators/bash.py", line 212, in execute
    raise AirflowException(
airflow.exceptions.AirflowException: Bash command failed. The command returned a non-zero exit code 1.
[2026-02-13T21:23:23.242+0000] {taskinstance.py:1138} INFO - Marking task as FAILED. dag_id=etl_pipeline, task_id=validate, execution_date=20260213T212307, start_date=20260213T212321, end_date=20260213T212323
[2026-02-13T21:23:23.260+0000] {standard_task_runner.py:107} ERROR - Failed to execute job 47 for task validate (Bash command failed. The command returned a non-zero exit code 1.; 141)
[2026-02-13T21:23:23.308+0000] {local_task_job_runner.py:234} INFO - Task exited with return code 1
[2026-02-13T21:23:23.335+0000] {taskinstance.py:3280} INFO - 0 downstream tasks scheduled from follow-on schedule check
