[2026-02-13T21:02:39.097+0000] {taskinstance.py:1956} INFO - Dependencies all met for dep_context=non-requeueable deps ti=<TaskInstance: etl_pipeline.validate manual__2026-02-13T21:02:28.304561+00:00 [queued]>
[2026-02-13T21:02:39.106+0000] {taskinstance.py:1956} INFO - Dependencies all met for dep_context=requeueable deps ti=<TaskInstance: etl_pipeline.validate manual__2026-02-13T21:02:28.304561+00:00 [queued]>
[2026-02-13T21:02:39.107+0000] {taskinstance.py:2170} INFO - Starting attempt 1 of 1
[2026-02-13T21:02:39.117+0000] {taskinstance.py:2191} INFO - Executing <Task(BashOperator): validate> on 2026-02-13 21:02:28.304561+00:00
[2026-02-13T21:02:39.121+0000] {standard_task_runner.py:60} INFO - Started process 149 to run task
[2026-02-13T21:02:39.124+0000] {standard_task_runner.py:87} INFO - Running: ['***', 'tasks', 'run', 'etl_pipeline', 'validate', 'manual__2026-02-13T21:02:28.304561+00:00', '--job-id', '30', '--raw', '--subdir', 'DAGS_FOLDER/etl_pipeline.py', '--cfg-path', '/tmp/tmpxbqlyxp9']
[2026-02-13T21:02:39.126+0000] {standard_task_runner.py:88} INFO - Job 30: Subtask validate
[2026-02-13T21:02:39.190+0000] {task_command.py:423} INFO - Running <TaskInstance: etl_pipeline.validate manual__2026-02-13T21:02:28.304561+00:00 [running]> on host 3a232b38f9f6
[2026-02-13T21:02:39.255+0000] {taskinstance.py:2480} INFO - Exporting env vars: AIRFLOW_CTX_DAG_OWNER='***' AIRFLOW_CTX_DAG_ID='etl_pipeline' AIRFLOW_CTX_TASK_ID='validate' AIRFLOW_CTX_EXECUTION_DATE='2026-02-13T21:02:28.304561+00:00' AIRFLOW_CTX_TRY_NUMBER='1' AIRFLOW_CTX_DAG_RUN_ID='manual__2026-02-13T21:02:28.304561+00:00'
[2026-02-13T21:02:39.256+0000] {subprocess.py:63} INFO - Tmp dir root location: /tmp
[2026-02-13T21:02:39.257+0000] {subprocess.py:75} INFO - Running command: ['/usr/bin/bash', '-c', 'python /opt/***/dags/scripts/validate.py']
[2026-02-13T21:02:39.266+0000] {subprocess.py:86} INFO - Output:
[2026-02-13T21:02:40.040+0000] {subprocess.py:93} INFO - INFO:root:Reading transformed data...
[2026-02-13T21:02:40.050+0000] {subprocess.py:93} INFO - Traceback (most recent call last):
[2026-02-13T21:02:40.051+0000] {subprocess.py:93} INFO -   File "/opt/***/dags/scripts/validate.py", line 13, in <module>
[2026-02-13T21:02:40.053+0000] {subprocess.py:93} INFO -     df = pd.read_csv(csv_path)
[2026-02-13T21:02:40.054+0000] {subprocess.py:93} INFO -   File "/home/***/.local/lib/python3.8/site-packages/pandas/io/parsers/readers.py", line 912, in read_csv
[2026-02-13T21:02:40.055+0000] {subprocess.py:93} INFO -     return _read(filepath_or_buffer, kwds)
[2026-02-13T21:02:40.056+0000] {subprocess.py:93} INFO -   File "/home/***/.local/lib/python3.8/site-packages/pandas/io/parsers/readers.py", line 577, in _read
[2026-02-13T21:02:40.056+0000] {subprocess.py:93} INFO -     parser = TextFileReader(filepath_or_buffer, **kwds)
[2026-02-13T21:02:40.057+0000] {subprocess.py:93} INFO -   File "/home/***/.local/lib/python3.8/site-packages/pandas/io/parsers/readers.py", line 1407, in __init__
[2026-02-13T21:02:40.058+0000] {subprocess.py:93} INFO -     self._engine = self._make_engine(f, self.engine)
[2026-02-13T21:02:40.059+0000] {subprocess.py:93} INFO -   File "/home/***/.local/lib/python3.8/site-packages/pandas/io/parsers/readers.py", line 1661, in _make_engine
[2026-02-13T21:02:40.059+0000] {subprocess.py:93} INFO -     self.handles = get_handle(
[2026-02-13T21:02:40.060+0000] {subprocess.py:93} INFO -   File "/home/***/.local/lib/python3.8/site-packages/pandas/io/common.py", line 859, in get_handle
[2026-02-13T21:02:40.060+0000] {subprocess.py:93} INFO -     handle = open(
[2026-02-13T21:02:40.061+0000] {subprocess.py:93} INFO - FileNotFoundError: [Errno 2] No such file or directory: '/opt/***/dags/data/processed/cleaned_sales.csv'
[2026-02-13T21:02:40.147+0000] {subprocess.py:97} INFO - Command exited with return code 1
[2026-02-13T21:02:40.160+0000] {taskinstance.py:2698} ERROR - Task failed with exception
Traceback (most recent call last):
  File "/home/airflow/.local/lib/python3.8/site-packages/airflow/models/taskinstance.py", line 433, in _execute_task
    result = execute_callable(context=context, **execute_callable_kwargs)
  File "/home/airflow/.local/lib/python3.8/site-packages/airflow/operators/bash.py", line 212, in execute
    raise AirflowException(
airflow.exceptions.AirflowException: Bash command failed. The command returned a non-zero exit code 1.
[2026-02-13T21:02:40.163+0000] {taskinstance.py:1138} INFO - Marking task as FAILED. dag_id=etl_pipeline, task_id=validate, execution_date=20260213T210228, start_date=20260213T210239, end_date=20260213T210240
[2026-02-13T21:02:40.178+0000] {standard_task_runner.py:107} ERROR - Failed to execute job 30 for task validate (Bash command failed. The command returned a non-zero exit code 1.; 149)
[2026-02-13T21:02:40.224+0000] {local_task_job_runner.py:234} INFO - Task exited with return code 1
[2026-02-13T21:02:40.251+0000] {taskinstance.py:3280} INFO - 0 downstream tasks scheduled from follow-on schedule check
