[2026-02-14T03:07:05.729+0000] {taskinstance.py:1956} INFO - Dependencies all met for dep_context=non-requeueable deps ti=<TaskInstance: etl_pipeline.validate manual__2026-02-14T03:06:55.959163+00:00 [queued]>
[2026-02-14T03:07:05.740+0000] {taskinstance.py:1956} INFO - Dependencies all met for dep_context=requeueable deps ti=<TaskInstance: etl_pipeline.validate manual__2026-02-14T03:06:55.959163+00:00 [queued]>
[2026-02-14T03:07:05.741+0000] {taskinstance.py:2170} INFO - Starting attempt 1 of 1
[2026-02-14T03:07:05.758+0000] {taskinstance.py:2191} INFO - Executing <Task(BashOperator): validate> on 2026-02-14 03:06:55.959163+00:00
[2026-02-14T03:07:05.764+0000] {standard_task_runner.py:60} INFO - Started process 250 to run task
[2026-02-14T03:07:05.768+0000] {standard_task_runner.py:87} INFO - Running: ['***', 'tasks', 'run', 'etl_pipeline', 'validate', 'manual__2026-02-14T03:06:55.959163+00:00', '--job-id', '50', '--raw', '--subdir', 'DAGS_FOLDER/etl_pipeline.py', '--cfg-path', '/tmp/tmpcefgs16t']
[2026-02-14T03:07:05.770+0000] {standard_task_runner.py:88} INFO - Job 50: Subtask validate
[2026-02-14T03:07:05.848+0000] {task_command.py:423} INFO - Running <TaskInstance: etl_pipeline.validate manual__2026-02-14T03:06:55.959163+00:00 [running]> on host 51fe2258f27f
[2026-02-14T03:07:05.954+0000] {taskinstance.py:2480} INFO - Exporting env vars: AIRFLOW_CTX_DAG_OWNER='***' AIRFLOW_CTX_DAG_ID='etl_pipeline' AIRFLOW_CTX_TASK_ID='validate' AIRFLOW_CTX_EXECUTION_DATE='2026-02-14T03:06:55.959163+00:00' AIRFLOW_CTX_TRY_NUMBER='1' AIRFLOW_CTX_DAG_RUN_ID='manual__2026-02-14T03:06:55.959163+00:00'
[2026-02-14T03:07:05.957+0000] {subprocess.py:63} INFO - Tmp dir root location: /tmp
[2026-02-14T03:07:05.959+0000] {subprocess.py:75} INFO - Running command: ['/usr/bin/bash', '-c', 'python /opt/***/dags/scripts/validate.py']
[2026-02-14T03:07:05.975+0000] {subprocess.py:86} INFO - Output:
[2026-02-14T03:07:07.300+0000] {subprocess.py:93} INFO - INFO:root:Reading transformed data...
[2026-02-14T03:07:08.331+0000] {subprocess.py:93} INFO - INFO:root:Index(['transactionno', 'date', 'productno', 'productname', 'price',
[2026-02-14T03:07:08.332+0000] {subprocess.py:93} INFO -        'quantity', 'customerno', 'country'],
[2026-02-14T03:07:08.332+0000] {subprocess.py:93} INFO -       dtype='object')
[2026-02-14T03:07:08.333+0000] {subprocess.py:93} INFO - INFO:root:Rows before validation: 531095
[2026-02-14T03:07:08.346+0000] {subprocess.py:93} INFO - ERROR:root:Validation Failed: Negative or zero quantity found.
[2026-02-14T03:07:08.427+0000] {subprocess.py:97} INFO - Command exited with return code 1
[2026-02-14T03:07:08.439+0000] {taskinstance.py:2698} ERROR - Task failed with exception
Traceback (most recent call last):
  File "/home/airflow/.local/lib/python3.8/site-packages/airflow/models/taskinstance.py", line 433, in _execute_task
    result = execute_callable(context=context, **execute_callable_kwargs)
  File "/home/airflow/.local/lib/python3.8/site-packages/airflow/operators/bash.py", line 212, in execute
    raise AirflowException(
airflow.exceptions.AirflowException: Bash command failed. The command returned a non-zero exit code 1.
[2026-02-14T03:07:08.443+0000] {taskinstance.py:1138} INFO - Marking task as FAILED. dag_id=etl_pipeline, task_id=validate, execution_date=20260214T030655, start_date=20260214T030705, end_date=20260214T030708
[2026-02-14T03:07:08.462+0000] {standard_task_runner.py:107} ERROR - Failed to execute job 50 for task validate (Bash command failed. The command returned a non-zero exit code 1.; 250)
[2026-02-14T03:07:08.479+0000] {local_task_job_runner.py:234} INFO - Task exited with return code 1
[2026-02-14T03:07:08.503+0000] {taskinstance.py:3280} INFO - 0 downstream tasks scheduled from follow-on schedule check
