[2026-02-13T21:08:32.309+0000] {taskinstance.py:1956} INFO - Dependencies all met for dep_context=non-requeueable deps ti=<TaskInstance: etl_pipeline.validate manual__2026-02-13T21:08:22.743549+00:00 [queued]>
[2026-02-13T21:08:32.319+0000] {taskinstance.py:1956} INFO - Dependencies all met for dep_context=requeueable deps ti=<TaskInstance: etl_pipeline.validate manual__2026-02-13T21:08:22.743549+00:00 [queued]>
[2026-02-13T21:08:32.320+0000] {taskinstance.py:2170} INFO - Starting attempt 1 of 1
[2026-02-13T21:08:32.334+0000] {taskinstance.py:2191} INFO - Executing <Task(BashOperator): validate> on 2026-02-13 21:08:22.743549+00:00
[2026-02-13T21:08:32.339+0000] {standard_task_runner.py:60} INFO - Started process 116 to run task
[2026-02-13T21:08:32.342+0000] {standard_task_runner.py:87} INFO - Running: ['***', 'tasks', 'run', 'etl_pipeline', 'validate', 'manual__2026-02-13T21:08:22.743549+00:00', '--job-id', '35', '--raw', '--subdir', 'DAGS_FOLDER/etl_pipeline.py', '--cfg-path', '/tmp/tmpyin8yekn']
[2026-02-13T21:08:32.344+0000] {standard_task_runner.py:88} INFO - Job 35: Subtask validate
[2026-02-13T21:08:32.418+0000] {task_command.py:423} INFO - Running <TaskInstance: etl_pipeline.validate manual__2026-02-13T21:08:22.743549+00:00 [running]> on host aed83b872311
[2026-02-13T21:08:32.491+0000] {taskinstance.py:2480} INFO - Exporting env vars: AIRFLOW_CTX_DAG_OWNER='***' AIRFLOW_CTX_DAG_ID='etl_pipeline' AIRFLOW_CTX_TASK_ID='validate' AIRFLOW_CTX_EXECUTION_DATE='2026-02-13T21:08:22.743549+00:00' AIRFLOW_CTX_TRY_NUMBER='1' AIRFLOW_CTX_DAG_RUN_ID='manual__2026-02-13T21:08:22.743549+00:00'
[2026-02-13T21:08:32.493+0000] {subprocess.py:63} INFO - Tmp dir root location: /tmp
[2026-02-13T21:08:32.494+0000] {subprocess.py:75} INFO - Running command: ['/usr/bin/bash', '-c', 'python /opt/***/dags/scripts/validate.py']
[2026-02-13T21:08:32.503+0000] {subprocess.py:86} INFO - Output:
[2026-02-13T21:08:33.321+0000] {subprocess.py:93} INFO - INFO:root:Reading transformed data...
[2026-02-13T21:08:34.309+0000] {subprocess.py:93} INFO - INFO:root:Rows before validation: 531095
[2026-02-13T21:08:34.323+0000] {subprocess.py:93} INFO - Traceback (most recent call last):
[2026-02-13T21:08:34.324+0000] {subprocess.py:93} INFO -   File "/home/***/.local/lib/python3.8/site-packages/pandas/core/indexes/base.py", line 3653, in get_loc
[2026-02-13T21:08:34.326+0000] {subprocess.py:93} INFO -     return self._engine.get_loc(casted_key)
[2026-02-13T21:08:34.327+0000] {subprocess.py:93} INFO -   File "pandas/_libs/index.pyx", line 147, in pandas._libs.index.IndexEngine.get_loc
[2026-02-13T21:08:34.328+0000] {subprocess.py:93} INFO -   File "pandas/_libs/index.pyx", line 176, in pandas._libs.index.IndexEngine.get_loc
[2026-02-13T21:08:34.329+0000] {subprocess.py:93} INFO -   File "pandas/_libs/hashtable_class_helper.pxi", line 7080, in pandas._libs.hashtable.PyObjectHashTable.get_item
[2026-02-13T21:08:34.330+0000] {subprocess.py:93} INFO -   File "pandas/_libs/hashtable_class_helper.pxi", line 7088, in pandas._libs.hashtable.PyObjectHashTable.get_item
[2026-02-13T21:08:34.331+0000] {subprocess.py:93} INFO - KeyError: 'TransactionNo'
[2026-02-13T21:08:34.332+0000] {subprocess.py:93} INFO - 
[2026-02-13T21:08:34.333+0000] {subprocess.py:93} INFO - The above exception was the direct cause of the following exception:
[2026-02-13T21:08:34.333+0000] {subprocess.py:93} INFO - 
[2026-02-13T21:08:34.334+0000] {subprocess.py:93} INFO - Traceback (most recent call last):
[2026-02-13T21:08:34.335+0000] {subprocess.py:93} INFO -   File "/opt/***/dags/scripts/validate.py", line 20, in <module>
[2026-02-13T21:08:34.336+0000] {subprocess.py:93} INFO -     if df["TransactionNo"].isnull().any():
[2026-02-13T21:08:34.337+0000] {subprocess.py:93} INFO -   File "/home/***/.local/lib/python3.8/site-packages/pandas/core/frame.py", line 3761, in __getitem__
[2026-02-13T21:08:34.338+0000] {subprocess.py:93} INFO -     indexer = self.columns.get_loc(key)
[2026-02-13T21:08:34.339+0000] {subprocess.py:93} INFO -   File "/home/***/.local/lib/python3.8/site-packages/pandas/core/indexes/base.py", line 3655, in get_loc
[2026-02-13T21:08:34.339+0000] {subprocess.py:93} INFO -     raise KeyError(key) from err
[2026-02-13T21:08:34.340+0000] {subprocess.py:93} INFO - KeyError: 'TransactionNo'
[2026-02-13T21:08:34.439+0000] {subprocess.py:97} INFO - Command exited with return code 1
[2026-02-13T21:08:34.452+0000] {taskinstance.py:2698} ERROR - Task failed with exception
Traceback (most recent call last):
  File "/home/airflow/.local/lib/python3.8/site-packages/airflow/models/taskinstance.py", line 433, in _execute_task
    result = execute_callable(context=context, **execute_callable_kwargs)
  File "/home/airflow/.local/lib/python3.8/site-packages/airflow/operators/bash.py", line 212, in execute
    raise AirflowException(
airflow.exceptions.AirflowException: Bash command failed. The command returned a non-zero exit code 1.
[2026-02-13T21:08:34.455+0000] {taskinstance.py:1138} INFO - Marking task as FAILED. dag_id=etl_pipeline, task_id=validate, execution_date=20260213T210822, start_date=20260213T210832, end_date=20260213T210834
[2026-02-13T21:08:34.472+0000] {standard_task_runner.py:107} ERROR - Failed to execute job 35 for task validate (Bash command failed. The command returned a non-zero exit code 1.; 116)
[2026-02-13T21:08:34.487+0000] {local_task_job_runner.py:234} INFO - Task exited with return code 1
[2026-02-13T21:08:34.509+0000] {taskinstance.py:3280} INFO - 0 downstream tasks scheduled from follow-on schedule check
