[2026-02-13T20:59:45.726+0000] {processor.py:161} INFO - Started process (PID=72) to work on /opt/airflow/dags/scripts/validate.py
[2026-02-13T20:59:45.728+0000] {processor.py:830} INFO - Processing file /opt/airflow/dags/scripts/validate.py for tasks to queue
[2026-02-13T20:59:45.734+0000] {logging_mixin.py:188} INFO - [2026-02-13T20:59:45.733+0000] {dagbag.py:538} INFO - Filling up the DagBag from /opt/airflow/dags/scripts/validate.py
[2026-02-13T20:59:48.520+0000] {logging_mixin.py:188} INFO - [2026-02-13T20:59:48.519+0000] {validate.py:11} INFO - Reading transformed data...
[2026-02-13T20:59:48.543+0000] {logging_mixin.py:188} INFO - [2026-02-13T20:59:48.532+0000] {dagbag.py:348} ERROR - Failed to import: /opt/airflow/dags/scripts/validate.py
Traceback (most recent call last):
  File "/home/airflow/.local/lib/python3.8/site-packages/airflow/models/dagbag.py", line 344, in parse
    loader.exec_module(new_module)
  File "<frozen importlib._bootstrap_external>", line 843, in exec_module
  File "<frozen importlib._bootstrap>", line 219, in _call_with_frames_removed
  File "/opt/airflow/dags/scripts/validate.py", line 13, in <module>
    df = pd.read_csv(csv_path)
  File "/home/airflow/.local/lib/python3.8/site-packages/pandas/io/parsers/readers.py", line 912, in read_csv
    return _read(filepath_or_buffer, kwds)
  File "/home/airflow/.local/lib/python3.8/site-packages/pandas/io/parsers/readers.py", line 577, in _read
    parser = TextFileReader(filepath_or_buffer, **kwds)
  File "/home/airflow/.local/lib/python3.8/site-packages/pandas/io/parsers/readers.py", line 1407, in __init__
    self._engine = self._make_engine(f, self.engine)
  File "/home/airflow/.local/lib/python3.8/site-packages/pandas/io/parsers/readers.py", line 1661, in _make_engine
    self.handles = get_handle(
  File "/home/airflow/.local/lib/python3.8/site-packages/pandas/io/common.py", line 859, in get_handle
    handle = open(
FileNotFoundError: [Errno 2] No such file or directory: '/opt/airflow/dags/data/processed/cleaned_sales.csv'
[2026-02-13T20:59:48.544+0000] {processor.py:842} WARNING - No viable dags retrieved from /opt/airflow/dags/scripts/validate.py
[2026-02-13T20:59:48.588+0000] {processor.py:183} INFO - Processing /opt/airflow/dags/scripts/validate.py took 2.871 seconds
[2026-02-13T21:00:19.119+0000] {processor.py:161} INFO - Started process (PID=81) to work on /opt/airflow/dags/scripts/validate.py
[2026-02-13T21:00:19.121+0000] {processor.py:830} INFO - Processing file /opt/airflow/dags/scripts/validate.py for tasks to queue
[2026-02-13T21:00:19.123+0000] {logging_mixin.py:188} INFO - [2026-02-13T21:00:19.122+0000] {dagbag.py:538} INFO - Filling up the DagBag from /opt/airflow/dags/scripts/validate.py
[2026-02-13T21:00:19.380+0000] {logging_mixin.py:188} INFO - [2026-02-13T21:00:19.380+0000] {validate.py:11} INFO - Reading transformed data...
[2026-02-13T21:00:19.392+0000] {logging_mixin.py:188} INFO - [2026-02-13T21:00:19.385+0000] {dagbag.py:348} ERROR - Failed to import: /opt/airflow/dags/scripts/validate.py
Traceback (most recent call last):
  File "/home/airflow/.local/lib/python3.8/site-packages/airflow/models/dagbag.py", line 344, in parse
    loader.exec_module(new_module)
  File "<frozen importlib._bootstrap_external>", line 843, in exec_module
  File "<frozen importlib._bootstrap>", line 219, in _call_with_frames_removed
  File "/opt/airflow/dags/scripts/validate.py", line 13, in <module>
    df = pd.read_csv(csv_path)
  File "/home/airflow/.local/lib/python3.8/site-packages/pandas/io/parsers/readers.py", line 912, in read_csv
    return _read(filepath_or_buffer, kwds)
  File "/home/airflow/.local/lib/python3.8/site-packages/pandas/io/parsers/readers.py", line 577, in _read
    parser = TextFileReader(filepath_or_buffer, **kwds)
  File "/home/airflow/.local/lib/python3.8/site-packages/pandas/io/parsers/readers.py", line 1407, in __init__
    self._engine = self._make_engine(f, self.engine)
  File "/home/airflow/.local/lib/python3.8/site-packages/pandas/io/parsers/readers.py", line 1661, in _make_engine
    self.handles = get_handle(
  File "/home/airflow/.local/lib/python3.8/site-packages/pandas/io/common.py", line 859, in get_handle
    handle = open(
FileNotFoundError: [Errno 2] No such file or directory: '/opt/airflow/dags/data/processed/cleaned_sales.csv'
[2026-02-13T21:00:19.393+0000] {processor.py:842} WARNING - No viable dags retrieved from /opt/airflow/dags/scripts/validate.py
[2026-02-13T21:00:19.412+0000] {processor.py:183} INFO - Processing /opt/airflow/dags/scripts/validate.py took 0.295 seconds
[2026-02-13T21:00:49.561+0000] {processor.py:161} INFO - Started process (PID=90) to work on /opt/airflow/dags/scripts/validate.py
[2026-02-13T21:00:49.562+0000] {processor.py:830} INFO - Processing file /opt/airflow/dags/scripts/validate.py for tasks to queue
[2026-02-13T21:00:49.564+0000] {logging_mixin.py:188} INFO - [2026-02-13T21:00:49.564+0000] {dagbag.py:538} INFO - Filling up the DagBag from /opt/airflow/dags/scripts/validate.py
[2026-02-13T21:00:49.797+0000] {logging_mixin.py:188} INFO - [2026-02-13T21:00:49.797+0000] {validate.py:11} INFO - Reading transformed data...
[2026-02-13T21:00:49.810+0000] {logging_mixin.py:188} INFO - [2026-02-13T21:00:49.803+0000] {dagbag.py:348} ERROR - Failed to import: /opt/airflow/dags/scripts/validate.py
Traceback (most recent call last):
  File "/home/airflow/.local/lib/python3.8/site-packages/airflow/models/dagbag.py", line 344, in parse
    loader.exec_module(new_module)
  File "<frozen importlib._bootstrap_external>", line 843, in exec_module
  File "<frozen importlib._bootstrap>", line 219, in _call_with_frames_removed
  File "/opt/airflow/dags/scripts/validate.py", line 13, in <module>
    df = pd.read_csv(csv_path)
  File "/home/airflow/.local/lib/python3.8/site-packages/pandas/io/parsers/readers.py", line 912, in read_csv
    return _read(filepath_or_buffer, kwds)
  File "/home/airflow/.local/lib/python3.8/site-packages/pandas/io/parsers/readers.py", line 577, in _read
    parser = TextFileReader(filepath_or_buffer, **kwds)
  File "/home/airflow/.local/lib/python3.8/site-packages/pandas/io/parsers/readers.py", line 1407, in __init__
    self._engine = self._make_engine(f, self.engine)
  File "/home/airflow/.local/lib/python3.8/site-packages/pandas/io/parsers/readers.py", line 1661, in _make_engine
    self.handles = get_handle(
  File "/home/airflow/.local/lib/python3.8/site-packages/pandas/io/common.py", line 859, in get_handle
    handle = open(
FileNotFoundError: [Errno 2] No such file or directory: '/opt/airflow/dags/data/processed/cleaned_sales.csv'
[2026-02-13T21:00:49.811+0000] {processor.py:842} WARNING - No viable dags retrieved from /opt/airflow/dags/scripts/validate.py
[2026-02-13T21:00:49.829+0000] {processor.py:183} INFO - Processing /opt/airflow/dags/scripts/validate.py took 0.271 seconds
[2026-02-13T21:01:19.908+0000] {processor.py:161} INFO - Started process (PID=98) to work on /opt/airflow/dags/scripts/validate.py
[2026-02-13T21:01:19.910+0000] {processor.py:830} INFO - Processing file /opt/airflow/dags/scripts/validate.py for tasks to queue
[2026-02-13T21:01:19.913+0000] {logging_mixin.py:188} INFO - [2026-02-13T21:01:19.913+0000] {dagbag.py:538} INFO - Filling up the DagBag from /opt/airflow/dags/scripts/validate.py
[2026-02-13T21:01:20.172+0000] {logging_mixin.py:188} INFO - [2026-02-13T21:01:20.172+0000] {validate.py:11} INFO - Reading transformed data...
[2026-02-13T21:01:20.185+0000] {logging_mixin.py:188} INFO - [2026-02-13T21:01:20.179+0000] {dagbag.py:348} ERROR - Failed to import: /opt/airflow/dags/scripts/validate.py
Traceback (most recent call last):
  File "/home/airflow/.local/lib/python3.8/site-packages/airflow/models/dagbag.py", line 344, in parse
    loader.exec_module(new_module)
  File "<frozen importlib._bootstrap_external>", line 843, in exec_module
  File "<frozen importlib._bootstrap>", line 219, in _call_with_frames_removed
  File "/opt/airflow/dags/scripts/validate.py", line 13, in <module>
    df = pd.read_csv(csv_path)
  File "/home/airflow/.local/lib/python3.8/site-packages/pandas/io/parsers/readers.py", line 912, in read_csv
    return _read(filepath_or_buffer, kwds)
  File "/home/airflow/.local/lib/python3.8/site-packages/pandas/io/parsers/readers.py", line 577, in _read
    parser = TextFileReader(filepath_or_buffer, **kwds)
  File "/home/airflow/.local/lib/python3.8/site-packages/pandas/io/parsers/readers.py", line 1407, in __init__
    self._engine = self._make_engine(f, self.engine)
  File "/home/airflow/.local/lib/python3.8/site-packages/pandas/io/parsers/readers.py", line 1661, in _make_engine
    self.handles = get_handle(
  File "/home/airflow/.local/lib/python3.8/site-packages/pandas/io/common.py", line 859, in get_handle
    handle = open(
FileNotFoundError: [Errno 2] No such file or directory: '/opt/airflow/dags/data/processed/cleaned_sales.csv'
[2026-02-13T21:01:20.186+0000] {processor.py:842} WARNING - No viable dags retrieved from /opt/airflow/dags/scripts/validate.py
[2026-02-13T21:01:20.209+0000] {processor.py:183} INFO - Processing /opt/airflow/dags/scripts/validate.py took 0.305 seconds
[2026-02-13T21:01:50.370+0000] {processor.py:161} INFO - Started process (PID=113) to work on /opt/airflow/dags/scripts/validate.py
[2026-02-13T21:01:50.371+0000] {processor.py:830} INFO - Processing file /opt/airflow/dags/scripts/validate.py for tasks to queue
[2026-02-13T21:01:50.373+0000] {logging_mixin.py:188} INFO - [2026-02-13T21:01:50.373+0000] {dagbag.py:538} INFO - Filling up the DagBag from /opt/airflow/dags/scripts/validate.py
[2026-02-13T21:01:50.588+0000] {logging_mixin.py:188} INFO - [2026-02-13T21:01:50.587+0000] {validate.py:11} INFO - Reading transformed data...
[2026-02-13T21:01:50.601+0000] {logging_mixin.py:188} INFO - [2026-02-13T21:01:50.595+0000] {dagbag.py:348} ERROR - Failed to import: /opt/airflow/dags/scripts/validate.py
Traceback (most recent call last):
  File "/home/airflow/.local/lib/python3.8/site-packages/airflow/models/dagbag.py", line 344, in parse
    loader.exec_module(new_module)
  File "<frozen importlib._bootstrap_external>", line 843, in exec_module
  File "<frozen importlib._bootstrap>", line 219, in _call_with_frames_removed
  File "/opt/airflow/dags/scripts/validate.py", line 13, in <module>
    df = pd.read_csv(csv_path)
  File "/home/airflow/.local/lib/python3.8/site-packages/pandas/io/parsers/readers.py", line 912, in read_csv
    return _read(filepath_or_buffer, kwds)
  File "/home/airflow/.local/lib/python3.8/site-packages/pandas/io/parsers/readers.py", line 577, in _read
    parser = TextFileReader(filepath_or_buffer, **kwds)
  File "/home/airflow/.local/lib/python3.8/site-packages/pandas/io/parsers/readers.py", line 1407, in __init__
    self._engine = self._make_engine(f, self.engine)
  File "/home/airflow/.local/lib/python3.8/site-packages/pandas/io/parsers/readers.py", line 1661, in _make_engine
    self.handles = get_handle(
  File "/home/airflow/.local/lib/python3.8/site-packages/pandas/io/common.py", line 859, in get_handle
    handle = open(
FileNotFoundError: [Errno 2] No such file or directory: '/opt/airflow/dags/data/processed/cleaned_sales.csv'
[2026-02-13T21:01:50.602+0000] {processor.py:842} WARNING - No viable dags retrieved from /opt/airflow/dags/scripts/validate.py
[2026-02-13T21:01:50.626+0000] {processor.py:183} INFO - Processing /opt/airflow/dags/scripts/validate.py took 0.258 seconds
[2026-02-13T21:02:20.673+0000] {processor.py:161} INFO - Started process (PID=122) to work on /opt/airflow/dags/scripts/validate.py
[2026-02-13T21:02:20.674+0000] {processor.py:830} INFO - Processing file /opt/airflow/dags/scripts/validate.py for tasks to queue
[2026-02-13T21:02:20.676+0000] {logging_mixin.py:188} INFO - [2026-02-13T21:02:20.676+0000] {dagbag.py:538} INFO - Filling up the DagBag from /opt/airflow/dags/scripts/validate.py
[2026-02-13T21:02:20.884+0000] {logging_mixin.py:188} INFO - [2026-02-13T21:02:20.884+0000] {validate.py:11} INFO - Reading transformed data...
[2026-02-13T21:02:20.893+0000] {logging_mixin.py:188} INFO - [2026-02-13T21:02:20.888+0000] {dagbag.py:348} ERROR - Failed to import: /opt/airflow/dags/scripts/validate.py
Traceback (most recent call last):
  File "/home/airflow/.local/lib/python3.8/site-packages/airflow/models/dagbag.py", line 344, in parse
    loader.exec_module(new_module)
  File "<frozen importlib._bootstrap_external>", line 843, in exec_module
  File "<frozen importlib._bootstrap>", line 219, in _call_with_frames_removed
  File "/opt/airflow/dags/scripts/validate.py", line 13, in <module>
    df = pd.read_csv(csv_path)
  File "/home/airflow/.local/lib/python3.8/site-packages/pandas/io/parsers/readers.py", line 912, in read_csv
    return _read(filepath_or_buffer, kwds)
  File "/home/airflow/.local/lib/python3.8/site-packages/pandas/io/parsers/readers.py", line 577, in _read
    parser = TextFileReader(filepath_or_buffer, **kwds)
  File "/home/airflow/.local/lib/python3.8/site-packages/pandas/io/parsers/readers.py", line 1407, in __init__
    self._engine = self._make_engine(f, self.engine)
  File "/home/airflow/.local/lib/python3.8/site-packages/pandas/io/parsers/readers.py", line 1661, in _make_engine
    self.handles = get_handle(
  File "/home/airflow/.local/lib/python3.8/site-packages/pandas/io/common.py", line 859, in get_handle
    handle = open(
FileNotFoundError: [Errno 2] No such file or directory: '/opt/airflow/dags/data/processed/cleaned_sales.csv'
[2026-02-13T21:02:20.893+0000] {processor.py:842} WARNING - No viable dags retrieved from /opt/airflow/dags/scripts/validate.py
[2026-02-13T21:02:20.908+0000] {processor.py:183} INFO - Processing /opt/airflow/dags/scripts/validate.py took 0.238 seconds
[2026-02-13T21:02:51.056+0000] {processor.py:161} INFO - Started process (PID=131) to work on /opt/airflow/dags/scripts/validate.py
[2026-02-13T21:02:51.058+0000] {processor.py:830} INFO - Processing file /opt/airflow/dags/scripts/validate.py for tasks to queue
[2026-02-13T21:02:51.061+0000] {logging_mixin.py:188} INFO - [2026-02-13T21:02:51.061+0000] {dagbag.py:538} INFO - Filling up the DagBag from /opt/airflow/dags/scripts/validate.py
[2026-02-13T21:02:51.322+0000] {logging_mixin.py:188} INFO - [2026-02-13T21:02:51.321+0000] {validate.py:11} INFO - Reading transformed data...
[2026-02-13T21:02:51.335+0000] {logging_mixin.py:188} INFO - [2026-02-13T21:02:51.327+0000] {dagbag.py:348} ERROR - Failed to import: /opt/airflow/dags/scripts/validate.py
Traceback (most recent call last):
  File "/home/airflow/.local/lib/python3.8/site-packages/airflow/models/dagbag.py", line 344, in parse
    loader.exec_module(new_module)
  File "<frozen importlib._bootstrap_external>", line 843, in exec_module
  File "<frozen importlib._bootstrap>", line 219, in _call_with_frames_removed
  File "/opt/airflow/dags/scripts/validate.py", line 13, in <module>
    df = pd.read_csv(csv_path)
  File "/home/airflow/.local/lib/python3.8/site-packages/pandas/io/parsers/readers.py", line 912, in read_csv
    return _read(filepath_or_buffer, kwds)
  File "/home/airflow/.local/lib/python3.8/site-packages/pandas/io/parsers/readers.py", line 577, in _read
    parser = TextFileReader(filepath_or_buffer, **kwds)
  File "/home/airflow/.local/lib/python3.8/site-packages/pandas/io/parsers/readers.py", line 1407, in __init__
    self._engine = self._make_engine(f, self.engine)
  File "/home/airflow/.local/lib/python3.8/site-packages/pandas/io/parsers/readers.py", line 1661, in _make_engine
    self.handles = get_handle(
  File "/home/airflow/.local/lib/python3.8/site-packages/pandas/io/common.py", line 859, in get_handle
    handle = open(
FileNotFoundError: [Errno 2] No such file or directory: '/opt/airflow/dags/data/processed/cleaned_sales.csv'
[2026-02-13T21:02:51.336+0000] {processor.py:842} WARNING - No viable dags retrieved from /opt/airflow/dags/scripts/validate.py
[2026-02-13T21:02:51.358+0000] {processor.py:183} INFO - Processing /opt/airflow/dags/scripts/validate.py took 0.304 seconds
[2026-02-13T21:03:21.475+0000] {processor.py:161} INFO - Started process (PID=140) to work on /opt/airflow/dags/scripts/validate.py
[2026-02-13T21:03:21.478+0000] {processor.py:830} INFO - Processing file /opt/airflow/dags/scripts/validate.py for tasks to queue
[2026-02-13T21:03:21.480+0000] {logging_mixin.py:188} INFO - [2026-02-13T21:03:21.480+0000] {dagbag.py:538} INFO - Filling up the DagBag from /opt/airflow/dags/scripts/validate.py
[2026-02-13T21:03:21.847+0000] {logging_mixin.py:188} INFO - [2026-02-13T21:03:21.847+0000] {validate.py:11} INFO - Reading transformed data...
[2026-02-13T21:03:21.863+0000] {logging_mixin.py:188} INFO - [2026-02-13T21:03:21.853+0000] {dagbag.py:348} ERROR - Failed to import: /opt/airflow/dags/scripts/validate.py
Traceback (most recent call last):
  File "/home/airflow/.local/lib/python3.8/site-packages/airflow/models/dagbag.py", line 344, in parse
    loader.exec_module(new_module)
  File "<frozen importlib._bootstrap_external>", line 843, in exec_module
  File "<frozen importlib._bootstrap>", line 219, in _call_with_frames_removed
  File "/opt/airflow/dags/scripts/validate.py", line 13, in <module>
    df = pd.read_csv(csv_path)
  File "/home/airflow/.local/lib/python3.8/site-packages/pandas/io/parsers/readers.py", line 912, in read_csv
    return _read(filepath_or_buffer, kwds)
  File "/home/airflow/.local/lib/python3.8/site-packages/pandas/io/parsers/readers.py", line 577, in _read
    parser = TextFileReader(filepath_or_buffer, **kwds)
  File "/home/airflow/.local/lib/python3.8/site-packages/pandas/io/parsers/readers.py", line 1407, in __init__
    self._engine = self._make_engine(f, self.engine)
  File "/home/airflow/.local/lib/python3.8/site-packages/pandas/io/parsers/readers.py", line 1661, in _make_engine
    self.handles = get_handle(
  File "/home/airflow/.local/lib/python3.8/site-packages/pandas/io/common.py", line 859, in get_handle
    handle = open(
FileNotFoundError: [Errno 2] No such file or directory: '/opt/airflow/dags/data/processed/cleaned_sales.csv'
[2026-02-13T21:03:21.865+0000] {processor.py:842} WARNING - No viable dags retrieved from /opt/airflow/dags/scripts/validate.py
[2026-02-13T21:03:21.900+0000] {processor.py:183} INFO - Processing /opt/airflow/dags/scripts/validate.py took 0.429 seconds
[2026-02-13T21:03:52.071+0000] {processor.py:161} INFO - Started process (PID=149) to work on /opt/airflow/dags/scripts/validate.py
[2026-02-13T21:03:52.072+0000] {processor.py:830} INFO - Processing file /opt/airflow/dags/scripts/validate.py for tasks to queue
[2026-02-13T21:03:52.074+0000] {logging_mixin.py:188} INFO - [2026-02-13T21:03:52.073+0000] {dagbag.py:538} INFO - Filling up the DagBag from /opt/airflow/dags/scripts/validate.py
[2026-02-13T21:03:52.298+0000] {logging_mixin.py:188} INFO - [2026-02-13T21:03:52.298+0000] {validate.py:11} INFO - Reading transformed data...
[2026-02-13T21:03:52.308+0000] {logging_mixin.py:188} INFO - [2026-02-13T21:03:52.303+0000] {dagbag.py:348} ERROR - Failed to import: /opt/airflow/dags/scripts/validate.py
Traceback (most recent call last):
  File "/home/airflow/.local/lib/python3.8/site-packages/airflow/models/dagbag.py", line 344, in parse
    loader.exec_module(new_module)
  File "<frozen importlib._bootstrap_external>", line 843, in exec_module
  File "<frozen importlib._bootstrap>", line 219, in _call_with_frames_removed
  File "/opt/airflow/dags/scripts/validate.py", line 13, in <module>
    df = pd.read_csv(csv_path)
  File "/home/airflow/.local/lib/python3.8/site-packages/pandas/io/parsers/readers.py", line 912, in read_csv
    return _read(filepath_or_buffer, kwds)
  File "/home/airflow/.local/lib/python3.8/site-packages/pandas/io/parsers/readers.py", line 577, in _read
    parser = TextFileReader(filepath_or_buffer, **kwds)
  File "/home/airflow/.local/lib/python3.8/site-packages/pandas/io/parsers/readers.py", line 1407, in __init__
    self._engine = self._make_engine(f, self.engine)
  File "/home/airflow/.local/lib/python3.8/site-packages/pandas/io/parsers/readers.py", line 1661, in _make_engine
    self.handles = get_handle(
  File "/home/airflow/.local/lib/python3.8/site-packages/pandas/io/common.py", line 859, in get_handle
    handle = open(
FileNotFoundError: [Errno 2] No such file or directory: '/opt/airflow/dags/data/processed/cleaned_sales.csv'
[2026-02-13T21:03:52.309+0000] {processor.py:842} WARNING - No viable dags retrieved from /opt/airflow/dags/scripts/validate.py
[2026-02-13T21:03:52.327+0000] {processor.py:183} INFO - Processing /opt/airflow/dags/scripts/validate.py took 0.260 seconds
[2026-02-13T21:04:22.400+0000] {processor.py:161} INFO - Started process (PID=158) to work on /opt/airflow/dags/scripts/validate.py
[2026-02-13T21:04:22.401+0000] {processor.py:830} INFO - Processing file /opt/airflow/dags/scripts/validate.py for tasks to queue
[2026-02-13T21:04:22.403+0000] {logging_mixin.py:188} INFO - [2026-02-13T21:04:22.403+0000] {dagbag.py:538} INFO - Filling up the DagBag from /opt/airflow/dags/scripts/validate.py
[2026-02-13T21:04:22.670+0000] {logging_mixin.py:188} INFO - [2026-02-13T21:04:22.669+0000] {validate.py:11} INFO - Reading transformed data...
[2026-02-13T21:04:22.678+0000] {logging_mixin.py:188} INFO - [2026-02-13T21:04:22.673+0000] {dagbag.py:348} ERROR - Failed to import: /opt/airflow/dags/scripts/validate.py
Traceback (most recent call last):
  File "/home/airflow/.local/lib/python3.8/site-packages/airflow/models/dagbag.py", line 344, in parse
    loader.exec_module(new_module)
  File "<frozen importlib._bootstrap_external>", line 843, in exec_module
  File "<frozen importlib._bootstrap>", line 219, in _call_with_frames_removed
  File "/opt/airflow/dags/scripts/validate.py", line 13, in <module>
    df = pd.read_csv(csv_path)
  File "/home/airflow/.local/lib/python3.8/site-packages/pandas/io/parsers/readers.py", line 912, in read_csv
    return _read(filepath_or_buffer, kwds)
  File "/home/airflow/.local/lib/python3.8/site-packages/pandas/io/parsers/readers.py", line 577, in _read
    parser = TextFileReader(filepath_or_buffer, **kwds)
  File "/home/airflow/.local/lib/python3.8/site-packages/pandas/io/parsers/readers.py", line 1407, in __init__
    self._engine = self._make_engine(f, self.engine)
  File "/home/airflow/.local/lib/python3.8/site-packages/pandas/io/parsers/readers.py", line 1661, in _make_engine
    self.handles = get_handle(
  File "/home/airflow/.local/lib/python3.8/site-packages/pandas/io/common.py", line 859, in get_handle
    handle = open(
FileNotFoundError: [Errno 2] No such file or directory: '/opt/airflow/dags/data/processed/cleaned_sales.csv'
[2026-02-13T21:04:22.679+0000] {processor.py:842} WARNING - No viable dags retrieved from /opt/airflow/dags/scripts/validate.py
[2026-02-13T21:04:22.700+0000] {processor.py:183} INFO - Processing /opt/airflow/dags/scripts/validate.py took 0.304 seconds
[2026-02-13T21:04:53.068+0000] {processor.py:161} INFO - Started process (PID=168) to work on /opt/airflow/dags/scripts/validate.py
[2026-02-13T21:04:53.069+0000] {processor.py:830} INFO - Processing file /opt/airflow/dags/scripts/validate.py for tasks to queue
[2026-02-13T21:04:53.074+0000] {logging_mixin.py:188} INFO - [2026-02-13T21:04:53.073+0000] {dagbag.py:538} INFO - Filling up the DagBag from /opt/airflow/dags/scripts/validate.py
[2026-02-13T21:04:53.423+0000] {logging_mixin.py:188} INFO - [2026-02-13T21:04:53.423+0000] {validate.py:11} INFO - Reading transformed data...
[2026-02-13T21:04:53.438+0000] {logging_mixin.py:188} INFO - [2026-02-13T21:04:53.429+0000] {dagbag.py:348} ERROR - Failed to import: /opt/airflow/dags/scripts/validate.py
Traceback (most recent call last):
  File "/home/airflow/.local/lib/python3.8/site-packages/airflow/models/dagbag.py", line 344, in parse
    loader.exec_module(new_module)
  File "<frozen importlib._bootstrap_external>", line 843, in exec_module
  File "<frozen importlib._bootstrap>", line 219, in _call_with_frames_removed
  File "/opt/airflow/dags/scripts/validate.py", line 13, in <module>
    df = pd.read_csv(csv_path)
  File "/home/airflow/.local/lib/python3.8/site-packages/pandas/io/parsers/readers.py", line 912, in read_csv
    return _read(filepath_or_buffer, kwds)
  File "/home/airflow/.local/lib/python3.8/site-packages/pandas/io/parsers/readers.py", line 577, in _read
    parser = TextFileReader(filepath_or_buffer, **kwds)
  File "/home/airflow/.local/lib/python3.8/site-packages/pandas/io/parsers/readers.py", line 1407, in __init__
    self._engine = self._make_engine(f, self.engine)
  File "/home/airflow/.local/lib/python3.8/site-packages/pandas/io/parsers/readers.py", line 1661, in _make_engine
    self.handles = get_handle(
  File "/home/airflow/.local/lib/python3.8/site-packages/pandas/io/common.py", line 859, in get_handle
    handle = open(
FileNotFoundError: [Errno 2] No such file or directory: '/opt/airflow/dags/data/processed/cleaned_sales.csv'
[2026-02-13T21:04:53.439+0000] {processor.py:842} WARNING - No viable dags retrieved from /opt/airflow/dags/scripts/validate.py
[2026-02-13T21:04:53.470+0000] {processor.py:183} INFO - Processing /opt/airflow/dags/scripts/validate.py took 0.408 seconds
[2026-02-13T21:05:23.640+0000] {processor.py:161} INFO - Started process (PID=177) to work on /opt/airflow/dags/scripts/validate.py
[2026-02-13T21:05:23.646+0000] {processor.py:830} INFO - Processing file /opt/airflow/dags/scripts/validate.py for tasks to queue
[2026-02-13T21:05:23.648+0000] {logging_mixin.py:188} INFO - [2026-02-13T21:05:23.648+0000] {dagbag.py:538} INFO - Filling up the DagBag from /opt/airflow/dags/scripts/validate.py
[2026-02-13T21:05:23.878+0000] {logging_mixin.py:188} INFO - [2026-02-13T21:05:23.878+0000] {validate.py:11} INFO - Reading transformed data...
[2026-02-13T21:05:23.889+0000] {logging_mixin.py:188} INFO - [2026-02-13T21:05:23.884+0000] {dagbag.py:348} ERROR - Failed to import: /opt/airflow/dags/scripts/validate.py
Traceback (most recent call last):
  File "/home/airflow/.local/lib/python3.8/site-packages/airflow/models/dagbag.py", line 344, in parse
    loader.exec_module(new_module)
  File "<frozen importlib._bootstrap_external>", line 843, in exec_module
  File "<frozen importlib._bootstrap>", line 219, in _call_with_frames_removed
  File "/opt/airflow/dags/scripts/validate.py", line 13, in <module>
    df = pd.read_csv(csv_path)
  File "/home/airflow/.local/lib/python3.8/site-packages/pandas/io/parsers/readers.py", line 912, in read_csv
    return _read(filepath_or_buffer, kwds)
  File "/home/airflow/.local/lib/python3.8/site-packages/pandas/io/parsers/readers.py", line 577, in _read
    parser = TextFileReader(filepath_or_buffer, **kwds)
  File "/home/airflow/.local/lib/python3.8/site-packages/pandas/io/parsers/readers.py", line 1407, in __init__
    self._engine = self._make_engine(f, self.engine)
  File "/home/airflow/.local/lib/python3.8/site-packages/pandas/io/parsers/readers.py", line 1661, in _make_engine
    self.handles = get_handle(
  File "/home/airflow/.local/lib/python3.8/site-packages/pandas/io/common.py", line 859, in get_handle
    handle = open(
FileNotFoundError: [Errno 2] No such file or directory: '/opt/airflow/dags/data/processed/cleaned_sales.csv'
[2026-02-13T21:05:23.890+0000] {processor.py:842} WARNING - No viable dags retrieved from /opt/airflow/dags/scripts/validate.py
[2026-02-13T21:05:23.912+0000] {processor.py:183} INFO - Processing /opt/airflow/dags/scripts/validate.py took 0.275 seconds
[2026-02-13T21:05:54.161+0000] {processor.py:161} INFO - Started process (PID=186) to work on /opt/airflow/dags/scripts/validate.py
[2026-02-13T21:05:54.163+0000] {processor.py:830} INFO - Processing file /opt/airflow/dags/scripts/validate.py for tasks to queue
[2026-02-13T21:05:54.166+0000] {logging_mixin.py:188} INFO - [2026-02-13T21:05:54.166+0000] {dagbag.py:538} INFO - Filling up the DagBag from /opt/airflow/dags/scripts/validate.py
[2026-02-13T21:05:54.463+0000] {logging_mixin.py:188} INFO - [2026-02-13T21:05:54.463+0000] {validate.py:11} INFO - Reading transformed data...
[2026-02-13T21:05:54.481+0000] {logging_mixin.py:188} INFO - [2026-02-13T21:05:54.469+0000] {dagbag.py:348} ERROR - Failed to import: /opt/airflow/dags/scripts/validate.py
Traceback (most recent call last):
  File "/home/airflow/.local/lib/python3.8/site-packages/airflow/models/dagbag.py", line 344, in parse
    loader.exec_module(new_module)
  File "<frozen importlib._bootstrap_external>", line 843, in exec_module
  File "<frozen importlib._bootstrap>", line 219, in _call_with_frames_removed
  File "/opt/airflow/dags/scripts/validate.py", line 13, in <module>
    df = pd.read_csv(csv_path)
  File "/home/airflow/.local/lib/python3.8/site-packages/pandas/io/parsers/readers.py", line 912, in read_csv
    return _read(filepath_or_buffer, kwds)
  File "/home/airflow/.local/lib/python3.8/site-packages/pandas/io/parsers/readers.py", line 577, in _read
    parser = TextFileReader(filepath_or_buffer, **kwds)
  File "/home/airflow/.local/lib/python3.8/site-packages/pandas/io/parsers/readers.py", line 1407, in __init__
    self._engine = self._make_engine(f, self.engine)
  File "/home/airflow/.local/lib/python3.8/site-packages/pandas/io/parsers/readers.py", line 1661, in _make_engine
    self.handles = get_handle(
  File "/home/airflow/.local/lib/python3.8/site-packages/pandas/io/common.py", line 859, in get_handle
    handle = open(
FileNotFoundError: [Errno 2] No such file or directory: '/opt/airflow/dags/data/processed/cleaned_sales.csv'
[2026-02-13T21:05:54.482+0000] {processor.py:842} WARNING - No viable dags retrieved from /opt/airflow/dags/scripts/validate.py
[2026-02-13T21:05:54.511+0000] {processor.py:183} INFO - Processing /opt/airflow/dags/scripts/validate.py took 0.354 seconds
[2026-02-13T21:06:24.598+0000] {processor.py:161} INFO - Started process (PID=195) to work on /opt/airflow/dags/scripts/validate.py
[2026-02-13T21:06:24.600+0000] {processor.py:830} INFO - Processing file /opt/airflow/dags/scripts/validate.py for tasks to queue
[2026-02-13T21:06:24.602+0000] {logging_mixin.py:188} INFO - [2026-02-13T21:06:24.602+0000] {dagbag.py:538} INFO - Filling up the DagBag from /opt/airflow/dags/scripts/validate.py
[2026-02-13T21:06:24.892+0000] {logging_mixin.py:188} INFO - [2026-02-13T21:06:24.892+0000] {validate.py:11} INFO - Reading transformed data...
[2026-02-13T21:06:24.903+0000] {logging_mixin.py:188} INFO - [2026-02-13T21:06:24.896+0000] {dagbag.py:348} ERROR - Failed to import: /opt/airflow/dags/scripts/validate.py
Traceback (most recent call last):
  File "/home/airflow/.local/lib/python3.8/site-packages/airflow/models/dagbag.py", line 344, in parse
    loader.exec_module(new_module)
  File "<frozen importlib._bootstrap_external>", line 843, in exec_module
  File "<frozen importlib._bootstrap>", line 219, in _call_with_frames_removed
  File "/opt/airflow/dags/scripts/validate.py", line 13, in <module>
    df = pd.read_csv(csv_path)
  File "/home/airflow/.local/lib/python3.8/site-packages/pandas/io/parsers/readers.py", line 912, in read_csv
    return _read(filepath_or_buffer, kwds)
  File "/home/airflow/.local/lib/python3.8/site-packages/pandas/io/parsers/readers.py", line 577, in _read
    parser = TextFileReader(filepath_or_buffer, **kwds)
  File "/home/airflow/.local/lib/python3.8/site-packages/pandas/io/parsers/readers.py", line 1407, in __init__
    self._engine = self._make_engine(f, self.engine)
  File "/home/airflow/.local/lib/python3.8/site-packages/pandas/io/parsers/readers.py", line 1661, in _make_engine
    self.handles = get_handle(
  File "/home/airflow/.local/lib/python3.8/site-packages/pandas/io/common.py", line 859, in get_handle
    handle = open(
FileNotFoundError: [Errno 2] No such file or directory: '/opt/airflow/dags/data/processed/cleaned_sales.csv'
[2026-02-13T21:06:24.904+0000] {processor.py:842} WARNING - No viable dags retrieved from /opt/airflow/dags/scripts/validate.py
[2026-02-13T21:06:24.924+0000] {processor.py:183} INFO - Processing /opt/airflow/dags/scripts/validate.py took 0.330 seconds
[2026-02-13T21:06:43.161+0000] {processor.py:161} INFO - Started process (PID=197) to work on /opt/airflow/dags/scripts/validate.py
[2026-02-13T21:06:43.163+0000] {processor.py:830} INFO - Processing file /opt/airflow/dags/scripts/validate.py for tasks to queue
[2026-02-13T21:06:43.166+0000] {logging_mixin.py:188} INFO - [2026-02-13T21:06:43.165+0000] {dagbag.py:538} INFO - Filling up the DagBag from /opt/airflow/dags/scripts/validate.py
[2026-02-13T21:06:43.431+0000] {logging_mixin.py:188} INFO - [2026-02-13T21:06:43.431+0000] {validate.py:11} INFO - Reading transformed data...
[2026-02-13T21:06:44.271+0000] {logging_mixin.py:188} INFO - [2026-02-13T21:06:44.271+0000] {validate.py:15} INFO - Rows before validation: 531095
[2026-02-13T21:06:44.282+0000] {logging_mixin.py:188} INFO - [2026-02-13T21:06:44.272+0000] {dagbag.py:348} ERROR - Failed to import: /opt/airflow/dags/scripts/validate.py
Traceback (most recent call last):
  File "/home/airflow/.local/lib/python3.8/site-packages/pandas/core/indexes/base.py", line 3653, in get_loc
    return self._engine.get_loc(casted_key)
  File "pandas/_libs/index.pyx", line 147, in pandas._libs.index.IndexEngine.get_loc
  File "pandas/_libs/index.pyx", line 176, in pandas._libs.index.IndexEngine.get_loc
  File "pandas/_libs/hashtable_class_helper.pxi", line 7080, in pandas._libs.hashtable.PyObjectHashTable.get_item
  File "pandas/_libs/hashtable_class_helper.pxi", line 7088, in pandas._libs.hashtable.PyObjectHashTable.get_item
KeyError: 'TransactionNo'

The above exception was the direct cause of the following exception:

Traceback (most recent call last):
  File "/home/airflow/.local/lib/python3.8/site-packages/airflow/models/dagbag.py", line 344, in parse
    loader.exec_module(new_module)
  File "<frozen importlib._bootstrap_external>", line 843, in exec_module
  File "<frozen importlib._bootstrap>", line 219, in _call_with_frames_removed
  File "/opt/airflow/dags/scripts/validate.py", line 20, in <module>
    if df["TransactionNo"].isnull().any():
  File "/home/airflow/.local/lib/python3.8/site-packages/pandas/core/frame.py", line 3761, in __getitem__
    indexer = self.columns.get_loc(key)
  File "/home/airflow/.local/lib/python3.8/site-packages/pandas/core/indexes/base.py", line 3655, in get_loc
    raise KeyError(key) from err
KeyError: 'TransactionNo'
[2026-02-13T21:06:44.283+0000] {processor.py:842} WARNING - No viable dags retrieved from /opt/airflow/dags/scripts/validate.py
[2026-02-13T21:06:44.308+0000] {processor.py:183} INFO - Processing /opt/airflow/dags/scripts/validate.py took 1.150 seconds
[2026-02-13T21:06:47.238+0000] {processor.py:161} INFO - Started process (PID=199) to work on /opt/airflow/dags/scripts/validate.py
[2026-02-13T21:06:47.239+0000] {processor.py:830} INFO - Processing file /opt/airflow/dags/scripts/validate.py for tasks to queue
[2026-02-13T21:06:47.241+0000] {logging_mixin.py:188} INFO - [2026-02-13T21:06:47.241+0000] {dagbag.py:538} INFO - Filling up the DagBag from /opt/airflow/dags/scripts/validate.py
[2026-02-13T21:06:47.485+0000] {logging_mixin.py:188} INFO - [2026-02-13T21:06:47.485+0000] {validate.py:11} INFO - Reading transformed data...
[2026-02-13T21:06:48.315+0000] {logging_mixin.py:188} INFO - [2026-02-13T21:06:48.315+0000] {validate.py:15} INFO - Rows before validation: 531095
[2026-02-13T21:06:48.325+0000] {logging_mixin.py:188} INFO - [2026-02-13T21:06:48.316+0000] {dagbag.py:348} ERROR - Failed to import: /opt/airflow/dags/scripts/validate.py
Traceback (most recent call last):
  File "/home/airflow/.local/lib/python3.8/site-packages/pandas/core/indexes/base.py", line 3653, in get_loc
    return self._engine.get_loc(casted_key)
  File "pandas/_libs/index.pyx", line 147, in pandas._libs.index.IndexEngine.get_loc
  File "pandas/_libs/index.pyx", line 176, in pandas._libs.index.IndexEngine.get_loc
  File "pandas/_libs/hashtable_class_helper.pxi", line 7080, in pandas._libs.hashtable.PyObjectHashTable.get_item
  File "pandas/_libs/hashtable_class_helper.pxi", line 7088, in pandas._libs.hashtable.PyObjectHashTable.get_item
KeyError: 'TransactionNo'

The above exception was the direct cause of the following exception:

Traceback (most recent call last):
  File "/home/airflow/.local/lib/python3.8/site-packages/airflow/models/dagbag.py", line 344, in parse
    loader.exec_module(new_module)
  File "<frozen importlib._bootstrap_external>", line 843, in exec_module
  File "<frozen importlib._bootstrap>", line 219, in _call_with_frames_removed
  File "/opt/airflow/dags/scripts/validate.py", line 20, in <module>
    if df["TransactionNo"].isnull().any():
  File "/home/airflow/.local/lib/python3.8/site-packages/pandas/core/frame.py", line 3761, in __getitem__
    indexer = self.columns.get_loc(key)
  File "/home/airflow/.local/lib/python3.8/site-packages/pandas/core/indexes/base.py", line 3655, in get_loc
    raise KeyError(key) from err
KeyError: 'TransactionNo'
[2026-02-13T21:06:48.327+0000] {processor.py:842} WARNING - No viable dags retrieved from /opt/airflow/dags/scripts/validate.py
[2026-02-13T21:06:48.343+0000] {processor.py:183} INFO - Processing /opt/airflow/dags/scripts/validate.py took 1.109 seconds
[2026-02-13T21:07:49.993+0000] {processor.py:161} INFO - Started process (PID=67) to work on /opt/airflow/dags/scripts/validate.py
[2026-02-13T21:07:49.997+0000] {processor.py:830} INFO - Processing file /opt/airflow/dags/scripts/validate.py for tasks to queue
[2026-02-13T21:07:50.003+0000] {logging_mixin.py:188} INFO - [2026-02-13T21:07:50.002+0000] {dagbag.py:538} INFO - Filling up the DagBag from /opt/airflow/dags/scripts/validate.py
[2026-02-13T21:07:52.210+0000] {logging_mixin.py:188} INFO - [2026-02-13T21:07:52.209+0000] {validate.py:11} INFO - Reading transformed data...
[2026-02-13T21:07:53.648+0000] {logging_mixin.py:188} INFO - [2026-02-13T21:07:53.647+0000] {validate.py:15} INFO - Rows before validation: 531095
[2026-02-13T21:07:53.662+0000] {logging_mixin.py:188} INFO - [2026-02-13T21:07:53.649+0000] {dagbag.py:348} ERROR - Failed to import: /opt/airflow/dags/scripts/validate.py
Traceback (most recent call last):
  File "/home/airflow/.local/lib/python3.8/site-packages/pandas/core/indexes/base.py", line 3653, in get_loc
    return self._engine.get_loc(casted_key)
  File "pandas/_libs/index.pyx", line 147, in pandas._libs.index.IndexEngine.get_loc
  File "pandas/_libs/index.pyx", line 176, in pandas._libs.index.IndexEngine.get_loc
  File "pandas/_libs/hashtable_class_helper.pxi", line 7080, in pandas._libs.hashtable.PyObjectHashTable.get_item
  File "pandas/_libs/hashtable_class_helper.pxi", line 7088, in pandas._libs.hashtable.PyObjectHashTable.get_item
KeyError: 'TransactionNo'

The above exception was the direct cause of the following exception:

Traceback (most recent call last):
  File "/home/airflow/.local/lib/python3.8/site-packages/airflow/models/dagbag.py", line 344, in parse
    loader.exec_module(new_module)
  File "<frozen importlib._bootstrap_external>", line 843, in exec_module
  File "<frozen importlib._bootstrap>", line 219, in _call_with_frames_removed
  File "/opt/airflow/dags/scripts/validate.py", line 20, in <module>
    if df["TransactionNo"].isnull().any():
  File "/home/airflow/.local/lib/python3.8/site-packages/pandas/core/frame.py", line 3761, in __getitem__
    indexer = self.columns.get_loc(key)
  File "/home/airflow/.local/lib/python3.8/site-packages/pandas/core/indexes/base.py", line 3655, in get_loc
    raise KeyError(key) from err
KeyError: 'TransactionNo'
[2026-02-13T21:07:53.663+0000] {processor.py:842} WARNING - No viable dags retrieved from /opt/airflow/dags/scripts/validate.py
[2026-02-13T21:07:53.697+0000] {processor.py:183} INFO - Processing /opt/airflow/dags/scripts/validate.py took 3.717 seconds
[2026-02-13T21:08:24.119+0000] {processor.py:161} INFO - Started process (PID=77) to work on /opt/airflow/dags/scripts/validate.py
[2026-02-13T21:08:24.120+0000] {processor.py:830} INFO - Processing file /opt/airflow/dags/scripts/validate.py for tasks to queue
[2026-02-13T21:08:24.124+0000] {logging_mixin.py:188} INFO - [2026-02-13T21:08:24.123+0000] {dagbag.py:538} INFO - Filling up the DagBag from /opt/airflow/dags/scripts/validate.py
[2026-02-13T21:08:24.509+0000] {logging_mixin.py:188} INFO - [2026-02-13T21:08:24.509+0000] {validate.py:11} INFO - Reading transformed data...
[2026-02-13T21:08:25.270+0000] {logging_mixin.py:188} INFO - [2026-02-13T21:08:25.269+0000] {validate.py:15} INFO - Rows before validation: 531095
[2026-02-13T21:08:25.280+0000] {logging_mixin.py:188} INFO - [2026-02-13T21:08:25.271+0000] {dagbag.py:348} ERROR - Failed to import: /opt/airflow/dags/scripts/validate.py
Traceback (most recent call last):
  File "/home/airflow/.local/lib/python3.8/site-packages/pandas/core/indexes/base.py", line 3653, in get_loc
    return self._engine.get_loc(casted_key)
  File "pandas/_libs/index.pyx", line 147, in pandas._libs.index.IndexEngine.get_loc
  File "pandas/_libs/index.pyx", line 176, in pandas._libs.index.IndexEngine.get_loc
  File "pandas/_libs/hashtable_class_helper.pxi", line 7080, in pandas._libs.hashtable.PyObjectHashTable.get_item
  File "pandas/_libs/hashtable_class_helper.pxi", line 7088, in pandas._libs.hashtable.PyObjectHashTable.get_item
KeyError: 'TransactionNo'

The above exception was the direct cause of the following exception:

Traceback (most recent call last):
  File "/home/airflow/.local/lib/python3.8/site-packages/airflow/models/dagbag.py", line 344, in parse
    loader.exec_module(new_module)
  File "<frozen importlib._bootstrap_external>", line 843, in exec_module
  File "<frozen importlib._bootstrap>", line 219, in _call_with_frames_removed
  File "/opt/airflow/dags/scripts/validate.py", line 20, in <module>
    if df["TransactionNo"].isnull().any():
  File "/home/airflow/.local/lib/python3.8/site-packages/pandas/core/frame.py", line 3761, in __getitem__
    indexer = self.columns.get_loc(key)
  File "/home/airflow/.local/lib/python3.8/site-packages/pandas/core/indexes/base.py", line 3655, in get_loc
    raise KeyError(key) from err
KeyError: 'TransactionNo'
[2026-02-13T21:08:25.281+0000] {processor.py:842} WARNING - No viable dags retrieved from /opt/airflow/dags/scripts/validate.py
[2026-02-13T21:08:25.299+0000] {processor.py:183} INFO - Processing /opt/airflow/dags/scripts/validate.py took 1.185 seconds
[2026-02-13T21:08:55.640+0000] {processor.py:161} INFO - Started process (PID=93) to work on /opt/airflow/dags/scripts/validate.py
[2026-02-13T21:08:55.641+0000] {processor.py:830} INFO - Processing file /opt/airflow/dags/scripts/validate.py for tasks to queue
[2026-02-13T21:08:55.643+0000] {logging_mixin.py:188} INFO - [2026-02-13T21:08:55.643+0000] {dagbag.py:538} INFO - Filling up the DagBag from /opt/airflow/dags/scripts/validate.py
[2026-02-13T21:08:55.851+0000] {logging_mixin.py:188} INFO - [2026-02-13T21:08:55.851+0000] {validate.py:11} INFO - Reading transformed data...
[2026-02-13T21:08:56.644+0000] {logging_mixin.py:188} INFO - [2026-02-13T21:08:56.644+0000] {validate.py:15} INFO - Rows before validation: 531095
[2026-02-13T21:08:56.657+0000] {logging_mixin.py:188} INFO - [2026-02-13T21:08:56.646+0000] {dagbag.py:348} ERROR - Failed to import: /opt/airflow/dags/scripts/validate.py
Traceback (most recent call last):
  File "/home/airflow/.local/lib/python3.8/site-packages/pandas/core/indexes/base.py", line 3653, in get_loc
    return self._engine.get_loc(casted_key)
  File "pandas/_libs/index.pyx", line 147, in pandas._libs.index.IndexEngine.get_loc
  File "pandas/_libs/index.pyx", line 176, in pandas._libs.index.IndexEngine.get_loc
  File "pandas/_libs/hashtable_class_helper.pxi", line 7080, in pandas._libs.hashtable.PyObjectHashTable.get_item
  File "pandas/_libs/hashtable_class_helper.pxi", line 7088, in pandas._libs.hashtable.PyObjectHashTable.get_item
KeyError: 'TransactionNo'

The above exception was the direct cause of the following exception:

Traceback (most recent call last):
  File "/home/airflow/.local/lib/python3.8/site-packages/airflow/models/dagbag.py", line 344, in parse
    loader.exec_module(new_module)
  File "<frozen importlib._bootstrap_external>", line 843, in exec_module
  File "<frozen importlib._bootstrap>", line 219, in _call_with_frames_removed
  File "/opt/airflow/dags/scripts/validate.py", line 20, in <module>
    if df["TransactionNo"].isnull().any():
  File "/home/airflow/.local/lib/python3.8/site-packages/pandas/core/frame.py", line 3761, in __getitem__
    indexer = self.columns.get_loc(key)
  File "/home/airflow/.local/lib/python3.8/site-packages/pandas/core/indexes/base.py", line 3655, in get_loc
    raise KeyError(key) from err
KeyError: 'TransactionNo'
[2026-02-13T21:08:56.658+0000] {processor.py:842} WARNING - No viable dags retrieved from /opt/airflow/dags/scripts/validate.py
[2026-02-13T21:08:56.683+0000] {processor.py:183} INFO - Processing /opt/airflow/dags/scripts/validate.py took 1.045 seconds
[2026-02-13T21:09:27.002+0000] {processor.py:161} INFO - Started process (PID=102) to work on /opt/airflow/dags/scripts/validate.py
[2026-02-13T21:09:27.004+0000] {processor.py:830} INFO - Processing file /opt/airflow/dags/scripts/validate.py for tasks to queue
[2026-02-13T21:09:27.007+0000] {logging_mixin.py:188} INFO - [2026-02-13T21:09:27.006+0000] {dagbag.py:538} INFO - Filling up the DagBag from /opt/airflow/dags/scripts/validate.py
[2026-02-13T21:09:27.275+0000] {logging_mixin.py:188} INFO - [2026-02-13T21:09:27.275+0000] {validate.py:11} INFO - Reading transformed data...
[2026-02-13T21:09:28.360+0000] {logging_mixin.py:188} INFO - [2026-02-13T21:09:28.359+0000] {validate.py:15} INFO - Rows before validation: 531095
[2026-02-13T21:09:28.374+0000] {logging_mixin.py:188} INFO - [2026-02-13T21:09:28.361+0000] {dagbag.py:348} ERROR - Failed to import: /opt/airflow/dags/scripts/validate.py
Traceback (most recent call last):
  File "/home/airflow/.local/lib/python3.8/site-packages/pandas/core/indexes/base.py", line 3653, in get_loc
    return self._engine.get_loc(casted_key)
  File "pandas/_libs/index.pyx", line 147, in pandas._libs.index.IndexEngine.get_loc
  File "pandas/_libs/index.pyx", line 176, in pandas._libs.index.IndexEngine.get_loc
  File "pandas/_libs/hashtable_class_helper.pxi", line 7080, in pandas._libs.hashtable.PyObjectHashTable.get_item
  File "pandas/_libs/hashtable_class_helper.pxi", line 7088, in pandas._libs.hashtable.PyObjectHashTable.get_item
KeyError: 'TransactionNo'

The above exception was the direct cause of the following exception:

Traceback (most recent call last):
  File "/home/airflow/.local/lib/python3.8/site-packages/airflow/models/dagbag.py", line 344, in parse
    loader.exec_module(new_module)
  File "<frozen importlib._bootstrap_external>", line 843, in exec_module
  File "<frozen importlib._bootstrap>", line 219, in _call_with_frames_removed
  File "/opt/airflow/dags/scripts/validate.py", line 20, in <module>
    if df["TransactionNo"].isnull().any():
  File "/home/airflow/.local/lib/python3.8/site-packages/pandas/core/frame.py", line 3761, in __getitem__
    indexer = self.columns.get_loc(key)
  File "/home/airflow/.local/lib/python3.8/site-packages/pandas/core/indexes/base.py", line 3655, in get_loc
    raise KeyError(key) from err
KeyError: 'TransactionNo'
[2026-02-13T21:09:28.375+0000] {processor.py:842} WARNING - No viable dags retrieved from /opt/airflow/dags/scripts/validate.py
[2026-02-13T21:09:28.413+0000] {processor.py:183} INFO - Processing /opt/airflow/dags/scripts/validate.py took 1.414 seconds
[2026-02-13T21:09:58.475+0000] {processor.py:161} INFO - Started process (PID=111) to work on /opt/airflow/dags/scripts/validate.py
[2026-02-13T21:09:58.476+0000] {processor.py:830} INFO - Processing file /opt/airflow/dags/scripts/validate.py for tasks to queue
[2026-02-13T21:09:58.478+0000] {logging_mixin.py:188} INFO - [2026-02-13T21:09:58.477+0000] {dagbag.py:538} INFO - Filling up the DagBag from /opt/airflow/dags/scripts/validate.py
[2026-02-13T21:09:58.688+0000] {logging_mixin.py:188} INFO - [2026-02-13T21:09:58.687+0000] {validate.py:11} INFO - Reading transformed data...
[2026-02-13T21:09:59.457+0000] {logging_mixin.py:188} INFO - [2026-02-13T21:09:59.457+0000] {validate.py:15} INFO - Rows before validation: 531095
[2026-02-13T21:09:59.466+0000] {logging_mixin.py:188} INFO - [2026-02-13T21:09:59.458+0000] {dagbag.py:348} ERROR - Failed to import: /opt/airflow/dags/scripts/validate.py
Traceback (most recent call last):
  File "/home/airflow/.local/lib/python3.8/site-packages/pandas/core/indexes/base.py", line 3653, in get_loc
    return self._engine.get_loc(casted_key)
  File "pandas/_libs/index.pyx", line 147, in pandas._libs.index.IndexEngine.get_loc
  File "pandas/_libs/index.pyx", line 176, in pandas._libs.index.IndexEngine.get_loc
  File "pandas/_libs/hashtable_class_helper.pxi", line 7080, in pandas._libs.hashtable.PyObjectHashTable.get_item
  File "pandas/_libs/hashtable_class_helper.pxi", line 7088, in pandas._libs.hashtable.PyObjectHashTable.get_item
KeyError: 'TransactionNo'

The above exception was the direct cause of the following exception:

Traceback (most recent call last):
  File "/home/airflow/.local/lib/python3.8/site-packages/airflow/models/dagbag.py", line 344, in parse
    loader.exec_module(new_module)
  File "<frozen importlib._bootstrap_external>", line 843, in exec_module
  File "<frozen importlib._bootstrap>", line 219, in _call_with_frames_removed
  File "/opt/airflow/dags/scripts/validate.py", line 20, in <module>
    if df["TransactionNo"].isnull().any():
  File "/home/airflow/.local/lib/python3.8/site-packages/pandas/core/frame.py", line 3761, in __getitem__
    indexer = self.columns.get_loc(key)
  File "/home/airflow/.local/lib/python3.8/site-packages/pandas/core/indexes/base.py", line 3655, in get_loc
    raise KeyError(key) from err
KeyError: 'TransactionNo'
[2026-02-13T21:09:59.467+0000] {processor.py:842} WARNING - No viable dags retrieved from /opt/airflow/dags/scripts/validate.py
[2026-02-13T21:09:59.482+0000] {processor.py:183} INFO - Processing /opt/airflow/dags/scripts/validate.py took 1.010 seconds
[2026-02-13T21:10:11.648+0000] {processor.py:161} INFO - Started process (PID=113) to work on /opt/airflow/dags/scripts/validate.py
[2026-02-13T21:10:11.649+0000] {processor.py:830} INFO - Processing file /opt/airflow/dags/scripts/validate.py for tasks to queue
[2026-02-13T21:10:11.651+0000] {logging_mixin.py:188} INFO - [2026-02-13T21:10:11.651+0000] {dagbag.py:538} INFO - Filling up the DagBag from /opt/airflow/dags/scripts/validate.py
[2026-02-13T21:10:11.902+0000] {logging_mixin.py:188} INFO - [2026-02-13T21:10:11.902+0000] {validate.py:11} INFO - Reading transformed data...
[2026-02-13T21:10:12.641+0000] {logging_mixin.py:188} INFO - [2026-02-13T21:10:12.641+0000] {validate.py:16} INFO - Rows before validation: 531095
[2026-02-13T21:10:12.671+0000] {logging_mixin.py:188} INFO - [2026-02-13T21:10:12.642+0000] {dagbag.py:348} ERROR - Failed to import: /opt/airflow/dags/scripts/validate.py
Traceback (most recent call last):
  File "/home/airflow/.local/lib/python3.8/site-packages/pandas/core/indexes/base.py", line 3653, in get_loc
    return self._engine.get_loc(casted_key)
  File "pandas/_libs/index.pyx", line 147, in pandas._libs.index.IndexEngine.get_loc
  File "pandas/_libs/index.pyx", line 176, in pandas._libs.index.IndexEngine.get_loc
  File "pandas/_libs/hashtable_class_helper.pxi", line 7080, in pandas._libs.hashtable.PyObjectHashTable.get_item
  File "pandas/_libs/hashtable_class_helper.pxi", line 7088, in pandas._libs.hashtable.PyObjectHashTable.get_item
KeyError: 'TransactionNo'

The above exception was the direct cause of the following exception:

Traceback (most recent call last):
  File "/home/airflow/.local/lib/python3.8/site-packages/airflow/models/dagbag.py", line 344, in parse
    loader.exec_module(new_module)
  File "<frozen importlib._bootstrap_external>", line 843, in exec_module
  File "<frozen importlib._bootstrap>", line 219, in _call_with_frames_removed
  File "/opt/airflow/dags/scripts/validate.py", line 21, in <module>
    # 1 No null TransactionNo
  File "/home/airflow/.local/lib/python3.8/site-packages/pandas/core/frame.py", line 3761, in __getitem__
    indexer = self.columns.get_loc(key)
  File "/home/airflow/.local/lib/python3.8/site-packages/pandas/core/indexes/base.py", line 3655, in get_loc
    raise KeyError(key) from err
KeyError: 'TransactionNo'
[2026-02-13T21:10:12.672+0000] {processor.py:842} WARNING - No viable dags retrieved from /opt/airflow/dags/scripts/validate.py
[2026-02-13T21:10:12.690+0000] {processor.py:183} INFO - Processing /opt/airflow/dags/scripts/validate.py took 1.044 seconds
[2026-02-13T21:10:22.777+0000] {processor.py:161} INFO - Started process (PID=115) to work on /opt/airflow/dags/scripts/validate.py
[2026-02-13T21:10:22.779+0000] {processor.py:830} INFO - Processing file /opt/airflow/dags/scripts/validate.py for tasks to queue
[2026-02-13T21:10:22.782+0000] {logging_mixin.py:188} INFO - [2026-02-13T21:10:22.782+0000] {dagbag.py:538} INFO - Filling up the DagBag from /opt/airflow/dags/scripts/validate.py
[2026-02-13T21:10:23.054+0000] {logging_mixin.py:188} INFO - [2026-02-13T21:10:23.054+0000] {validate.py:11} INFO - Reading transformed data...
[2026-02-13T21:10:24.141+0000] {logging_mixin.py:188} INFO - [2026-02-13T21:10:24.140+0000] {validate.py:14} INFO - Index(['transactionno', 'date', 'productno', 'productname', 'price',
       'quantity', 'customerno', 'country'],
      dtype='object')
[2026-02-13T21:10:24.142+0000] {logging_mixin.py:188} INFO - [2026-02-13T21:10:24.142+0000] {validate.py:17} INFO - Rows before validation: 531095
[2026-02-13T21:10:24.157+0000] {logging_mixin.py:188} INFO - [2026-02-13T21:10:24.144+0000] {dagbag.py:348} ERROR - Failed to import: /opt/airflow/dags/scripts/validate.py
Traceback (most recent call last):
  File "/home/airflow/.local/lib/python3.8/site-packages/pandas/core/indexes/base.py", line 3653, in get_loc
    return self._engine.get_loc(casted_key)
  File "pandas/_libs/index.pyx", line 147, in pandas._libs.index.IndexEngine.get_loc
  File "pandas/_libs/index.pyx", line 176, in pandas._libs.index.IndexEngine.get_loc
  File "pandas/_libs/hashtable_class_helper.pxi", line 7080, in pandas._libs.hashtable.PyObjectHashTable.get_item
  File "pandas/_libs/hashtable_class_helper.pxi", line 7088, in pandas._libs.hashtable.PyObjectHashTable.get_item
KeyError: 'TransactionNo'

The above exception was the direct cause of the following exception:

Traceback (most recent call last):
  File "/home/airflow/.local/lib/python3.8/site-packages/airflow/models/dagbag.py", line 344, in parse
    loader.exec_module(new_module)
  File "<frozen importlib._bootstrap_external>", line 843, in exec_module
  File "<frozen importlib._bootstrap>", line 219, in _call_with_frames_removed
  File "/opt/airflow/dags/scripts/validate.py", line 22, in <module>
    if df["TransactionNo"].isnull().any():
  File "/home/airflow/.local/lib/python3.8/site-packages/pandas/core/frame.py", line 3761, in __getitem__
    indexer = self.columns.get_loc(key)
  File "/home/airflow/.local/lib/python3.8/site-packages/pandas/core/indexes/base.py", line 3655, in get_loc
    raise KeyError(key) from err
KeyError: 'TransactionNo'
[2026-02-13T21:10:24.158+0000] {processor.py:842} WARNING - No viable dags retrieved from /opt/airflow/dags/scripts/validate.py
[2026-02-13T21:10:24.192+0000] {processor.py:183} INFO - Processing /opt/airflow/dags/scripts/validate.py took 1.419 seconds
[2026-02-13T21:11:26.073+0000] {processor.py:161} INFO - Started process (PID=62) to work on /opt/airflow/dags/scripts/validate.py
[2026-02-13T21:11:26.077+0000] {processor.py:830} INFO - Processing file /opt/airflow/dags/scripts/validate.py for tasks to queue
[2026-02-13T21:11:26.083+0000] {logging_mixin.py:188} INFO - [2026-02-13T21:11:26.082+0000] {dagbag.py:538} INFO - Filling up the DagBag from /opt/airflow/dags/scripts/validate.py
[2026-02-13T21:11:27.886+0000] {logging_mixin.py:188} INFO - [2026-02-13T21:11:27.886+0000] {validate.py:11} INFO - Reading transformed data...
[2026-02-13T21:11:29.188+0000] {logging_mixin.py:188} INFO - [2026-02-13T21:11:29.187+0000] {validate.py:14} INFO - Index(['transactionno', 'date', 'productno', 'productname', 'price',
       'quantity', 'customerno', 'country'],
      dtype='object')
[2026-02-13T21:11:29.189+0000] {logging_mixin.py:188} INFO - [2026-02-13T21:11:29.189+0000] {validate.py:17} INFO - Rows before validation: 531095
[2026-02-13T21:11:29.210+0000] {logging_mixin.py:188} INFO - [2026-02-13T21:11:29.191+0000] {dagbag.py:348} ERROR - Failed to import: /opt/airflow/dags/scripts/validate.py
Traceback (most recent call last):
  File "/home/airflow/.local/lib/python3.8/site-packages/pandas/core/indexes/base.py", line 3653, in get_loc
    return self._engine.get_loc(casted_key)
  File "pandas/_libs/index.pyx", line 147, in pandas._libs.index.IndexEngine.get_loc
  File "pandas/_libs/index.pyx", line 176, in pandas._libs.index.IndexEngine.get_loc
  File "pandas/_libs/hashtable_class_helper.pxi", line 7080, in pandas._libs.hashtable.PyObjectHashTable.get_item
  File "pandas/_libs/hashtable_class_helper.pxi", line 7088, in pandas._libs.hashtable.PyObjectHashTable.get_item
KeyError: 'TransactionNo'

The above exception was the direct cause of the following exception:

Traceback (most recent call last):
  File "/home/airflow/.local/lib/python3.8/site-packages/airflow/models/dagbag.py", line 344, in parse
    loader.exec_module(new_module)
  File "<frozen importlib._bootstrap_external>", line 843, in exec_module
  File "<frozen importlib._bootstrap>", line 219, in _call_with_frames_removed
  File "/opt/airflow/dags/scripts/validate.py", line 22, in <module>
    if df["TransactionNo"].isnull().any():
  File "/home/airflow/.local/lib/python3.8/site-packages/pandas/core/frame.py", line 3761, in __getitem__
    indexer = self.columns.get_loc(key)
  File "/home/airflow/.local/lib/python3.8/site-packages/pandas/core/indexes/base.py", line 3655, in get_loc
    raise KeyError(key) from err
KeyError: 'TransactionNo'
[2026-02-13T21:11:29.212+0000] {processor.py:842} WARNING - No viable dags retrieved from /opt/airflow/dags/scripts/validate.py
[2026-02-13T21:11:29.252+0000] {processor.py:183} INFO - Processing /opt/airflow/dags/scripts/validate.py took 3.189 seconds
[2026-02-13T21:11:59.639+0000] {processor.py:161} INFO - Started process (PID=80) to work on /opt/airflow/dags/scripts/validate.py
[2026-02-13T21:11:59.640+0000] {processor.py:830} INFO - Processing file /opt/airflow/dags/scripts/validate.py for tasks to queue
[2026-02-13T21:11:59.642+0000] {logging_mixin.py:188} INFO - [2026-02-13T21:11:59.642+0000] {dagbag.py:538} INFO - Filling up the DagBag from /opt/airflow/dags/scripts/validate.py
[2026-02-13T21:11:59.873+0000] {logging_mixin.py:188} INFO - [2026-02-13T21:11:59.872+0000] {validate.py:11} INFO - Reading transformed data...
[2026-02-13T21:12:00.595+0000] {logging_mixin.py:188} INFO - [2026-02-13T21:12:00.594+0000] {validate.py:14} INFO - Index(['transactionno', 'date', 'productno', 'productname', 'price',
       'quantity', 'customerno', 'country'],
      dtype='object')
[2026-02-13T21:12:00.597+0000] {logging_mixin.py:188} INFO - [2026-02-13T21:12:00.596+0000] {validate.py:17} INFO - Rows before validation: 531095
[2026-02-13T21:12:00.607+0000] {logging_mixin.py:188} INFO - [2026-02-13T21:12:00.597+0000] {dagbag.py:348} ERROR - Failed to import: /opt/airflow/dags/scripts/validate.py
Traceback (most recent call last):
  File "/home/airflow/.local/lib/python3.8/site-packages/pandas/core/indexes/base.py", line 3653, in get_loc
    return self._engine.get_loc(casted_key)
  File "pandas/_libs/index.pyx", line 147, in pandas._libs.index.IndexEngine.get_loc
  File "pandas/_libs/index.pyx", line 176, in pandas._libs.index.IndexEngine.get_loc
  File "pandas/_libs/hashtable_class_helper.pxi", line 7080, in pandas._libs.hashtable.PyObjectHashTable.get_item
  File "pandas/_libs/hashtable_class_helper.pxi", line 7088, in pandas._libs.hashtable.PyObjectHashTable.get_item
KeyError: 'TransactionNo'

The above exception was the direct cause of the following exception:

Traceback (most recent call last):
  File "/home/airflow/.local/lib/python3.8/site-packages/airflow/models/dagbag.py", line 344, in parse
    loader.exec_module(new_module)
  File "<frozen importlib._bootstrap_external>", line 843, in exec_module
  File "<frozen importlib._bootstrap>", line 219, in _call_with_frames_removed
  File "/opt/airflow/dags/scripts/validate.py", line 22, in <module>
    if df["TransactionNo"].isnull().any():
  File "/home/airflow/.local/lib/python3.8/site-packages/pandas/core/frame.py", line 3761, in __getitem__
    indexer = self.columns.get_loc(key)
  File "/home/airflow/.local/lib/python3.8/site-packages/pandas/core/indexes/base.py", line 3655, in get_loc
    raise KeyError(key) from err
KeyError: 'TransactionNo'
[2026-02-13T21:12:00.608+0000] {processor.py:842} WARNING - No viable dags retrieved from /opt/airflow/dags/scripts/validate.py
[2026-02-13T21:12:00.633+0000] {processor.py:183} INFO - Processing /opt/airflow/dags/scripts/validate.py took 0.996 seconds
[2026-02-13T21:12:30.977+0000] {processor.py:161} INFO - Started process (PID=89) to work on /opt/airflow/dags/scripts/validate.py
[2026-02-13T21:12:30.980+0000] {processor.py:830} INFO - Processing file /opt/airflow/dags/scripts/validate.py for tasks to queue
[2026-02-13T21:12:30.983+0000] {logging_mixin.py:188} INFO - [2026-02-13T21:12:30.982+0000] {dagbag.py:538} INFO - Filling up the DagBag from /opt/airflow/dags/scripts/validate.py
[2026-02-13T21:12:31.236+0000] {logging_mixin.py:188} INFO - [2026-02-13T21:12:31.236+0000] {validate.py:11} INFO - Reading transformed data...
[2026-02-13T21:12:31.882+0000] {logging_mixin.py:188} INFO - [2026-02-13T21:12:31.882+0000] {validate.py:14} INFO - Index(['transactionno', 'date', 'productno', 'productname', 'price',
       'quantity', 'customerno', 'country'],
      dtype='object')
[2026-02-13T21:12:31.883+0000] {logging_mixin.py:188} INFO - [2026-02-13T21:12:31.883+0000] {validate.py:17} INFO - Rows before validation: 531095
[2026-02-13T21:12:31.893+0000] {logging_mixin.py:188} INFO - [2026-02-13T21:12:31.884+0000] {dagbag.py:348} ERROR - Failed to import: /opt/airflow/dags/scripts/validate.py
Traceback (most recent call last):
  File "/home/airflow/.local/lib/python3.8/site-packages/pandas/core/indexes/base.py", line 3653, in get_loc
    return self._engine.get_loc(casted_key)
  File "pandas/_libs/index.pyx", line 147, in pandas._libs.index.IndexEngine.get_loc
  File "pandas/_libs/index.pyx", line 176, in pandas._libs.index.IndexEngine.get_loc
  File "pandas/_libs/hashtable_class_helper.pxi", line 7080, in pandas._libs.hashtable.PyObjectHashTable.get_item
  File "pandas/_libs/hashtable_class_helper.pxi", line 7088, in pandas._libs.hashtable.PyObjectHashTable.get_item
KeyError: 'TransactionNo'

The above exception was the direct cause of the following exception:

Traceback (most recent call last):
  File "/home/airflow/.local/lib/python3.8/site-packages/airflow/models/dagbag.py", line 344, in parse
    loader.exec_module(new_module)
  File "<frozen importlib._bootstrap_external>", line 843, in exec_module
  File "<frozen importlib._bootstrap>", line 219, in _call_with_frames_removed
  File "/opt/airflow/dags/scripts/validate.py", line 22, in <module>
    if df["TransactionNo"].isnull().any():
  File "/home/airflow/.local/lib/python3.8/site-packages/pandas/core/frame.py", line 3761, in __getitem__
    indexer = self.columns.get_loc(key)
  File "/home/airflow/.local/lib/python3.8/site-packages/pandas/core/indexes/base.py", line 3655, in get_loc
    raise KeyError(key) from err
KeyError: 'TransactionNo'
[2026-02-13T21:12:31.893+0000] {processor.py:842} WARNING - No viable dags retrieved from /opt/airflow/dags/scripts/validate.py
[2026-02-13T21:12:31.908+0000] {processor.py:183} INFO - Processing /opt/airflow/dags/scripts/validate.py took 0.938 seconds
[2026-02-13T21:12:44.126+0000] {processor.py:161} INFO - Started process (PID=91) to work on /opt/airflow/dags/scripts/validate.py
[2026-02-13T21:12:44.128+0000] {processor.py:830} INFO - Processing file /opt/airflow/dags/scripts/validate.py for tasks to queue
[2026-02-13T21:12:44.131+0000] {logging_mixin.py:188} INFO - [2026-02-13T21:12:44.130+0000] {dagbag.py:538} INFO - Filling up the DagBag from /opt/airflow/dags/scripts/validate.py
[2026-02-13T21:12:44.383+0000] {logging_mixin.py:188} INFO - [2026-02-13T21:12:44.383+0000] {validate.py:11} INFO - Reading transformed data...
[2026-02-13T21:12:45.165+0000] {logging_mixin.py:188} INFO - [2026-02-13T21:12:45.165+0000] {validate.py:14} INFO - Index(['transactionno', 'date', 'productno', 'productname', 'price',
       'quantity', 'customerno', 'country'],
      dtype='object')
[2026-02-13T21:12:45.166+0000] {logging_mixin.py:188} INFO - [2026-02-13T21:12:45.166+0000] {validate.py:17} INFO - Rows before validation: 531095
[2026-02-13T21:12:45.174+0000] {logging_mixin.py:188} INFO - [2026-02-13T21:12:45.167+0000] {dagbag.py:348} ERROR - Failed to import: /opt/airflow/dags/scripts/validate.py
Traceback (most recent call last):
  File "/home/airflow/.local/lib/python3.8/site-packages/pandas/core/indexes/base.py", line 3653, in get_loc
    return self._engine.get_loc(casted_key)
  File "pandas/_libs/index.pyx", line 147, in pandas._libs.index.IndexEngine.get_loc
  File "pandas/_libs/index.pyx", line 176, in pandas._libs.index.IndexEngine.get_loc
  File "pandas/_libs/hashtable_class_helper.pxi", line 7080, in pandas._libs.hashtable.PyObjectHashTable.get_item
  File "pandas/_libs/hashtable_class_helper.pxi", line 7088, in pandas._libs.hashtable.PyObjectHashTable.get_item
KeyError: 'TransactioNo'

The above exception was the direct cause of the following exception:

Traceback (most recent call last):
  File "/home/airflow/.local/lib/python3.8/site-packages/airflow/models/dagbag.py", line 344, in parse
    loader.exec_module(new_module)
  File "<frozen importlib._bootstrap_external>", line 843, in exec_module
  File "<frozen importlib._bootstrap>", line 219, in _call_with_frames_removed
  File "/opt/airflow/dags/scripts/validate.py", line 22, in <module>
    if df["TransactioNo"].isnull().any():
  File "/home/airflow/.local/lib/python3.8/site-packages/pandas/core/frame.py", line 3761, in __getitem__
    indexer = self.columns.get_loc(key)
  File "/home/airflow/.local/lib/python3.8/site-packages/pandas/core/indexes/base.py", line 3655, in get_loc
    raise KeyError(key) from err
KeyError: 'TransactioNo'
[2026-02-13T21:12:45.175+0000] {processor.py:842} WARNING - No viable dags retrieved from /opt/airflow/dags/scripts/validate.py
[2026-02-13T21:12:45.189+0000] {processor.py:183} INFO - Processing /opt/airflow/dags/scripts/validate.py took 1.066 seconds
[2026-02-13T21:12:47.261+0000] {processor.py:161} INFO - Started process (PID=93) to work on /opt/airflow/dags/scripts/validate.py
[2026-02-13T21:12:47.262+0000] {processor.py:830} INFO - Processing file /opt/airflow/dags/scripts/validate.py for tasks to queue
[2026-02-13T21:12:47.264+0000] {logging_mixin.py:188} INFO - [2026-02-13T21:12:47.264+0000] {dagbag.py:538} INFO - Filling up the DagBag from /opt/airflow/dags/scripts/validate.py
[2026-02-13T21:12:47.516+0000] {logging_mixin.py:188} INFO - [2026-02-13T21:12:47.516+0000] {validate.py:11} INFO - Reading transformed data...
[2026-02-13T21:12:48.230+0000] {logging_mixin.py:188} INFO - [2026-02-13T21:12:48.230+0000] {validate.py:14} INFO - Index(['transactionno', 'date', 'productno', 'productname', 'price',
       'quantity', 'customerno', 'country'],
      dtype='object')
[2026-02-13T21:12:48.231+0000] {logging_mixin.py:188} INFO - [2026-02-13T21:12:48.231+0000] {validate.py:17} INFO - Rows before validation: 531095
[2026-02-13T21:12:48.236+0000] {logging_mixin.py:188} INFO - [2026-02-13T21:12:48.231+0000] {dagbag.py:348} ERROR - Failed to import: /opt/airflow/dags/scripts/validate.py
Traceback (most recent call last):
  File "/home/airflow/.local/lib/python3.8/site-packages/pandas/core/indexes/base.py", line 3653, in get_loc
    return self._engine.get_loc(casted_key)
  File "pandas/_libs/index.pyx", line 147, in pandas._libs.index.IndexEngine.get_loc
  File "pandas/_libs/index.pyx", line 176, in pandas._libs.index.IndexEngine.get_loc
  File "pandas/_libs/hashtable_class_helper.pxi", line 7080, in pandas._libs.hashtable.PyObjectHashTable.get_item
  File "pandas/_libs/hashtable_class_helper.pxi", line 7088, in pandas._libs.hashtable.PyObjectHashTable.get_item
KeyError: 'TransactionNo'

The above exception was the direct cause of the following exception:

Traceback (most recent call last):
  File "/home/airflow/.local/lib/python3.8/site-packages/airflow/models/dagbag.py", line 344, in parse
    loader.exec_module(new_module)
  File "<frozen importlib._bootstrap_external>", line 843, in exec_module
  File "<frozen importlib._bootstrap>", line 219, in _call_with_frames_removed
  File "/opt/airflow/dags/scripts/validate.py", line 22, in <module>
    if df["TransactionNo"].isnull().any():
  File "/home/airflow/.local/lib/python3.8/site-packages/pandas/core/frame.py", line 3761, in __getitem__
    indexer = self.columns.get_loc(key)
  File "/home/airflow/.local/lib/python3.8/site-packages/pandas/core/indexes/base.py", line 3655, in get_loc
    raise KeyError(key) from err
KeyError: 'TransactionNo'
[2026-02-13T21:12:48.236+0000] {processor.py:842} WARNING - No viable dags retrieved from /opt/airflow/dags/scripts/validate.py
[2026-02-13T21:12:48.253+0000] {processor.py:183} INFO - Processing /opt/airflow/dags/scripts/validate.py took 0.994 seconds
[2026-02-13T21:12:49.346+0000] {processor.py:161} INFO - Started process (PID=95) to work on /opt/airflow/dags/scripts/validate.py
[2026-02-13T21:12:49.347+0000] {processor.py:830} INFO - Processing file /opt/airflow/dags/scripts/validate.py for tasks to queue
[2026-02-13T21:12:49.350+0000] {logging_mixin.py:188} INFO - [2026-02-13T21:12:49.349+0000] {dagbag.py:538} INFO - Filling up the DagBag from /opt/airflow/dags/scripts/validate.py
[2026-02-13T21:12:49.627+0000] {logging_mixin.py:188} INFO - [2026-02-13T21:12:49.627+0000] {validate.py:11} INFO - Reading transformed data...
[2026-02-13T21:12:50.366+0000] {logging_mixin.py:188} INFO - [2026-02-13T21:12:50.366+0000] {validate.py:14} INFO - Index(['transactionno', 'date', 'productno', 'productname', 'price',
       'quantity', 'customerno', 'country'],
      dtype='object')
[2026-02-13T21:12:50.367+0000] {logging_mixin.py:188} INFO - [2026-02-13T21:12:50.367+0000] {validate.py:17} INFO - Rows before validation: 531095
[2026-02-13T21:12:50.379+0000] {logging_mixin.py:188} INFO - [2026-02-13T21:12:50.368+0000] {dagbag.py:348} ERROR - Failed to import: /opt/airflow/dags/scripts/validate.py
Traceback (most recent call last):
  File "/home/airflow/.local/lib/python3.8/site-packages/pandas/core/indexes/base.py", line 3653, in get_loc
    return self._engine.get_loc(casted_key)
  File "pandas/_libs/index.pyx", line 147, in pandas._libs.index.IndexEngine.get_loc
  File "pandas/_libs/index.pyx", line 176, in pandas._libs.index.IndexEngine.get_loc
  File "pandas/_libs/hashtable_class_helper.pxi", line 7080, in pandas._libs.hashtable.PyObjectHashTable.get_item
  File "pandas/_libs/hashtable_class_helper.pxi", line 7088, in pandas._libs.hashtable.PyObjectHashTable.get_item
KeyError: 'Transactionno'

The above exception was the direct cause of the following exception:

Traceback (most recent call last):
  File "/home/airflow/.local/lib/python3.8/site-packages/airflow/models/dagbag.py", line 344, in parse
    loader.exec_module(new_module)
  File "<frozen importlib._bootstrap_external>", line 843, in exec_module
  File "<frozen importlib._bootstrap>", line 219, in _call_with_frames_removed
  File "/opt/airflow/dags/scripts/validate.py", line 22, in <module>
    if df["Transactionno"].isnull().any():
  File "/home/airflow/.local/lib/python3.8/site-packages/pandas/core/frame.py", line 3761, in __getitem__
    indexer = self.columns.get_loc(key)
  File "/home/airflow/.local/lib/python3.8/site-packages/pandas/core/indexes/base.py", line 3655, in get_loc
    raise KeyError(key) from err
KeyError: 'Transactionno'
[2026-02-13T21:12:50.380+0000] {processor.py:842} WARNING - No viable dags retrieved from /opt/airflow/dags/scripts/validate.py
[2026-02-13T21:12:50.398+0000] {processor.py:183} INFO - Processing /opt/airflow/dags/scripts/validate.py took 1.057 seconds
[2026-02-13T21:12:51.413+0000] {processor.py:161} INFO - Started process (PID=97) to work on /opt/airflow/dags/scripts/validate.py
[2026-02-13T21:12:51.415+0000] {processor.py:830} INFO - Processing file /opt/airflow/dags/scripts/validate.py for tasks to queue
[2026-02-13T21:12:51.417+0000] {logging_mixin.py:188} INFO - [2026-02-13T21:12:51.417+0000] {dagbag.py:538} INFO - Filling up the DagBag from /opt/airflow/dags/scripts/validate.py
[2026-02-13T21:12:51.679+0000] {logging_mixin.py:188} INFO - [2026-02-13T21:12:51.679+0000] {validate.py:11} INFO - Reading transformed data...
[2026-02-13T21:12:52.454+0000] {logging_mixin.py:188} INFO - [2026-02-13T21:12:52.454+0000] {validate.py:14} INFO - Index(['transactionno', 'date', 'productno', 'productname', 'price',
       'quantity', 'customerno', 'country'],
      dtype='object')
[2026-02-13T21:12:52.454+0000] {logging_mixin.py:188} INFO - [2026-02-13T21:12:52.454+0000] {validate.py:17} INFO - Rows before validation: 531095
[2026-02-13T21:12:52.463+0000] {logging_mixin.py:188} INFO - [2026-02-13T21:12:52.455+0000] {dagbag.py:348} ERROR - Failed to import: /opt/airflow/dags/scripts/validate.py
Traceback (most recent call last):
  File "/home/airflow/.local/lib/python3.8/site-packages/pandas/core/indexes/base.py", line 3653, in get_loc
    return self._engine.get_loc(casted_key)
  File "pandas/_libs/index.pyx", line 147, in pandas._libs.index.IndexEngine.get_loc
  File "pandas/_libs/index.pyx", line 176, in pandas._libs.index.IndexEngine.get_loc
  File "pandas/_libs/hashtable_class_helper.pxi", line 7080, in pandas._libs.hashtable.PyObjectHashTable.get_item
  File "pandas/_libs/hashtable_class_helper.pxi", line 7088, in pandas._libs.hashtable.PyObjectHashTable.get_item
KeyError: 'Transactionno'

The above exception was the direct cause of the following exception:

Traceback (most recent call last):
  File "/home/airflow/.local/lib/python3.8/site-packages/airflow/models/dagbag.py", line 344, in parse
    loader.exec_module(new_module)
  File "<frozen importlib._bootstrap_external>", line 843, in exec_module
  File "<frozen importlib._bootstrap>", line 219, in _call_with_frames_removed
  File "/opt/airflow/dags/scripts/validate.py", line 22, in <module>
    if df["Transactionno"].isnull().any():
  File "/home/airflow/.local/lib/python3.8/site-packages/pandas/core/frame.py", line 3761, in __getitem__
    indexer = self.columns.get_loc(key)
  File "/home/airflow/.local/lib/python3.8/site-packages/pandas/core/indexes/base.py", line 3655, in get_loc
    raise KeyError(key) from err
KeyError: 'Transactionno'
[2026-02-13T21:12:52.463+0000] {processor.py:842} WARNING - No viable dags retrieved from /opt/airflow/dags/scripts/validate.py
[2026-02-13T21:12:52.482+0000] {processor.py:183} INFO - Processing /opt/airflow/dags/scripts/validate.py took 1.071 seconds
[2026-02-13T21:12:52.555+0000] {processor.py:161} INFO - Started process (PID=99) to work on /opt/airflow/dags/scripts/validate.py
[2026-02-13T21:12:52.556+0000] {processor.py:830} INFO - Processing file /opt/airflow/dags/scripts/validate.py for tasks to queue
[2026-02-13T21:12:52.558+0000] {logging_mixin.py:188} INFO - [2026-02-13T21:12:52.558+0000] {dagbag.py:538} INFO - Filling up the DagBag from /opt/airflow/dags/scripts/validate.py
[2026-02-13T21:12:52.784+0000] {logging_mixin.py:188} INFO - [2026-02-13T21:12:52.784+0000] {validate.py:11} INFO - Reading transformed data...
[2026-02-13T21:12:53.481+0000] {logging_mixin.py:188} INFO - [2026-02-13T21:12:53.480+0000] {validate.py:14} INFO - Index(['transactionno', 'date', 'productno', 'productname', 'price',
       'quantity', 'customerno', 'country'],
      dtype='object')
[2026-02-13T21:12:53.482+0000] {logging_mixin.py:188} INFO - [2026-02-13T21:12:53.482+0000] {validate.py:17} INFO - Rows before validation: 531095
[2026-02-13T21:12:53.492+0000] {logging_mixin.py:188} INFO - [2026-02-13T21:12:53.483+0000] {dagbag.py:348} ERROR - Failed to import: /opt/airflow/dags/scripts/validate.py
Traceback (most recent call last):
  File "/home/airflow/.local/lib/python3.8/site-packages/pandas/core/indexes/base.py", line 3653, in get_loc
    return self._engine.get_loc(casted_key)
  File "pandas/_libs/index.pyx", line 147, in pandas._libs.index.IndexEngine.get_loc
  File "pandas/_libs/index.pyx", line 176, in pandas._libs.index.IndexEngine.get_loc
  File "pandas/_libs/hashtable_class_helper.pxi", line 7080, in pandas._libs.hashtable.PyObjectHashTable.get_item
  File "pandas/_libs/hashtable_class_helper.pxi", line 7088, in pandas._libs.hashtable.PyObjectHashTable.get_item
KeyError: 'Transactionno'

The above exception was the direct cause of the following exception:

Traceback (most recent call last):
  File "/home/airflow/.local/lib/python3.8/site-packages/airflow/models/dagbag.py", line 344, in parse
    loader.exec_module(new_module)
  File "<frozen importlib._bootstrap_external>", line 843, in exec_module
  File "<frozen importlib._bootstrap>", line 219, in _call_with_frames_removed
  File "/opt/airflow/dags/scripts/validate.py", line 22, in <module>
    if df["Transactionno"].isnull().any():
  File "/home/airflow/.local/lib/python3.8/site-packages/pandas/core/frame.py", line 3761, in __getitem__
    indexer = self.columns.get_loc(key)
  File "/home/airflow/.local/lib/python3.8/site-packages/pandas/core/indexes/base.py", line 3655, in get_loc
    raise KeyError(key) from err
KeyError: 'Transactionno'
[2026-02-13T21:12:53.493+0000] {processor.py:842} WARNING - No viable dags retrieved from /opt/airflow/dags/scripts/validate.py
[2026-02-13T21:12:53.510+0000] {processor.py:183} INFO - Processing /opt/airflow/dags/scripts/validate.py took 0.959 seconds
[2026-02-13T21:12:56.520+0000] {processor.py:161} INFO - Started process (PID=101) to work on /opt/airflow/dags/scripts/validate.py
[2026-02-13T21:12:56.521+0000] {processor.py:830} INFO - Processing file /opt/airflow/dags/scripts/validate.py for tasks to queue
[2026-02-13T21:12:56.524+0000] {logging_mixin.py:188} INFO - [2026-02-13T21:12:56.524+0000] {dagbag.py:538} INFO - Filling up the DagBag from /opt/airflow/dags/scripts/validate.py
[2026-02-13T21:12:56.782+0000] {logging_mixin.py:188} INFO - [2026-02-13T21:12:56.782+0000] {validate.py:11} INFO - Reading transformed data...
[2026-02-13T21:12:57.544+0000] {logging_mixin.py:188} INFO - [2026-02-13T21:12:57.543+0000] {validate.py:14} INFO - Index(['transactionno', 'date', 'productno', 'productname', 'price',
       'quantity', 'customerno', 'country'],
      dtype='object')
[2026-02-13T21:12:57.545+0000] {logging_mixin.py:188} INFO - [2026-02-13T21:12:57.545+0000] {validate.py:17} INFO - Rows before validation: 531095
[2026-02-13T21:12:57.582+0000] {logging_mixin.py:188} INFO - [2026-02-13T21:12:57.546+0000] {dagbag.py:348} ERROR - Failed to import: /opt/airflow/dags/scripts/validate.py
Traceback (most recent call last):
  File "/home/airflow/.local/lib/python3.8/site-packages/pandas/core/indexes/base.py", line 3653, in get_loc
    return self._engine.get_loc(casted_key)
  File "pandas/_libs/index.pyx", line 147, in pandas._libs.index.IndexEngine.get_loc
  File "pandas/_libs/index.pyx", line 176, in pandas._libs.index.IndexEngine.get_loc
  File "pandas/_libs/hashtable_class_helper.pxi", line 7080, in pandas._libs.hashtable.PyObjectHashTable.get_item
  File "pandas/_libs/hashtable_class_helper.pxi", line 7088, in pandas._libs.hashtable.PyObjectHashTable.get_item
KeyError: 'Transactionno'

The above exception was the direct cause of the following exception:

Traceback (most recent call last):
  File "/home/airflow/.local/lib/python3.8/site-packages/airflow/models/dagbag.py", line 344, in parse
    loader.exec_module(new_module)
  File "<frozen importlib._bootstrap_external>", line 843, in exec_module
  File "<frozen importlib._bootstrap>", line 219, in _call_with_frames_removed
  File "/opt/airflow/dags/scripts/validate.py", line 22, in <module>
    if df["Transactionno"].isnull().any():
  File "/home/airflow/.local/lib/python3.8/site-packages/pandas/core/frame.py", line 3761, in __getitem__
    indexer = self.columns.get_loc(key)
  File "/home/airflow/.local/lib/python3.8/site-packages/pandas/core/indexes/base.py", line 3655, in get_loc
    raise KeyError(key) from err
KeyError: 'Transactionno'
[2026-02-13T21:12:57.583+0000] {processor.py:842} WARNING - No viable dags retrieved from /opt/airflow/dags/scripts/validate.py
[2026-02-13T21:12:57.607+0000] {processor.py:183} INFO - Processing /opt/airflow/dags/scripts/validate.py took 1.091 seconds
[2026-02-13T21:13:27.959+0000] {processor.py:161} INFO - Started process (PID=110) to work on /opt/airflow/dags/scripts/validate.py
[2026-02-13T21:13:27.961+0000] {processor.py:830} INFO - Processing file /opt/airflow/dags/scripts/validate.py for tasks to queue
[2026-02-13T21:13:27.964+0000] {logging_mixin.py:188} INFO - [2026-02-13T21:13:27.964+0000] {dagbag.py:538} INFO - Filling up the DagBag from /opt/airflow/dags/scripts/validate.py
[2026-02-13T21:13:28.242+0000] {logging_mixin.py:188} INFO - [2026-02-13T21:13:28.242+0000] {validate.py:11} INFO - Reading transformed data...
[2026-02-13T21:13:29.074+0000] {logging_mixin.py:188} INFO - [2026-02-13T21:13:29.074+0000] {validate.py:14} INFO - Index(['transactionno', 'date', 'productno', 'productname', 'price',
       'quantity', 'customerno', 'country'],
      dtype='object')
[2026-02-13T21:13:29.075+0000] {logging_mixin.py:188} INFO - [2026-02-13T21:13:29.075+0000] {validate.py:17} INFO - Rows before validation: 531095
[2026-02-13T21:13:29.085+0000] {logging_mixin.py:188} INFO - [2026-02-13T21:13:29.076+0000] {dagbag.py:348} ERROR - Failed to import: /opt/airflow/dags/scripts/validate.py
Traceback (most recent call last):
  File "/home/airflow/.local/lib/python3.8/site-packages/pandas/core/indexes/base.py", line 3653, in get_loc
    return self._engine.get_loc(casted_key)
  File "pandas/_libs/index.pyx", line 147, in pandas._libs.index.IndexEngine.get_loc
  File "pandas/_libs/index.pyx", line 176, in pandas._libs.index.IndexEngine.get_loc
  File "pandas/_libs/hashtable_class_helper.pxi", line 7080, in pandas._libs.hashtable.PyObjectHashTable.get_item
  File "pandas/_libs/hashtable_class_helper.pxi", line 7088, in pandas._libs.hashtable.PyObjectHashTable.get_item
KeyError: 'Transactionno'

The above exception was the direct cause of the following exception:

Traceback (most recent call last):
  File "/home/airflow/.local/lib/python3.8/site-packages/airflow/models/dagbag.py", line 344, in parse
    loader.exec_module(new_module)
  File "<frozen importlib._bootstrap_external>", line 843, in exec_module
  File "<frozen importlib._bootstrap>", line 219, in _call_with_frames_removed
  File "/opt/airflow/dags/scripts/validate.py", line 22, in <module>
    if df["Transactionno"].isnull().any():
  File "/home/airflow/.local/lib/python3.8/site-packages/pandas/core/frame.py", line 3761, in __getitem__
    indexer = self.columns.get_loc(key)
  File "/home/airflow/.local/lib/python3.8/site-packages/pandas/core/indexes/base.py", line 3655, in get_loc
    raise KeyError(key) from err
KeyError: 'Transactionno'
[2026-02-13T21:13:29.086+0000] {processor.py:842} WARNING - No viable dags retrieved from /opt/airflow/dags/scripts/validate.py
[2026-02-13T21:13:29.115+0000] {processor.py:183} INFO - Processing /opt/airflow/dags/scripts/validate.py took 1.159 seconds
[2026-02-13T21:13:59.460+0000] {processor.py:161} INFO - Started process (PID=119) to work on /opt/airflow/dags/scripts/validate.py
[2026-02-13T21:13:59.462+0000] {processor.py:830} INFO - Processing file /opt/airflow/dags/scripts/validate.py for tasks to queue
[2026-02-13T21:13:59.464+0000] {logging_mixin.py:188} INFO - [2026-02-13T21:13:59.464+0000] {dagbag.py:538} INFO - Filling up the DagBag from /opt/airflow/dags/scripts/validate.py
[2026-02-13T21:13:59.703+0000] {logging_mixin.py:188} INFO - [2026-02-13T21:13:59.703+0000] {validate.py:11} INFO - Reading transformed data...
[2026-02-13T21:14:00.546+0000] {logging_mixin.py:188} INFO - [2026-02-13T21:14:00.546+0000] {validate.py:14} INFO - Index(['transactionno', 'date', 'productno', 'productname', 'price',
       'quantity', 'customerno', 'country'],
      dtype='object')
[2026-02-13T21:14:00.547+0000] {logging_mixin.py:188} INFO - [2026-02-13T21:14:00.547+0000] {validate.py:17} INFO - Rows before validation: 531095
[2026-02-13T21:14:00.558+0000] {logging_mixin.py:188} INFO - [2026-02-13T21:14:00.548+0000] {dagbag.py:348} ERROR - Failed to import: /opt/airflow/dags/scripts/validate.py
Traceback (most recent call last):
  File "/home/airflow/.local/lib/python3.8/site-packages/pandas/core/indexes/base.py", line 3653, in get_loc
    return self._engine.get_loc(casted_key)
  File "pandas/_libs/index.pyx", line 147, in pandas._libs.index.IndexEngine.get_loc
  File "pandas/_libs/index.pyx", line 176, in pandas._libs.index.IndexEngine.get_loc
  File "pandas/_libs/hashtable_class_helper.pxi", line 7080, in pandas._libs.hashtable.PyObjectHashTable.get_item
  File "pandas/_libs/hashtable_class_helper.pxi", line 7088, in pandas._libs.hashtable.PyObjectHashTable.get_item
KeyError: 'Transactionno'

The above exception was the direct cause of the following exception:

Traceback (most recent call last):
  File "/home/airflow/.local/lib/python3.8/site-packages/airflow/models/dagbag.py", line 344, in parse
    loader.exec_module(new_module)
  File "<frozen importlib._bootstrap_external>", line 843, in exec_module
  File "<frozen importlib._bootstrap>", line 219, in _call_with_frames_removed
  File "/opt/airflow/dags/scripts/validate.py", line 22, in <module>
    if df["Transactionno"].isnull().any():
  File "/home/airflow/.local/lib/python3.8/site-packages/pandas/core/frame.py", line 3761, in __getitem__
    indexer = self.columns.get_loc(key)
  File "/home/airflow/.local/lib/python3.8/site-packages/pandas/core/indexes/base.py", line 3655, in get_loc
    raise KeyError(key) from err
KeyError: 'Transactionno'
[2026-02-13T21:14:00.559+0000] {processor.py:842} WARNING - No viable dags retrieved from /opt/airflow/dags/scripts/validate.py
[2026-02-13T21:14:00.587+0000] {processor.py:183} INFO - Processing /opt/airflow/dags/scripts/validate.py took 1.131 seconds
[2026-02-13T21:14:30.949+0000] {processor.py:161} INFO - Started process (PID=135) to work on /opt/airflow/dags/scripts/validate.py
[2026-02-13T21:14:30.950+0000] {processor.py:830} INFO - Processing file /opt/airflow/dags/scripts/validate.py for tasks to queue
[2026-02-13T21:14:30.951+0000] {logging_mixin.py:188} INFO - [2026-02-13T21:14:30.951+0000] {dagbag.py:538} INFO - Filling up the DagBag from /opt/airflow/dags/scripts/validate.py
[2026-02-13T21:14:31.194+0000] {logging_mixin.py:188} INFO - [2026-02-13T21:14:31.194+0000] {validate.py:11} INFO - Reading transformed data...
[2026-02-13T21:14:31.974+0000] {logging_mixin.py:188} INFO - [2026-02-13T21:14:31.974+0000] {validate.py:14} INFO - Index(['transactionno', 'date', 'productno', 'productname', 'price',
       'quantity', 'customerno', 'country'],
      dtype='object')
[2026-02-13T21:14:31.975+0000] {logging_mixin.py:188} INFO - [2026-02-13T21:14:31.975+0000] {validate.py:17} INFO - Rows before validation: 531095
[2026-02-13T21:14:31.983+0000] {logging_mixin.py:188} INFO - [2026-02-13T21:14:31.976+0000] {dagbag.py:348} ERROR - Failed to import: /opt/airflow/dags/scripts/validate.py
Traceback (most recent call last):
  File "/home/airflow/.local/lib/python3.8/site-packages/pandas/core/indexes/base.py", line 3653, in get_loc
    return self._engine.get_loc(casted_key)
  File "pandas/_libs/index.pyx", line 147, in pandas._libs.index.IndexEngine.get_loc
  File "pandas/_libs/index.pyx", line 176, in pandas._libs.index.IndexEngine.get_loc
  File "pandas/_libs/hashtable_class_helper.pxi", line 7080, in pandas._libs.hashtable.PyObjectHashTable.get_item
  File "pandas/_libs/hashtable_class_helper.pxi", line 7088, in pandas._libs.hashtable.PyObjectHashTable.get_item
KeyError: 'Transactionno'

The above exception was the direct cause of the following exception:

Traceback (most recent call last):
  File "/home/airflow/.local/lib/python3.8/site-packages/airflow/models/dagbag.py", line 344, in parse
    loader.exec_module(new_module)
  File "<frozen importlib._bootstrap_external>", line 843, in exec_module
  File "<frozen importlib._bootstrap>", line 219, in _call_with_frames_removed
  File "/opt/airflow/dags/scripts/validate.py", line 22, in <module>
    if df["Transactionno"].isnull().any():
  File "/home/airflow/.local/lib/python3.8/site-packages/pandas/core/frame.py", line 3761, in __getitem__
    indexer = self.columns.get_loc(key)
  File "/home/airflow/.local/lib/python3.8/site-packages/pandas/core/indexes/base.py", line 3655, in get_loc
    raise KeyError(key) from err
KeyError: 'Transactionno'
[2026-02-13T21:14:31.984+0000] {processor.py:842} WARNING - No viable dags retrieved from /opt/airflow/dags/scripts/validate.py
[2026-02-13T21:14:32.002+0000] {processor.py:183} INFO - Processing /opt/airflow/dags/scripts/validate.py took 1.059 seconds
[2026-02-13T21:14:37.061+0000] {processor.py:161} INFO - Started process (PID=137) to work on /opt/airflow/dags/scripts/validate.py
[2026-02-13T21:14:37.062+0000] {processor.py:830} INFO - Processing file /opt/airflow/dags/scripts/validate.py for tasks to queue
[2026-02-13T21:14:37.064+0000] {logging_mixin.py:188} INFO - [2026-02-13T21:14:37.064+0000] {dagbag.py:538} INFO - Filling up the DagBag from /opt/airflow/dags/scripts/validate.py
[2026-02-13T21:14:37.365+0000] {logging_mixin.py:188} INFO - [2026-02-13T21:14:37.365+0000] {validate.py:11} INFO - Reading transformed data...
[2026-02-13T21:14:38.122+0000] {logging_mixin.py:188} INFO - [2026-02-13T21:14:38.122+0000] {validate.py:14} INFO - Index(['transactionno', 'date', 'productno', 'productname', 'price',
       'quantity', 'customerno', 'country'],
      dtype='object')
[2026-02-13T21:14:38.123+0000] {logging_mixin.py:188} INFO - [2026-02-13T21:14:38.123+0000] {validate.py:17} INFO - Rows before validation: 531095
[2026-02-13T21:14:38.134+0000] {logging_mixin.py:188} INFO - [2026-02-13T21:14:38.124+0000] {dagbag.py:348} ERROR - Failed to import: /opt/airflow/dags/scripts/validate.py
Traceback (most recent call last):
  File "/home/airflow/.local/lib/python3.8/site-packages/pandas/core/indexes/base.py", line 3653, in get_loc
    return self._engine.get_loc(casted_key)
  File "pandas/_libs/index.pyx", line 147, in pandas._libs.index.IndexEngine.get_loc
  File "pandas/_libs/index.pyx", line 176, in pandas._libs.index.IndexEngine.get_loc
  File "pandas/_libs/hashtable_class_helper.pxi", line 7080, in pandas._libs.hashtable.PyObjectHashTable.get_item
  File "pandas/_libs/hashtable_class_helper.pxi", line 7088, in pandas._libs.hashtable.PyObjectHashTable.get_item
KeyError: 'TransactionNo'

The above exception was the direct cause of the following exception:

Traceback (most recent call last):
  File "/home/airflow/.local/lib/python3.8/site-packages/airflow/models/dagbag.py", line 344, in parse
    loader.exec_module(new_module)
  File "<frozen importlib._bootstrap_external>", line 843, in exec_module
  File "<frozen importlib._bootstrap>", line 219, in _call_with_frames_removed
  File "/opt/airflow/dags/scripts/validate.py", line 22, in <module>
    if df["TransactionNo"].isnull().any():
  File "/home/airflow/.local/lib/python3.8/site-packages/pandas/core/frame.py", line 3761, in __getitem__
    indexer = self.columns.get_loc(key)
  File "/home/airflow/.local/lib/python3.8/site-packages/pandas/core/indexes/base.py", line 3655, in get_loc
    raise KeyError(key) from err
KeyError: 'TransactionNo'
[2026-02-13T21:14:38.135+0000] {processor.py:842} WARNING - No viable dags retrieved from /opt/airflow/dags/scripts/validate.py
[2026-02-13T21:14:38.153+0000] {processor.py:183} INFO - Processing /opt/airflow/dags/scripts/validate.py took 1.095 seconds
[2026-02-13T21:14:39.153+0000] {processor.py:161} INFO - Started process (PID=139) to work on /opt/airflow/dags/scripts/validate.py
[2026-02-13T21:14:39.154+0000] {processor.py:830} INFO - Processing file /opt/airflow/dags/scripts/validate.py for tasks to queue
[2026-02-13T21:14:39.156+0000] {logging_mixin.py:188} INFO - [2026-02-13T21:14:39.156+0000] {dagbag.py:538} INFO - Filling up the DagBag from /opt/airflow/dags/scripts/validate.py
[2026-02-13T21:14:39.439+0000] {logging_mixin.py:188} INFO - [2026-02-13T21:14:39.439+0000] {validate.py:11} INFO - Reading transformed data...
[2026-02-13T21:14:40.132+0000] {logging_mixin.py:188} INFO - [2026-02-13T21:14:40.131+0000] {validate.py:14} INFO - Index(['transactionno', 'date', 'productno', 'productname', 'price',
       'quantity', 'customerno', 'country'],
      dtype='object')
[2026-02-13T21:14:40.133+0000] {logging_mixin.py:188} INFO - [2026-02-13T21:14:40.133+0000] {validate.py:17} INFO - Rows before validation: 531095
[2026-02-13T21:14:40.143+0000] {logging_mixin.py:188} INFO - [2026-02-13T21:14:40.134+0000] {dagbag.py:348} ERROR - Failed to import: /opt/airflow/dags/scripts/validate.py
Traceback (most recent call last):
  File "/home/airflow/.local/lib/python3.8/site-packages/pandas/core/indexes/base.py", line 3653, in get_loc
    return self._engine.get_loc(casted_key)
  File "pandas/_libs/index.pyx", line 147, in pandas._libs.index.IndexEngine.get_loc
  File "pandas/_libs/index.pyx", line 176, in pandas._libs.index.IndexEngine.get_loc
  File "pandas/_libs/hashtable_class_helper.pxi", line 7080, in pandas._libs.hashtable.PyObjectHashTable.get_item
  File "pandas/_libs/hashtable_class_helper.pxi", line 7088, in pandas._libs.hashtable.PyObjectHashTable.get_item
KeyError: 'TransactionNo'

The above exception was the direct cause of the following exception:

Traceback (most recent call last):
  File "/home/airflow/.local/lib/python3.8/site-packages/airflow/models/dagbag.py", line 344, in parse
    loader.exec_module(new_module)
  File "<frozen importlib._bootstrap_external>", line 843, in exec_module
  File "<frozen importlib._bootstrap>", line 219, in _call_with_frames_removed
  File "/opt/airflow/dags/scripts/validate.py", line 22, in <module>
    if df["TransactionNo"].isnull().any():
  File "/home/airflow/.local/lib/python3.8/site-packages/pandas/core/frame.py", line 3761, in __getitem__
    indexer = self.columns.get_loc(key)
  File "/home/airflow/.local/lib/python3.8/site-packages/pandas/core/indexes/base.py", line 3655, in get_loc
    raise KeyError(key) from err
KeyError: 'TransactionNo'
[2026-02-13T21:14:40.143+0000] {processor.py:842} WARNING - No viable dags retrieved from /opt/airflow/dags/scripts/validate.py
[2026-02-13T21:14:40.158+0000] {processor.py:183} INFO - Processing /opt/airflow/dags/scripts/validate.py took 1.009 seconds
[2026-02-13T21:14:41.187+0000] {processor.py:161} INFO - Started process (PID=141) to work on /opt/airflow/dags/scripts/validate.py
[2026-02-13T21:14:41.189+0000] {processor.py:830} INFO - Processing file /opt/airflow/dags/scripts/validate.py for tasks to queue
[2026-02-13T21:14:41.191+0000] {logging_mixin.py:188} INFO - [2026-02-13T21:14:41.191+0000] {dagbag.py:538} INFO - Filling up the DagBag from /opt/airflow/dags/scripts/validate.py
[2026-02-13T21:14:41.446+0000] {logging_mixin.py:188} INFO - [2026-02-13T21:14:41.445+0000] {validate.py:11} INFO - Reading transformed data...
[2026-02-13T21:14:42.175+0000] {logging_mixin.py:188} INFO - [2026-02-13T21:14:42.172+0000] {validate.py:14} INFO - Index(['transactionno', 'date', 'productno', 'productname', 'price',
       'quantity', 'customerno', 'country'],
      dtype='object')
[2026-02-13T21:14:42.177+0000] {logging_mixin.py:188} INFO - [2026-02-13T21:14:42.176+0000] {validate.py:17} INFO - Rows before validation: 531095
[2026-02-13T21:14:42.189+0000] {logging_mixin.py:188} INFO - [2026-02-13T21:14:42.177+0000] {dagbag.py:348} ERROR - Failed to import: /opt/airflow/dags/scripts/validate.py
Traceback (most recent call last):
  File "/home/airflow/.local/lib/python3.8/site-packages/pandas/core/indexes/base.py", line 3653, in get_loc
    return self._engine.get_loc(casted_key)
  File "pandas/_libs/index.pyx", line 147, in pandas._libs.index.IndexEngine.get_loc
  File "pandas/_libs/index.pyx", line 176, in pandas._libs.index.IndexEngine.get_loc
  File "pandas/_libs/hashtable_class_helper.pxi", line 7080, in pandas._libs.hashtable.PyObjectHashTable.get_item
  File "pandas/_libs/hashtable_class_helper.pxi", line 7088, in pandas._libs.hashtable.PyObjectHashTable.get_item
KeyError: 'TransactionNo'

The above exception was the direct cause of the following exception:

Traceback (most recent call last):
  File "/home/airflow/.local/lib/python3.8/site-packages/airflow/models/dagbag.py", line 344, in parse
    loader.exec_module(new_module)
  File "<frozen importlib._bootstrap_external>", line 843, in exec_module
  File "<frozen importlib._bootstrap>", line 219, in _call_with_frames_removed
  File "/opt/airflow/dags/scripts/validate.py", line 22, in <module>
    if df["TransactionNo"].isnull().any():
  File "/home/airflow/.local/lib/python3.8/site-packages/pandas/core/frame.py", line 3761, in __getitem__
    indexer = self.columns.get_loc(key)
  File "/home/airflow/.local/lib/python3.8/site-packages/pandas/core/indexes/base.py", line 3655, in get_loc
    raise KeyError(key) from err
KeyError: 'TransactionNo'
[2026-02-13T21:14:42.190+0000] {processor.py:842} WARNING - No viable dags retrieved from /opt/airflow/dags/scripts/validate.py
[2026-02-13T21:14:42.207+0000] {processor.py:183} INFO - Processing /opt/airflow/dags/scripts/validate.py took 1.023 seconds
[2026-02-13T21:15:25.924+0000] {processor.py:161} INFO - Started process (PID=143) to work on /opt/airflow/dags/scripts/validate.py
[2026-02-13T21:15:25.925+0000] {processor.py:830} INFO - Processing file /opt/airflow/dags/scripts/validate.py for tasks to queue
[2026-02-13T21:15:25.929+0000] {logging_mixin.py:188} INFO - [2026-02-13T21:15:25.928+0000] {dagbag.py:538} INFO - Filling up the DagBag from /opt/airflow/dags/scripts/validate.py
[2026-02-13T21:15:26.195+0000] {logging_mixin.py:188} INFO - [2026-02-13T21:15:26.195+0000] {validate.py:11} INFO - Reading transformed data...
[2026-02-13T21:15:26.981+0000] {logging_mixin.py:188} INFO - [2026-02-13T21:15:26.981+0000] {validate.py:14} INFO - Index(['transactionno', 'date', 'productno', 'productname', 'price',
       'quantity', 'customerno', 'country'],
      dtype='object')
[2026-02-13T21:15:26.982+0000] {logging_mixin.py:188} INFO - [2026-02-13T21:15:26.982+0000] {validate.py:17} INFO - Rows before validation: 531095
[2026-02-13T21:15:26.993+0000] {logging_mixin.py:188} INFO - [2026-02-13T21:15:26.983+0000] {dagbag.py:348} ERROR - Failed to import: /opt/airflow/dags/scripts/validate.py
Traceback (most recent call last):
  File "/home/airflow/.local/lib/python3.8/site-packages/pandas/core/indexes/base.py", line 3653, in get_loc
    return self._engine.get_loc(casted_key)
  File "pandas/_libs/index.pyx", line 147, in pandas._libs.index.IndexEngine.get_loc
  File "pandas/_libs/index.pyx", line 176, in pandas._libs.index.IndexEngine.get_loc
  File "pandas/_libs/hashtable_class_helper.pxi", line 7080, in pandas._libs.hashtable.PyObjectHashTable.get_item
  File "pandas/_libs/hashtable_class_helper.pxi", line 7088, in pandas._libs.hashtable.PyObjectHashTable.get_item
KeyError: 'TransactionNo'

The above exception was the direct cause of the following exception:

Traceback (most recent call last):
  File "/home/airflow/.local/lib/python3.8/site-packages/airflow/models/dagbag.py", line 344, in parse
    loader.exec_module(new_module)
  File "<frozen importlib._bootstrap_external>", line 843, in exec_module
  File "<frozen importlib._bootstrap>", line 219, in _call_with_frames_removed
  File "/opt/airflow/dags/scripts/validate.py", line 22, in <module>
    if df["TransactionNo"].isnull().any():
  File "/home/airflow/.local/lib/python3.8/site-packages/pandas/core/frame.py", line 3761, in __getitem__
    indexer = self.columns.get_loc(key)
  File "/home/airflow/.local/lib/python3.8/site-packages/pandas/core/indexes/base.py", line 3655, in get_loc
    raise KeyError(key) from err
KeyError: 'TransactionNo'
[2026-02-13T21:15:26.994+0000] {processor.py:842} WARNING - No viable dags retrieved from /opt/airflow/dags/scripts/validate.py
[2026-02-13T21:15:27.030+0000] {processor.py:183} INFO - Processing /opt/airflow/dags/scripts/validate.py took 1.114 seconds
[2026-02-13T21:16:42.051+0000] {processor.py:161} INFO - Started process (PID=63) to work on /opt/airflow/dags/scripts/validate.py
[2026-02-13T21:16:42.053+0000] {processor.py:830} INFO - Processing file /opt/airflow/dags/scripts/validate.py for tasks to queue
[2026-02-13T21:16:42.058+0000] {logging_mixin.py:188} INFO - [2026-02-13T21:16:42.057+0000] {dagbag.py:538} INFO - Filling up the DagBag from /opt/airflow/dags/scripts/validate.py
[2026-02-13T21:16:43.638+0000] {logging_mixin.py:188} INFO - [2026-02-13T21:16:43.638+0000] {validate.py:11} INFO - Reading transformed data...
[2026-02-13T21:16:45.022+0000] {logging_mixin.py:188} INFO - [2026-02-13T21:16:45.022+0000] {validate.py:14} INFO - Index(['transactionno', 'date', 'productno', 'productname', 'price',
       'quantity', 'customerno', 'country'],
      dtype='object')
[2026-02-13T21:16:45.024+0000] {logging_mixin.py:188} INFO - [2026-02-13T21:16:45.023+0000] {validate.py:17} INFO - Rows before validation: 531095
[2026-02-13T21:16:45.039+0000] {logging_mixin.py:188} INFO - [2026-02-13T21:16:45.025+0000] {dagbag.py:348} ERROR - Failed to import: /opt/airflow/dags/scripts/validate.py
Traceback (most recent call last):
  File "/home/airflow/.local/lib/python3.8/site-packages/pandas/core/indexes/base.py", line 3653, in get_loc
    return self._engine.get_loc(casted_key)
  File "pandas/_libs/index.pyx", line 147, in pandas._libs.index.IndexEngine.get_loc
  File "pandas/_libs/index.pyx", line 176, in pandas._libs.index.IndexEngine.get_loc
  File "pandas/_libs/hashtable_class_helper.pxi", line 7080, in pandas._libs.hashtable.PyObjectHashTable.get_item
  File "pandas/_libs/hashtable_class_helper.pxi", line 7088, in pandas._libs.hashtable.PyObjectHashTable.get_item
KeyError: 'TransactionNo'

The above exception was the direct cause of the following exception:

Traceback (most recent call last):
  File "/home/airflow/.local/lib/python3.8/site-packages/airflow/models/dagbag.py", line 344, in parse
    loader.exec_module(new_module)
  File "<frozen importlib._bootstrap_external>", line 843, in exec_module
  File "<frozen importlib._bootstrap>", line 219, in _call_with_frames_removed
  File "/opt/airflow/dags/scripts/validate.py", line 22, in <module>
    if df["TransactionNo"].isnull().any():
  File "/home/airflow/.local/lib/python3.8/site-packages/pandas/core/frame.py", line 3761, in __getitem__
    indexer = self.columns.get_loc(key)
  File "/home/airflow/.local/lib/python3.8/site-packages/pandas/core/indexes/base.py", line 3655, in get_loc
    raise KeyError(key) from err
KeyError: 'TransactionNo'
[2026-02-13T21:16:45.040+0000] {processor.py:842} WARNING - No viable dags retrieved from /opt/airflow/dags/scripts/validate.py
[2026-02-13T21:16:45.073+0000] {processor.py:183} INFO - Processing /opt/airflow/dags/scripts/validate.py took 3.026 seconds
[2026-02-13T21:17:15.970+0000] {processor.py:161} INFO - Started process (PID=80) to work on /opt/airflow/dags/scripts/validate.py
[2026-02-13T21:17:15.971+0000] {processor.py:830} INFO - Processing file /opt/airflow/dags/scripts/validate.py for tasks to queue
[2026-02-13T21:17:15.974+0000] {logging_mixin.py:188} INFO - [2026-02-13T21:17:15.973+0000] {dagbag.py:538} INFO - Filling up the DagBag from /opt/airflow/dags/scripts/validate.py
[2026-02-13T21:17:16.223+0000] {logging_mixin.py:188} INFO - [2026-02-13T21:17:16.223+0000] {validate.py:11} INFO - Reading transformed data...
[2026-02-13T21:17:17.003+0000] {logging_mixin.py:188} INFO - [2026-02-13T21:17:17.003+0000] {validate.py:14} INFO - Index(['transactionno', 'date', 'productno', 'productname', 'price',
       'quantity', 'customerno', 'country'],
      dtype='object')
[2026-02-13T21:17:17.004+0000] {logging_mixin.py:188} INFO - [2026-02-13T21:17:17.004+0000] {validate.py:17} INFO - Rows before validation: 531095
[2026-02-13T21:17:17.014+0000] {logging_mixin.py:188} INFO - [2026-02-13T21:17:17.005+0000] {dagbag.py:348} ERROR - Failed to import: /opt/airflow/dags/scripts/validate.py
Traceback (most recent call last):
  File "/home/airflow/.local/lib/python3.8/site-packages/pandas/core/indexes/base.py", line 3653, in get_loc
    return self._engine.get_loc(casted_key)
  File "pandas/_libs/index.pyx", line 147, in pandas._libs.index.IndexEngine.get_loc
  File "pandas/_libs/index.pyx", line 176, in pandas._libs.index.IndexEngine.get_loc
  File "pandas/_libs/hashtable_class_helper.pxi", line 7080, in pandas._libs.hashtable.PyObjectHashTable.get_item
  File "pandas/_libs/hashtable_class_helper.pxi", line 7088, in pandas._libs.hashtable.PyObjectHashTable.get_item
KeyError: 'TransactionNo'

The above exception was the direct cause of the following exception:

Traceback (most recent call last):
  File "/home/airflow/.local/lib/python3.8/site-packages/airflow/models/dagbag.py", line 344, in parse
    loader.exec_module(new_module)
  File "<frozen importlib._bootstrap_external>", line 843, in exec_module
  File "<frozen importlib._bootstrap>", line 219, in _call_with_frames_removed
  File "/opt/airflow/dags/scripts/validate.py", line 22, in <module>
    if df["TransactionNo"].isnull().any():
  File "/home/airflow/.local/lib/python3.8/site-packages/pandas/core/frame.py", line 3761, in __getitem__
    indexer = self.columns.get_loc(key)
  File "/home/airflow/.local/lib/python3.8/site-packages/pandas/core/indexes/base.py", line 3655, in get_loc
    raise KeyError(key) from err
KeyError: 'TransactionNo'
[2026-02-13T21:17:17.015+0000] {processor.py:842} WARNING - No viable dags retrieved from /opt/airflow/dags/scripts/validate.py
[2026-02-13T21:17:17.033+0000] {processor.py:183} INFO - Processing /opt/airflow/dags/scripts/validate.py took 1.067 seconds
[2026-02-13T21:17:47.337+0000] {processor.py:161} INFO - Started process (PID=90) to work on /opt/airflow/dags/scripts/validate.py
[2026-02-13T21:17:47.339+0000] {processor.py:830} INFO - Processing file /opt/airflow/dags/scripts/validate.py for tasks to queue
[2026-02-13T21:17:47.341+0000] {logging_mixin.py:188} INFO - [2026-02-13T21:17:47.341+0000] {dagbag.py:538} INFO - Filling up the DagBag from /opt/airflow/dags/scripts/validate.py
[2026-02-13T21:17:47.600+0000] {logging_mixin.py:188} INFO - [2026-02-13T21:17:47.600+0000] {validate.py:11} INFO - Reading transformed data...
[2026-02-13T21:17:48.428+0000] {logging_mixin.py:188} INFO - [2026-02-13T21:17:48.428+0000] {validate.py:14} INFO - Index(['transactionno', 'date', 'productno', 'productname', 'price',
       'quantity', 'customerno', 'country'],
      dtype='object')
[2026-02-13T21:17:48.429+0000] {logging_mixin.py:188} INFO - [2026-02-13T21:17:48.429+0000] {validate.py:17} INFO - Rows before validation: 531095
[2026-02-13T21:17:48.439+0000] {logging_mixin.py:188} INFO - [2026-02-13T21:17:48.430+0000] {dagbag.py:348} ERROR - Failed to import: /opt/airflow/dags/scripts/validate.py
Traceback (most recent call last):
  File "/home/airflow/.local/lib/python3.8/site-packages/pandas/core/indexes/base.py", line 3653, in get_loc
    return self._engine.get_loc(casted_key)
  File "pandas/_libs/index.pyx", line 147, in pandas._libs.index.IndexEngine.get_loc
  File "pandas/_libs/index.pyx", line 176, in pandas._libs.index.IndexEngine.get_loc
  File "pandas/_libs/hashtable_class_helper.pxi", line 7080, in pandas._libs.hashtable.PyObjectHashTable.get_item
  File "pandas/_libs/hashtable_class_helper.pxi", line 7088, in pandas._libs.hashtable.PyObjectHashTable.get_item
KeyError: 'TransactionNo'

The above exception was the direct cause of the following exception:

Traceback (most recent call last):
  File "/home/airflow/.local/lib/python3.8/site-packages/airflow/models/dagbag.py", line 344, in parse
    loader.exec_module(new_module)
  File "<frozen importlib._bootstrap_external>", line 843, in exec_module
  File "<frozen importlib._bootstrap>", line 219, in _call_with_frames_removed
  File "/opt/airflow/dags/scripts/validate.py", line 22, in <module>
    if df["TransactionNo"].isnull().any():
  File "/home/airflow/.local/lib/python3.8/site-packages/pandas/core/frame.py", line 3761, in __getitem__
    indexer = self.columns.get_loc(key)
  File "/home/airflow/.local/lib/python3.8/site-packages/pandas/core/indexes/base.py", line 3655, in get_loc
    raise KeyError(key) from err
KeyError: 'TransactionNo'
[2026-02-13T21:17:48.440+0000] {processor.py:842} WARNING - No viable dags retrieved from /opt/airflow/dags/scripts/validate.py
[2026-02-13T21:17:48.470+0000] {processor.py:183} INFO - Processing /opt/airflow/dags/scripts/validate.py took 1.137 seconds
[2026-02-13T21:18:18.807+0000] {processor.py:161} INFO - Started process (PID=99) to work on /opt/airflow/dags/scripts/validate.py
[2026-02-13T21:18:18.809+0000] {processor.py:830} INFO - Processing file /opt/airflow/dags/scripts/validate.py for tasks to queue
[2026-02-13T21:18:18.811+0000] {logging_mixin.py:188} INFO - [2026-02-13T21:18:18.811+0000] {dagbag.py:538} INFO - Filling up the DagBag from /opt/airflow/dags/scripts/validate.py
[2026-02-13T21:18:19.139+0000] {logging_mixin.py:188} INFO - [2026-02-13T21:18:19.139+0000] {validate.py:11} INFO - Reading transformed data...
[2026-02-13T21:18:20.264+0000] {logging_mixin.py:188} INFO - [2026-02-13T21:18:20.263+0000] {validate.py:14} INFO - Index(['transactionno', 'date', 'productno', 'productname', 'price',
       'quantity', 'customerno', 'country'],
      dtype='object')
[2026-02-13T21:18:20.265+0000] {logging_mixin.py:188} INFO - [2026-02-13T21:18:20.265+0000] {validate.py:17} INFO - Rows before validation: 531095
[2026-02-13T21:18:20.278+0000] {logging_mixin.py:188} INFO - [2026-02-13T21:18:20.266+0000] {dagbag.py:348} ERROR - Failed to import: /opt/airflow/dags/scripts/validate.py
Traceback (most recent call last):
  File "/home/airflow/.local/lib/python3.8/site-packages/pandas/core/indexes/base.py", line 3653, in get_loc
    return self._engine.get_loc(casted_key)
  File "pandas/_libs/index.pyx", line 147, in pandas._libs.index.IndexEngine.get_loc
  File "pandas/_libs/index.pyx", line 176, in pandas._libs.index.IndexEngine.get_loc
  File "pandas/_libs/hashtable_class_helper.pxi", line 7080, in pandas._libs.hashtable.PyObjectHashTable.get_item
  File "pandas/_libs/hashtable_class_helper.pxi", line 7088, in pandas._libs.hashtable.PyObjectHashTable.get_item
KeyError: 'TransactionNo'

The above exception was the direct cause of the following exception:

Traceback (most recent call last):
  File "/home/airflow/.local/lib/python3.8/site-packages/airflow/models/dagbag.py", line 344, in parse
    loader.exec_module(new_module)
  File "<frozen importlib._bootstrap_external>", line 843, in exec_module
  File "<frozen importlib._bootstrap>", line 219, in _call_with_frames_removed
  File "/opt/airflow/dags/scripts/validate.py", line 22, in <module>
    if df["TransactionNo"].isnull().any():
  File "/home/airflow/.local/lib/python3.8/site-packages/pandas/core/frame.py", line 3761, in __getitem__
    indexer = self.columns.get_loc(key)
  File "/home/airflow/.local/lib/python3.8/site-packages/pandas/core/indexes/base.py", line 3655, in get_loc
    raise KeyError(key) from err
KeyError: 'TransactionNo'
[2026-02-13T21:18:20.279+0000] {processor.py:842} WARNING - No viable dags retrieved from /opt/airflow/dags/scripts/validate.py
[2026-02-13T21:18:20.315+0000] {processor.py:183} INFO - Processing /opt/airflow/dags/scripts/validate.py took 1.512 seconds
[2026-02-13T21:18:51.179+0000] {processor.py:161} INFO - Started process (PID=108) to work on /opt/airflow/dags/scripts/validate.py
[2026-02-13T21:18:51.180+0000] {processor.py:830} INFO - Processing file /opt/airflow/dags/scripts/validate.py for tasks to queue
[2026-02-13T21:18:51.183+0000] {logging_mixin.py:188} INFO - [2026-02-13T21:18:51.183+0000] {dagbag.py:538} INFO - Filling up the DagBag from /opt/airflow/dags/scripts/validate.py
[2026-02-13T21:18:51.600+0000] {logging_mixin.py:188} INFO - [2026-02-13T21:18:51.600+0000] {validate.py:11} INFO - Reading transformed data...
[2026-02-13T21:18:52.704+0000] {logging_mixin.py:188} INFO - [2026-02-13T21:18:52.704+0000] {validate.py:14} INFO - Index(['transactionno', 'date', 'productno', 'productname', 'price',
       'quantity', 'customerno', 'country'],
      dtype='object')
[2026-02-13T21:18:52.706+0000] {logging_mixin.py:188} INFO - [2026-02-13T21:18:52.705+0000] {validate.py:17} INFO - Rows before validation: 531095
[2026-02-13T21:18:52.723+0000] {logging_mixin.py:188} INFO - [2026-02-13T21:18:52.707+0000] {dagbag.py:348} ERROR - Failed to import: /opt/airflow/dags/scripts/validate.py
Traceback (most recent call last):
  File "/home/airflow/.local/lib/python3.8/site-packages/pandas/core/indexes/base.py", line 3653, in get_loc
    return self._engine.get_loc(casted_key)
  File "pandas/_libs/index.pyx", line 147, in pandas._libs.index.IndexEngine.get_loc
  File "pandas/_libs/index.pyx", line 176, in pandas._libs.index.IndexEngine.get_loc
  File "pandas/_libs/hashtable_class_helper.pxi", line 7080, in pandas._libs.hashtable.PyObjectHashTable.get_item
  File "pandas/_libs/hashtable_class_helper.pxi", line 7088, in pandas._libs.hashtable.PyObjectHashTable.get_item
KeyError: 'TransactionNo'

The above exception was the direct cause of the following exception:

Traceback (most recent call last):
  File "/home/airflow/.local/lib/python3.8/site-packages/airflow/models/dagbag.py", line 344, in parse
    loader.exec_module(new_module)
  File "<frozen importlib._bootstrap_external>", line 843, in exec_module
  File "<frozen importlib._bootstrap>", line 219, in _call_with_frames_removed
  File "/opt/airflow/dags/scripts/validate.py", line 22, in <module>
    if df["TransactionNo"].isnull().any():
  File "/home/airflow/.local/lib/python3.8/site-packages/pandas/core/frame.py", line 3761, in __getitem__
    indexer = self.columns.get_loc(key)
  File "/home/airflow/.local/lib/python3.8/site-packages/pandas/core/indexes/base.py", line 3655, in get_loc
    raise KeyError(key) from err
KeyError: 'TransactionNo'
[2026-02-13T21:18:52.724+0000] {processor.py:842} WARNING - No viable dags retrieved from /opt/airflow/dags/scripts/validate.py
[2026-02-13T21:18:52.764+0000] {processor.py:183} INFO - Processing /opt/airflow/dags/scripts/validate.py took 1.588 seconds
[2026-02-13T21:19:16.641+0000] {processor.py:161} INFO - Started process (PID=117) to work on /opt/airflow/dags/scripts/validate.py
[2026-02-13T21:19:16.643+0000] {processor.py:830} INFO - Processing file /opt/airflow/dags/scripts/validate.py for tasks to queue
[2026-02-13T21:19:16.646+0000] {logging_mixin.py:188} INFO - [2026-02-13T21:19:16.646+0000] {dagbag.py:538} INFO - Filling up the DagBag from /opt/airflow/dags/scripts/validate.py
[2026-02-13T21:19:17.107+0000] {logging_mixin.py:188} INFO - [2026-02-13T21:19:17.107+0000] {validate.py:11} INFO - Reading transformed data...
[2026-02-13T21:19:18.618+0000] {logging_mixin.py:188} INFO - [2026-02-13T21:19:18.617+0000] {validate.py:14} INFO - Index(['transactionno', 'date', 'productno', 'productname', 'price',
       'quantity', 'customerno', 'country'],
      dtype='object')
[2026-02-13T21:19:18.619+0000] {logging_mixin.py:188} INFO - [2026-02-13T21:19:18.619+0000] {validate.py:17} INFO - Rows before validation: 531095
[2026-02-13T21:19:18.648+0000] {logging_mixin.py:188} INFO - [2026-02-13T21:19:18.637+0000] {dagbag.py:348} ERROR - Failed to import: /opt/airflow/dags/scripts/validate.py
Traceback (most recent call last):
  File "/home/airflow/.local/lib/python3.8/site-packages/pandas/core/indexes/base.py", line 3653, in get_loc
    return self._engine.get_loc(casted_key)
  File "pandas/_libs/index.pyx", line 147, in pandas._libs.index.IndexEngine.get_loc
  File "pandas/_libs/index.pyx", line 176, in pandas._libs.index.IndexEngine.get_loc
  File "pandas/_libs/hashtable_class_helper.pxi", line 7080, in pandas._libs.hashtable.PyObjectHashTable.get_item
  File "pandas/_libs/hashtable_class_helper.pxi", line 7088, in pandas._libs.hashtable.PyObjectHashTable.get_item
KeyError: 'Quantity'

The above exception was the direct cause of the following exception:

Traceback (most recent call last):
  File "/home/airflow/.local/lib/python3.8/site-packages/airflow/models/dagbag.py", line 344, in parse
    loader.exec_module(new_module)
  File "<frozen importlib._bootstrap_external>", line 843, in exec_module
  File "<frozen importlib._bootstrap>", line 219, in _call_with_frames_removed
  File "/opt/airflow/dags/scripts/validate.py", line 27, in <module>
    if (df["Quantity"] <= 0).any():
  File "/home/airflow/.local/lib/python3.8/site-packages/pandas/core/frame.py", line 3761, in __getitem__
    indexer = self.columns.get_loc(key)
  File "/home/airflow/.local/lib/python3.8/site-packages/pandas/core/indexes/base.py", line 3655, in get_loc
    raise KeyError(key) from err
KeyError: 'Quantity'
[2026-02-13T21:19:18.650+0000] {processor.py:842} WARNING - No viable dags retrieved from /opt/airflow/dags/scripts/validate.py
[2026-02-13T21:19:18.681+0000] {processor.py:183} INFO - Processing /opt/airflow/dags/scripts/validate.py took 2.044 seconds
[2026-02-13T21:19:34.877+0000] {processor.py:161} INFO - Started process (PID=119) to work on /opt/airflow/dags/scripts/validate.py
[2026-02-13T21:19:34.878+0000] {processor.py:830} INFO - Processing file /opt/airflow/dags/scripts/validate.py for tasks to queue
[2026-02-13T21:19:34.882+0000] {logging_mixin.py:188} INFO - [2026-02-13T21:19:34.882+0000] {dagbag.py:538} INFO - Filling up the DagBag from /opt/airflow/dags/scripts/validate.py
[2026-02-13T21:19:35.151+0000] {logging_mixin.py:188} INFO - [2026-02-13T21:19:35.150+0000] {validate.py:11} INFO - Reading transformed data...
[2026-02-13T21:19:35.947+0000] {logging_mixin.py:188} INFO - [2026-02-13T21:19:35.947+0000] {validate.py:14} INFO - Index(['transactionno', 'date', 'productno', 'productname', 'price',
       'quantity', 'customerno', 'country'],
      dtype='object')
[2026-02-13T21:19:35.948+0000] {logging_mixin.py:188} INFO - [2026-02-13T21:19:35.948+0000] {validate.py:17} INFO - Rows before validation: 531095
[2026-02-13T21:19:35.969+0000] {logging_mixin.py:188} INFO - [2026-02-13T21:19:35.960+0000] {dagbag.py:348} ERROR - Failed to import: /opt/airflow/dags/scripts/validate.py
Traceback (most recent call last):
  File "/home/airflow/.local/lib/python3.8/site-packages/pandas/core/indexes/base.py", line 3653, in get_loc
    return self._engine.get_loc(casted_key)
  File "pandas/_libs/index.pyx", line 147, in pandas._libs.index.IndexEngine.get_loc
  File "pandas/_libs/index.pyx", line 176, in pandas._libs.index.IndexEngine.get_loc
  File "pandas/_libs/hashtable_class_helper.pxi", line 7080, in pandas._libs.hashtable.PyObjectHashTable.get_item
  File "pandas/_libs/hashtable_class_helper.pxi", line 7088, in pandas._libs.hashtable.PyObjectHashTable.get_item
KeyError: 'Quantity'

The above exception was the direct cause of the following exception:

Traceback (most recent call last):
  File "/home/airflow/.local/lib/python3.8/site-packages/airflow/models/dagbag.py", line 344, in parse
    loader.exec_module(new_module)
  File "<frozen importlib._bootstrap_external>", line 843, in exec_module
  File "<frozen importlib._bootstrap>", line 219, in _call_with_frames_removed
  File "/opt/airflow/dags/scripts/validate.py", line 27, in <module>
    if (df["Quantity"] <= 0).any():
  File "/home/airflow/.local/lib/python3.8/site-packages/pandas/core/frame.py", line 3761, in __getitem__
    indexer = self.columns.get_loc(key)
  File "/home/airflow/.local/lib/python3.8/site-packages/pandas/core/indexes/base.py", line 3655, in get_loc
    raise KeyError(key) from err
KeyError: 'Quantity'
[2026-02-13T21:19:35.970+0000] {processor.py:842} WARNING - No viable dags retrieved from /opt/airflow/dags/scripts/validate.py
[2026-02-13T21:19:35.989+0000] {processor.py:183} INFO - Processing /opt/airflow/dags/scripts/validate.py took 1.115 seconds
[2026-02-13T21:19:38.957+0000] {processor.py:161} INFO - Started process (PID=121) to work on /opt/airflow/dags/scripts/validate.py
[2026-02-13T21:19:38.959+0000] {processor.py:830} INFO - Processing file /opt/airflow/dags/scripts/validate.py for tasks to queue
[2026-02-13T21:19:38.960+0000] {logging_mixin.py:188} INFO - [2026-02-13T21:19:38.960+0000] {dagbag.py:538} INFO - Filling up the DagBag from /opt/airflow/dags/scripts/validate.py
[2026-02-13T21:19:39.187+0000] {logging_mixin.py:188} INFO - [2026-02-13T21:19:39.187+0000] {validate.py:11} INFO - Reading transformed data...
[2026-02-13T21:19:39.967+0000] {logging_mixin.py:188} INFO - [2026-02-13T21:19:39.966+0000] {validate.py:14} INFO - Index(['transactionno', 'date', 'productno', 'productname', 'price',
       'quantity', 'customerno', 'country'],
      dtype='object')
[2026-02-13T21:19:39.968+0000] {logging_mixin.py:188} INFO - [2026-02-13T21:19:39.968+0000] {validate.py:17} INFO - Rows before validation: 531095
[2026-02-13T21:19:39.987+0000] {logging_mixin.py:188} INFO - [2026-02-13T21:19:39.979+0000] {dagbag.py:348} ERROR - Failed to import: /opt/airflow/dags/scripts/validate.py
Traceback (most recent call last):
  File "/home/airflow/.local/lib/python3.8/site-packages/pandas/core/indexes/base.py", line 3653, in get_loc
    return self._engine.get_loc(casted_key)
  File "pandas/_libs/index.pyx", line 147, in pandas._libs.index.IndexEngine.get_loc
  File "pandas/_libs/index.pyx", line 176, in pandas._libs.index.IndexEngine.get_loc
  File "pandas/_libs/hashtable_class_helper.pxi", line 7080, in pandas._libs.hashtable.PyObjectHashTable.get_item
  File "pandas/_libs/hashtable_class_helper.pxi", line 7088, in pandas._libs.hashtable.PyObjectHashTable.get_item
KeyError: 'Quantity'

The above exception was the direct cause of the following exception:

Traceback (most recent call last):
  File "/home/airflow/.local/lib/python3.8/site-packages/airflow/models/dagbag.py", line 344, in parse
    loader.exec_module(new_module)
  File "<frozen importlib._bootstrap_external>", line 843, in exec_module
  File "<frozen importlib._bootstrap>", line 219, in _call_with_frames_removed
  File "/opt/airflow/dags/scripts/validate.py", line 27, in <module>
    if (df["Quantity"] <= 0).any():
  File "/home/airflow/.local/lib/python3.8/site-packages/pandas/core/frame.py", line 3761, in __getitem__
    indexer = self.columns.get_loc(key)
  File "/home/airflow/.local/lib/python3.8/site-packages/pandas/core/indexes/base.py", line 3655, in get_loc
    raise KeyError(key) from err
KeyError: 'Quantity'
[2026-02-13T21:19:39.988+0000] {processor.py:842} WARNING - No viable dags retrieved from /opt/airflow/dags/scripts/validate.py
[2026-02-13T21:19:40.005+0000] {processor.py:183} INFO - Processing /opt/airflow/dags/scripts/validate.py took 1.051 seconds
[2026-02-13T21:19:57.242+0000] {processor.py:161} INFO - Started process (PID=130) to work on /opt/airflow/dags/scripts/validate.py
[2026-02-13T21:19:57.244+0000] {processor.py:830} INFO - Processing file /opt/airflow/dags/scripts/validate.py for tasks to queue
[2026-02-13T21:19:57.247+0000] {logging_mixin.py:188} INFO - [2026-02-13T21:19:57.247+0000] {dagbag.py:538} INFO - Filling up the DagBag from /opt/airflow/dags/scripts/validate.py
[2026-02-13T21:19:57.501+0000] {logging_mixin.py:188} INFO - [2026-02-13T21:19:57.501+0000] {validate.py:11} INFO - Reading transformed data...
[2026-02-13T21:19:58.285+0000] {logging_mixin.py:188} INFO - [2026-02-13T21:19:58.284+0000] {validate.py:14} INFO - Index(['transactionno', 'date', 'productno', 'productname', 'price',
       'quantity', 'customerno', 'country'],
      dtype='object')
[2026-02-13T21:19:58.286+0000] {logging_mixin.py:188} INFO - [2026-02-13T21:19:58.286+0000] {validate.py:17} INFO - Rows before validation: 531095
[2026-02-13T21:19:58.287+0000] {logging_mixin.py:188} INFO - [2026-02-13T21:19:58.287+0000] {validate.py:23} INFO - Validation passed successfully.
[2026-02-13T21:19:58.289+0000] {processor.py:842} WARNING - No viable dags retrieved from /opt/airflow/dags/scripts/validate.py
[2026-02-13T21:19:58.324+0000] {processor.py:183} INFO - Processing /opt/airflow/dags/scripts/validate.py took 1.085 seconds
[2026-02-13T21:19:59.316+0000] {processor.py:161} INFO - Started process (PID=132) to work on /opt/airflow/dags/scripts/validate.py
[2026-02-13T21:19:59.318+0000] {processor.py:830} INFO - Processing file /opt/airflow/dags/scripts/validate.py for tasks to queue
[2026-02-13T21:19:59.320+0000] {logging_mixin.py:188} INFO - [2026-02-13T21:19:59.320+0000] {dagbag.py:538} INFO - Filling up the DagBag from /opt/airflow/dags/scripts/validate.py
[2026-02-13T21:19:59.538+0000] {logging_mixin.py:188} INFO - [2026-02-13T21:19:59.538+0000] {validate.py:11} INFO - Reading transformed data...
[2026-02-13T21:20:00.303+0000] {logging_mixin.py:188} INFO - [2026-02-13T21:20:00.303+0000] {validate.py:14} INFO - Index(['transactionno', 'date', 'productno', 'productname', 'price',
       'quantity', 'customerno', 'country'],
      dtype='object')
[2026-02-13T21:20:00.304+0000] {logging_mixin.py:188} INFO - [2026-02-13T21:20:00.304+0000] {validate.py:17} INFO - Rows before validation: 531095
[2026-02-13T21:20:00.315+0000] {logging_mixin.py:188} INFO - [2026-02-13T21:20:00.315+0000] {validate.py:28} ERROR - Validation Failed: Negative or zero quantity found.
[2026-02-13T21:20:02.442+0000] {processor.py:161} INFO - Started process (PID=134) to work on /opt/airflow/dags/scripts/validate.py
[2026-02-13T21:20:02.444+0000] {processor.py:830} INFO - Processing file /opt/airflow/dags/scripts/validate.py for tasks to queue
[2026-02-13T21:20:02.449+0000] {logging_mixin.py:188} INFO - [2026-02-13T21:20:02.449+0000] {dagbag.py:538} INFO - Filling up the DagBag from /opt/airflow/dags/scripts/validate.py
[2026-02-13T21:20:03.117+0000] {logging_mixin.py:188} INFO - [2026-02-13T21:20:03.117+0000] {validate.py:11} INFO - Reading transformed data...
[2026-02-13T21:20:04.551+0000] {logging_mixin.py:188} INFO - [2026-02-13T21:20:04.550+0000] {validate.py:14} INFO - Index(['transactionno', 'date', 'productno', 'productname', 'price',
       'quantity', 'customerno', 'country'],
      dtype='object')
[2026-02-13T21:20:04.552+0000] {logging_mixin.py:188} INFO - [2026-02-13T21:20:04.551+0000] {validate.py:17} INFO - Rows before validation: 531095
[2026-02-13T21:20:04.570+0000] {logging_mixin.py:188} INFO - [2026-02-13T21:20:04.570+0000] {validate.py:28} ERROR - Validation Failed: Negative or zero quantity found.
[2026-02-13T21:20:05.513+0000] {processor.py:161} INFO - Started process (PID=136) to work on /opt/airflow/dags/scripts/validate.py
[2026-02-13T21:20:05.515+0000] {processor.py:830} INFO - Processing file /opt/airflow/dags/scripts/validate.py for tasks to queue
[2026-02-13T21:20:05.517+0000] {logging_mixin.py:188} INFO - [2026-02-13T21:20:05.517+0000] {dagbag.py:538} INFO - Filling up the DagBag from /opt/airflow/dags/scripts/validate.py
[2026-02-13T21:20:05.966+0000] {logging_mixin.py:188} INFO - [2026-02-13T21:20:05.965+0000] {validate.py:11} INFO - Reading transformed data...
[2026-02-13T21:20:07.103+0000] {logging_mixin.py:188} INFO - [2026-02-13T21:20:07.102+0000] {validate.py:14} INFO - Index(['transactionno', 'date', 'productno', 'productname', 'price',
       'quantity', 'customerno', 'country'],
      dtype='object')
[2026-02-13T21:20:07.104+0000] {logging_mixin.py:188} INFO - [2026-02-13T21:20:07.104+0000] {validate.py:17} INFO - Rows before validation: 531095
[2026-02-13T21:20:07.119+0000] {logging_mixin.py:188} INFO - [2026-02-13T21:20:07.119+0000] {validate.py:28} ERROR - Validation Failed: Negative or zero quantity found.
[2026-02-13T21:20:07.691+0000] {processor.py:161} INFO - Started process (PID=138) to work on /opt/airflow/dags/scripts/validate.py
[2026-02-13T21:20:07.693+0000] {processor.py:830} INFO - Processing file /opt/airflow/dags/scripts/validate.py for tasks to queue
[2026-02-13T21:20:07.701+0000] {logging_mixin.py:188} INFO - [2026-02-13T21:20:07.700+0000] {dagbag.py:538} INFO - Filling up the DagBag from /opt/airflow/dags/scripts/validate.py
[2026-02-13T21:20:08.131+0000] {logging_mixin.py:188} INFO - [2026-02-13T21:20:08.131+0000] {validate.py:11} INFO - Reading transformed data...
[2026-02-13T21:20:09.324+0000] {logging_mixin.py:188} INFO - [2026-02-13T21:20:09.324+0000] {validate.py:14} INFO - Index(['transactionno', 'date', 'productno', 'productname', 'price',
       'quantity', 'customerno', 'country'],
      dtype='object')
[2026-02-13T21:20:09.326+0000] {logging_mixin.py:188} INFO - [2026-02-13T21:20:09.325+0000] {validate.py:17} INFO - Rows before validation: 531095
[2026-02-13T21:20:09.343+0000] {logging_mixin.py:188} INFO - [2026-02-13T21:20:09.343+0000] {validate.py:28} ERROR - Validation Failed: Negative or zero quantity found.
[2026-02-13T21:21:34.197+0000] {processor.py:161} INFO - Started process (PID=69) to work on /opt/airflow/dags/scripts/validate.py
[2026-02-13T21:21:34.200+0000] {processor.py:830} INFO - Processing file /opt/airflow/dags/scripts/validate.py for tasks to queue
[2026-02-13T21:21:34.207+0000] {logging_mixin.py:188} INFO - [2026-02-13T21:21:34.206+0000] {dagbag.py:538} INFO - Filling up the DagBag from /opt/airflow/dags/scripts/validate.py
[2026-02-13T21:21:36.553+0000] {logging_mixin.py:188} INFO - [2026-02-13T21:21:36.552+0000] {validate.py:11} INFO - Reading transformed data...
[2026-02-13T21:21:38.117+0000] {logging_mixin.py:188} INFO - [2026-02-13T21:21:38.116+0000] {validate.py:14} INFO - Index(['transactionno', 'date', 'productno', 'productname', 'price',
       'quantity', 'customerno', 'country'],
      dtype='object')
[2026-02-13T21:21:38.118+0000] {logging_mixin.py:188} INFO - [2026-02-13T21:21:38.118+0000] {validate.py:17} INFO - Rows before validation: 531095
[2026-02-13T21:21:38.138+0000] {logging_mixin.py:188} INFO - [2026-02-13T21:21:38.137+0000] {validate.py:28} ERROR - Validation Failed: Negative or zero quantity found.
[2026-02-13T21:22:08.485+0000] {processor.py:161} INFO - Started process (PID=85) to work on /opt/airflow/dags/scripts/validate.py
[2026-02-13T21:22:08.487+0000] {processor.py:830} INFO - Processing file /opt/airflow/dags/scripts/validate.py for tasks to queue
[2026-02-13T21:22:08.490+0000] {logging_mixin.py:188} INFO - [2026-02-13T21:22:08.490+0000] {dagbag.py:538} INFO - Filling up the DagBag from /opt/airflow/dags/scripts/validate.py
[2026-02-13T21:22:08.783+0000] {logging_mixin.py:188} INFO - [2026-02-13T21:22:08.782+0000] {validate.py:11} INFO - Reading transformed data...
[2026-02-13T21:22:09.799+0000] {logging_mixin.py:188} INFO - [2026-02-13T21:22:09.799+0000] {validate.py:14} INFO - Index(['transactionno', 'date', 'productno', 'productname', 'price',
       'quantity', 'customerno', 'country'],
      dtype='object')
[2026-02-13T21:22:09.800+0000] {logging_mixin.py:188} INFO - [2026-02-13T21:22:09.800+0000] {validate.py:17} INFO - Rows before validation: 531095
[2026-02-13T21:22:09.817+0000] {logging_mixin.py:188} INFO - [2026-02-13T21:22:09.816+0000] {validate.py:28} ERROR - Validation Failed: Negative or zero quantity found.
[2026-02-13T21:22:39.941+0000] {processor.py:161} INFO - Started process (PID=94) to work on /opt/airflow/dags/scripts/validate.py
[2026-02-13T21:22:39.943+0000] {processor.py:830} INFO - Processing file /opt/airflow/dags/scripts/validate.py for tasks to queue
[2026-02-13T21:22:39.946+0000] {logging_mixin.py:188} INFO - [2026-02-13T21:22:39.945+0000] {dagbag.py:538} INFO - Filling up the DagBag from /opt/airflow/dags/scripts/validate.py
[2026-02-13T21:22:40.225+0000] {logging_mixin.py:188} INFO - [2026-02-13T21:22:40.224+0000] {validate.py:11} INFO - Reading transformed data...
[2026-02-13T21:22:41.230+0000] {logging_mixin.py:188} INFO - [2026-02-13T21:22:41.230+0000] {validate.py:14} INFO - Index(['transactionno', 'date', 'productno', 'productname', 'price',
       'quantity', 'customerno', 'country'],
      dtype='object')
[2026-02-13T21:22:41.231+0000] {logging_mixin.py:188} INFO - [2026-02-13T21:22:41.231+0000] {validate.py:17} INFO - Rows before validation: 531095
[2026-02-13T21:22:41.248+0000] {logging_mixin.py:188} INFO - [2026-02-13T21:22:41.248+0000] {validate.py:28} ERROR - Validation Failed: Negative or zero quantity found.
[2026-02-13T21:23:11.446+0000] {processor.py:161} INFO - Started process (PID=103) to work on /opt/airflow/dags/scripts/validate.py
[2026-02-13T21:23:11.448+0000] {processor.py:830} INFO - Processing file /opt/airflow/dags/scripts/validate.py for tasks to queue
[2026-02-13T21:23:11.453+0000] {logging_mixin.py:188} INFO - [2026-02-13T21:23:11.453+0000] {dagbag.py:538} INFO - Filling up the DagBag from /opt/airflow/dags/scripts/validate.py
[2026-02-13T21:23:11.799+0000] {logging_mixin.py:188} INFO - [2026-02-13T21:23:11.799+0000] {validate.py:11} INFO - Reading transformed data...
[2026-02-13T21:23:12.778+0000] {logging_mixin.py:188} INFO - [2026-02-13T21:23:12.778+0000] {validate.py:14} INFO - Index(['transactionno', 'date', 'productno', 'productname', 'price',
       'quantity', 'customerno', 'country'],
      dtype='object')
[2026-02-13T21:23:12.779+0000] {logging_mixin.py:188} INFO - [2026-02-13T21:23:12.779+0000] {validate.py:17} INFO - Rows before validation: 531095
[2026-02-13T21:23:12.794+0000] {logging_mixin.py:188} INFO - [2026-02-13T21:23:12.794+0000] {validate.py:28} ERROR - Validation Failed: Negative or zero quantity found.
[2026-02-13T21:23:42.911+0000] {processor.py:161} INFO - Started process (PID=112) to work on /opt/airflow/dags/scripts/validate.py
[2026-02-13T21:23:42.912+0000] {processor.py:830} INFO - Processing file /opt/airflow/dags/scripts/validate.py for tasks to queue
[2026-02-13T21:23:42.915+0000] {logging_mixin.py:188} INFO - [2026-02-13T21:23:42.914+0000] {dagbag.py:538} INFO - Filling up the DagBag from /opt/airflow/dags/scripts/validate.py
[2026-02-13T21:23:43.184+0000] {logging_mixin.py:188} INFO - [2026-02-13T21:23:43.184+0000] {validate.py:11} INFO - Reading transformed data...
[2026-02-13T21:23:43.887+0000] {logging_mixin.py:188} INFO - [2026-02-13T21:23:43.886+0000] {validate.py:14} INFO - Index(['transactionno', 'date', 'productno', 'productname', 'price',
       'quantity', 'customerno', 'country'],
      dtype='object')
[2026-02-13T21:23:43.888+0000] {logging_mixin.py:188} INFO - [2026-02-13T21:23:43.887+0000] {validate.py:17} INFO - Rows before validation: 531095
[2026-02-13T21:23:43.899+0000] {logging_mixin.py:188} INFO - [2026-02-13T21:23:43.899+0000] {validate.py:28} ERROR - Validation Failed: Negative or zero quantity found.
[2026-02-13T21:24:14.092+0000] {processor.py:161} INFO - Started process (PID=121) to work on /opt/airflow/dags/scripts/validate.py
[2026-02-13T21:24:14.094+0000] {processor.py:830} INFO - Processing file /opt/airflow/dags/scripts/validate.py for tasks to queue
[2026-02-13T21:24:14.096+0000] {logging_mixin.py:188} INFO - [2026-02-13T21:24:14.096+0000] {dagbag.py:538} INFO - Filling up the DagBag from /opt/airflow/dags/scripts/validate.py
[2026-02-13T21:24:14.452+0000] {logging_mixin.py:188} INFO - [2026-02-13T21:24:14.452+0000] {validate.py:11} INFO - Reading transformed data...
[2026-02-13T21:24:15.456+0000] {logging_mixin.py:188} INFO - [2026-02-13T21:24:15.456+0000] {validate.py:14} INFO - Index(['transactionno', 'date', 'productno', 'productname', 'price',
       'quantity', 'customerno', 'country'],
      dtype='object')
[2026-02-13T21:24:15.457+0000] {logging_mixin.py:188} INFO - [2026-02-13T21:24:15.457+0000] {validate.py:17} INFO - Rows before validation: 531095
[2026-02-13T21:24:15.469+0000] {logging_mixin.py:188} INFO - [2026-02-13T21:24:15.469+0000] {validate.py:28} ERROR - Validation Failed: Negative or zero quantity found.
[2026-02-13T21:24:45.976+0000] {processor.py:161} INFO - Started process (PID=124) to work on /opt/airflow/dags/scripts/validate.py
[2026-02-13T21:24:45.988+0000] {processor.py:830} INFO - Processing file /opt/airflow/dags/scripts/validate.py for tasks to queue
[2026-02-13T21:24:46.004+0000] {logging_mixin.py:188} INFO - [2026-02-13T21:24:46.003+0000] {dagbag.py:538} INFO - Filling up the DagBag from /opt/airflow/dags/scripts/validate.py
[2026-02-13T21:24:47.120+0000] {logging_mixin.py:188} INFO - [2026-02-13T21:24:47.119+0000] {validate.py:11} INFO - Reading transformed data...
[2026-02-13T22:29:07.581+0000] {logging_mixin.py:188} INFO - [2026-02-13T22:29:07.580+0000] {validate.py:14} INFO - Index(['transactionno', 'date', 'productno', 'productname', 'price',
       'quantity', 'customerno', 'country'],
      dtype='object')
[2026-02-13T22:29:07.618+0000] {logging_mixin.py:188} INFO - [2026-02-13T22:29:07.617+0000] {validate.py:17} INFO - Rows before validation: 531095
[2026-02-14T03:04:03.661+0000] {logging_mixin.py:188} INFO - [2026-02-14T03:04:03.660+0000] {validate.py:28} ERROR - Validation Failed: Negative or zero quantity found.
