[2026-02-13T20:13:20.187+0000] {taskinstance.py:1956} INFO - Dependencies all met for dep_context=non-requeueable deps ti=<TaskInstance: etl_pipeline.load manual__2026-02-13T20:13:04.430666+00:00 [queued]>
[2026-02-13T20:13:20.197+0000] {taskinstance.py:1956} INFO - Dependencies all met for dep_context=requeueable deps ti=<TaskInstance: etl_pipeline.load manual__2026-02-13T20:13:04.430666+00:00 [queued]>
[2026-02-13T20:13:20.199+0000] {taskinstance.py:2170} INFO - Starting attempt 1 of 1
[2026-02-13T20:13:20.213+0000] {taskinstance.py:2191} INFO - Executing <Task(BashOperator): load> on 2026-02-13 20:13:04.430666+00:00
[2026-02-13T20:13:20.218+0000] {standard_task_runner.py:60} INFO - Started process 139 to run task
[2026-02-13T20:13:20.221+0000] {standard_task_runner.py:87} INFO - Running: ['***', 'tasks', 'run', 'etl_pipeline', 'load', 'manual__2026-02-13T20:13:04.430666+00:00', '--job-id', '15', '--raw', '--subdir', 'DAGS_FOLDER/etl_pipeline.py', '--cfg-path', '/tmp/tmpykufrpo8']
[2026-02-13T20:13:20.223+0000] {standard_task_runner.py:88} INFO - Job 15: Subtask load
[2026-02-13T20:13:20.302+0000] {task_command.py:423} INFO - Running <TaskInstance: etl_pipeline.load manual__2026-02-13T20:13:04.430666+00:00 [running]> on host fb9f60708122
[2026-02-13T20:13:20.405+0000] {taskinstance.py:2480} INFO - Exporting env vars: AIRFLOW_CTX_DAG_OWNER='***' AIRFLOW_CTX_DAG_ID='etl_pipeline' AIRFLOW_CTX_TASK_ID='load' AIRFLOW_CTX_EXECUTION_DATE='2026-02-13T20:13:04.430666+00:00' AIRFLOW_CTX_TRY_NUMBER='1' AIRFLOW_CTX_DAG_RUN_ID='manual__2026-02-13T20:13:04.430666+00:00'
[2026-02-13T20:13:20.408+0000] {subprocess.py:63} INFO - Tmp dir root location: /tmp
[2026-02-13T20:13:20.410+0000] {subprocess.py:75} INFO - Running command: ['/usr/bin/bash', '-c', 'python /opt/***/dags/scripts/load.py']
[2026-02-13T20:13:20.436+0000] {subprocess.py:86} INFO - Output:
[2026-02-13T20:13:22.779+0000] {subprocess.py:93} INFO - ROWS TO LOAD: 531095
[2026-02-13T20:13:22.796+0000] {subprocess.py:93} INFO - Traceback (most recent call last):
[2026-02-13T20:13:22.797+0000] {subprocess.py:93} INFO -   File "/home/***/.local/lib/python3.8/site-packages/sqlalchemy/engine/base.py", line 3371, in _wrap_pool_connect
[2026-02-13T20:13:22.799+0000] {subprocess.py:93} INFO -     return fn()
[2026-02-13T20:13:22.800+0000] {subprocess.py:93} INFO -   File "/home/***/.local/lib/python3.8/site-packages/sqlalchemy/pool/base.py", line 327, in connect
[2026-02-13T20:13:22.801+0000] {subprocess.py:93} INFO -     return _ConnectionFairy._checkout(self)
[2026-02-13T20:13:22.801+0000] {subprocess.py:93} INFO -   File "/home/***/.local/lib/python3.8/site-packages/sqlalchemy/pool/base.py", line 894, in _checkout
[2026-02-13T20:13:22.802+0000] {subprocess.py:93} INFO -     fairy = _ConnectionRecord.checkout(pool)
[2026-02-13T20:13:22.803+0000] {subprocess.py:93} INFO -   File "/home/***/.local/lib/python3.8/site-packages/sqlalchemy/pool/base.py", line 493, in checkout
[2026-02-13T20:13:22.803+0000] {subprocess.py:93} INFO -     rec = pool._do_get()
[2026-02-13T20:13:22.804+0000] {subprocess.py:93} INFO -   File "/home/***/.local/lib/python3.8/site-packages/sqlalchemy/pool/impl.py", line 146, in _do_get
[2026-02-13T20:13:22.805+0000] {subprocess.py:93} INFO -     self._dec_overflow()
[2026-02-13T20:13:22.806+0000] {subprocess.py:93} INFO -   File "/home/***/.local/lib/python3.8/site-packages/sqlalchemy/util/langhelpers.py", line 70, in __exit__
[2026-02-13T20:13:22.807+0000] {subprocess.py:93} INFO -     compat.raise_(
[2026-02-13T20:13:22.808+0000] {subprocess.py:93} INFO -   File "/home/***/.local/lib/python3.8/site-packages/sqlalchemy/util/compat.py", line 211, in raise_
[2026-02-13T20:13:22.809+0000] {subprocess.py:93} INFO -     raise exception
[2026-02-13T20:13:22.809+0000] {subprocess.py:93} INFO -   File "/home/***/.local/lib/python3.8/site-packages/sqlalchemy/pool/impl.py", line 143, in _do_get
[2026-02-13T20:13:22.810+0000] {subprocess.py:93} INFO -     return self._create_connection()
[2026-02-13T20:13:22.811+0000] {subprocess.py:93} INFO -   File "/home/***/.local/lib/python3.8/site-packages/sqlalchemy/pool/base.py", line 273, in _create_connection
[2026-02-13T20:13:22.812+0000] {subprocess.py:93} INFO -     return _ConnectionRecord(self)
[2026-02-13T20:13:22.812+0000] {subprocess.py:93} INFO -   File "/home/***/.local/lib/python3.8/site-packages/sqlalchemy/pool/base.py", line 388, in __init__
[2026-02-13T20:13:22.813+0000] {subprocess.py:93} INFO -     self.__connect()
[2026-02-13T20:13:22.814+0000] {subprocess.py:93} INFO -   File "/home/***/.local/lib/python3.8/site-packages/sqlalchemy/pool/base.py", line 691, in __connect
[2026-02-13T20:13:22.815+0000] {subprocess.py:93} INFO -     pool.logger.debug("Error on connect(): %s", e)
[2026-02-13T20:13:22.816+0000] {subprocess.py:93} INFO -   File "/home/***/.local/lib/python3.8/site-packages/sqlalchemy/util/langhelpers.py", line 70, in __exit__
[2026-02-13T20:13:22.817+0000] {subprocess.py:93} INFO -     compat.raise_(
[2026-02-13T20:13:22.818+0000] {subprocess.py:93} INFO -   File "/home/***/.local/lib/python3.8/site-packages/sqlalchemy/util/compat.py", line 211, in raise_
[2026-02-13T20:13:22.819+0000] {subprocess.py:93} INFO -     raise exception
[2026-02-13T20:13:22.819+0000] {subprocess.py:93} INFO -   File "/home/***/.local/lib/python3.8/site-packages/sqlalchemy/pool/base.py", line 686, in __connect
[2026-02-13T20:13:22.821+0000] {subprocess.py:93} INFO -     self.dbapi_connection = connection = pool._invoke_creator(self)
[2026-02-13T20:13:22.824+0000] {subprocess.py:93} INFO -   File "/home/***/.local/lib/python3.8/site-packages/sqlalchemy/engine/create.py", line 574, in connect
[2026-02-13T20:13:22.826+0000] {subprocess.py:93} INFO -     return dialect.connect(*cargs, **cparams)
[2026-02-13T20:13:22.826+0000] {subprocess.py:93} INFO -   File "/home/***/.local/lib/python3.8/site-packages/sqlalchemy/engine/default.py", line 598, in connect
[2026-02-13T20:13:22.827+0000] {subprocess.py:93} INFO -     return self.dbapi.connect(*cargs, **cparams)
[2026-02-13T20:13:22.828+0000] {subprocess.py:93} INFO -   File "/home/***/.local/lib/python3.8/site-packages/psycopg2/__init__.py", line 122, in connect
[2026-02-13T20:13:22.829+0000] {subprocess.py:93} INFO -     conn = _connect(dsn, connection_factory=connection_factory, **kwasync)
[2026-02-13T20:13:22.830+0000] {subprocess.py:93} INFO - psycopg2.OperationalError: connection to server at "localhost" (::1), port 5432 failed: Connection refused
[2026-02-13T20:13:22.832+0000] {subprocess.py:93} INFO - 	Is the server running on that host and accepting TCP/IP connections?
[2026-02-13T20:13:22.833+0000] {subprocess.py:93} INFO - connection to server at "localhost" (127.0.0.1), port 5432 failed: Connection refused
[2026-02-13T20:13:22.834+0000] {subprocess.py:93} INFO - 	Is the server running on that host and accepting TCP/IP connections?
[2026-02-13T20:13:22.835+0000] {subprocess.py:93} INFO - 
[2026-02-13T20:13:22.836+0000] {subprocess.py:93} INFO - 
[2026-02-13T20:13:22.837+0000] {subprocess.py:93} INFO - The above exception was the direct cause of the following exception:
[2026-02-13T20:13:22.837+0000] {subprocess.py:93} INFO - 
[2026-02-13T20:13:22.838+0000] {subprocess.py:93} INFO - Traceback (most recent call last):
[2026-02-13T20:13:22.839+0000] {subprocess.py:93} INFO -   File "/opt/***/dags/scripts/load.py", line 22, in <module>
[2026-02-13T20:13:22.840+0000] {subprocess.py:93} INFO -     df.to_sql("sales", engine, if_exists="append", index=False)
[2026-02-13T20:13:22.840+0000] {subprocess.py:93} INFO -   File "/home/***/.local/lib/python3.8/site-packages/pandas/core/generic.py", line 2878, in to_sql
[2026-02-13T20:13:22.841+0000] {subprocess.py:93} INFO -     return sql.to_sql(
[2026-02-13T20:13:22.842+0000] {subprocess.py:93} INFO -   File "/home/***/.local/lib/python3.8/site-packages/pandas/io/sql.py", line 768, in to_sql
[2026-02-13T20:13:22.844+0000] {subprocess.py:93} INFO -     with pandasSQL_builder(con, schema=schema, need_transaction=True) as pandas_sql:
[2026-02-13T20:13:22.844+0000] {subprocess.py:93} INFO -   File "/home/***/.local/lib/python3.8/site-packages/pandas/io/sql.py", line 832, in pandasSQL_builder
[2026-02-13T20:13:22.845+0000] {subprocess.py:93} INFO -     return SQLDatabase(con, schema, need_transaction)
[2026-02-13T20:13:22.846+0000] {subprocess.py:93} INFO -   File "/home/***/.local/lib/python3.8/site-packages/pandas/io/sql.py", line 1539, in __init__
[2026-02-13T20:13:22.847+0000] {subprocess.py:93} INFO -     con = self.exit_stack.enter_context(con.connect())
[2026-02-13T20:13:22.849+0000] {subprocess.py:93} INFO -   File "/home/***/.local/lib/python3.8/site-packages/sqlalchemy/engine/base.py", line 3325, in connect
[2026-02-13T20:13:22.850+0000] {subprocess.py:93} INFO -     return self._connection_cls(self, close_with_result=close_with_result)
[2026-02-13T20:13:22.851+0000] {subprocess.py:93} INFO -   File "/home/***/.local/lib/python3.8/site-packages/sqlalchemy/engine/base.py", line 96, in __init__
[2026-02-13T20:13:22.852+0000] {subprocess.py:93} INFO -     else engine.raw_connection()
[2026-02-13T20:13:22.853+0000] {subprocess.py:93} INFO -   File "/home/***/.local/lib/python3.8/site-packages/sqlalchemy/engine/base.py", line 3404, in raw_connection
[2026-02-13T20:13:22.855+0000] {subprocess.py:93} INFO -     return self._wrap_pool_connect(self.pool.connect, _connection)
[2026-02-13T20:13:22.856+0000] {subprocess.py:93} INFO -   File "/home/***/.local/lib/python3.8/site-packages/sqlalchemy/engine/base.py", line 3374, in _wrap_pool_connect
[2026-02-13T20:13:22.857+0000] {subprocess.py:93} INFO -     Connection._handle_dbapi_exception_noconnection(
[2026-02-13T20:13:22.858+0000] {subprocess.py:93} INFO -   File "/home/***/.local/lib/python3.8/site-packages/sqlalchemy/engine/base.py", line 2208, in _handle_dbapi_exception_noconnection
[2026-02-13T20:13:22.859+0000] {subprocess.py:93} INFO -     util.raise_(
[2026-02-13T20:13:22.860+0000] {subprocess.py:93} INFO -   File "/home/***/.local/lib/python3.8/site-packages/sqlalchemy/util/compat.py", line 211, in raise_
[2026-02-13T20:13:22.861+0000] {subprocess.py:93} INFO -     raise exception
[2026-02-13T20:13:22.861+0000] {subprocess.py:93} INFO -   File "/home/***/.local/lib/python3.8/site-packages/sqlalchemy/engine/base.py", line 3371, in _wrap_pool_connect
[2026-02-13T20:13:22.862+0000] {subprocess.py:93} INFO -     return fn()
[2026-02-13T20:13:22.863+0000] {subprocess.py:93} INFO -   File "/home/***/.local/lib/python3.8/site-packages/sqlalchemy/pool/base.py", line 327, in connect
[2026-02-13T20:13:22.864+0000] {subprocess.py:93} INFO -     return _ConnectionFairy._checkout(self)
[2026-02-13T20:13:22.866+0000] {subprocess.py:93} INFO -   File "/home/***/.local/lib/python3.8/site-packages/sqlalchemy/pool/base.py", line 894, in _checkout
[2026-02-13T20:13:22.867+0000] {subprocess.py:93} INFO -     fairy = _ConnectionRecord.checkout(pool)
[2026-02-13T20:13:22.867+0000] {subprocess.py:93} INFO -   File "/home/***/.local/lib/python3.8/site-packages/sqlalchemy/pool/base.py", line 493, in checkout
[2026-02-13T20:13:22.868+0000] {subprocess.py:93} INFO -     rec = pool._do_get()
[2026-02-13T20:13:22.869+0000] {subprocess.py:93} INFO -   File "/home/***/.local/lib/python3.8/site-packages/sqlalchemy/pool/impl.py", line 146, in _do_get
[2026-02-13T20:13:22.870+0000] {subprocess.py:93} INFO -     self._dec_overflow()
[2026-02-13T20:13:22.871+0000] {subprocess.py:93} INFO -   File "/home/***/.local/lib/python3.8/site-packages/sqlalchemy/util/langhelpers.py", line 70, in __exit__
[2026-02-13T20:13:22.872+0000] {subprocess.py:93} INFO -     compat.raise_(
[2026-02-13T20:13:22.873+0000] {subprocess.py:93} INFO -   File "/home/***/.local/lib/python3.8/site-packages/sqlalchemy/util/compat.py", line 211, in raise_
[2026-02-13T20:13:22.874+0000] {subprocess.py:93} INFO -     raise exception
[2026-02-13T20:13:22.875+0000] {subprocess.py:93} INFO -   File "/home/***/.local/lib/python3.8/site-packages/sqlalchemy/pool/impl.py", line 143, in _do_get
[2026-02-13T20:13:22.876+0000] {subprocess.py:93} INFO -     return self._create_connection()
[2026-02-13T20:13:22.876+0000] {subprocess.py:93} INFO -   File "/home/***/.local/lib/python3.8/site-packages/sqlalchemy/pool/base.py", line 273, in _create_connection
[2026-02-13T20:13:22.877+0000] {subprocess.py:93} INFO -     return _ConnectionRecord(self)
[2026-02-13T20:13:22.878+0000] {subprocess.py:93} INFO -   File "/home/***/.local/lib/python3.8/site-packages/sqlalchemy/pool/base.py", line 388, in __init__
[2026-02-13T20:13:22.879+0000] {subprocess.py:93} INFO -     self.__connect()
[2026-02-13T20:13:22.880+0000] {subprocess.py:93} INFO -   File "/home/***/.local/lib/python3.8/site-packages/sqlalchemy/pool/base.py", line 691, in __connect
[2026-02-13T20:13:22.882+0000] {subprocess.py:93} INFO -     pool.logger.debug("Error on connect(): %s", e)
[2026-02-13T20:13:22.883+0000] {subprocess.py:93} INFO -   File "/home/***/.local/lib/python3.8/site-packages/sqlalchemy/util/langhelpers.py", line 70, in __exit__
[2026-02-13T20:13:22.885+0000] {subprocess.py:93} INFO -     compat.raise_(
[2026-02-13T20:13:22.886+0000] {subprocess.py:93} INFO -   File "/home/***/.local/lib/python3.8/site-packages/sqlalchemy/util/compat.py", line 211, in raise_
[2026-02-13T20:13:22.887+0000] {subprocess.py:93} INFO -     raise exception
[2026-02-13T20:13:22.888+0000] {subprocess.py:93} INFO -   File "/home/***/.local/lib/python3.8/site-packages/sqlalchemy/pool/base.py", line 686, in __connect
[2026-02-13T20:13:22.888+0000] {subprocess.py:93} INFO -     self.dbapi_connection = connection = pool._invoke_creator(self)
[2026-02-13T20:13:22.889+0000] {subprocess.py:93} INFO -   File "/home/***/.local/lib/python3.8/site-packages/sqlalchemy/engine/create.py", line 574, in connect
[2026-02-13T20:13:22.890+0000] {subprocess.py:93} INFO -     return dialect.connect(*cargs, **cparams)
[2026-02-13T20:13:22.891+0000] {subprocess.py:93} INFO -   File "/home/***/.local/lib/python3.8/site-packages/sqlalchemy/engine/default.py", line 598, in connect
[2026-02-13T20:13:22.892+0000] {subprocess.py:93} INFO -     return self.dbapi.connect(*cargs, **cparams)
[2026-02-13T20:13:22.893+0000] {subprocess.py:93} INFO -   File "/home/***/.local/lib/python3.8/site-packages/psycopg2/__init__.py", line 122, in connect
[2026-02-13T20:13:22.894+0000] {subprocess.py:93} INFO -     conn = _connect(dsn, connection_factory=connection_factory, **kwasync)
[2026-02-13T20:13:22.894+0000] {subprocess.py:93} INFO - sqlalchemy.exc.OperationalError: (psycopg2.OperationalError) connection to server at "localhost" (::1), port 5432 failed: Connection refused
[2026-02-13T20:13:22.895+0000] {subprocess.py:93} INFO - 	Is the server running on that host and accepting TCP/IP connections?
[2026-02-13T20:13:22.896+0000] {subprocess.py:93} INFO - connection to server at "localhost" (127.0.0.1), port 5432 failed: Connection refused
[2026-02-13T20:13:22.897+0000] {subprocess.py:93} INFO - 	Is the server running on that host and accepting TCP/IP connections?
[2026-02-13T20:13:22.902+0000] {subprocess.py:93} INFO - 
[2026-02-13T20:13:22.903+0000] {subprocess.py:93} INFO - (Background on this error at: https://sqlalche.me/e/14/e3q8)
[2026-02-13T20:13:22.912+0000] {subprocess.py:97} INFO - Command exited with return code 1
[2026-02-13T20:13:22.925+0000] {taskinstance.py:2698} ERROR - Task failed with exception
Traceback (most recent call last):
  File "/home/airflow/.local/lib/python3.8/site-packages/airflow/models/taskinstance.py", line 433, in _execute_task
    result = execute_callable(context=context, **execute_callable_kwargs)
  File "/home/airflow/.local/lib/python3.8/site-packages/airflow/operators/bash.py", line 212, in execute
    raise AirflowException(
airflow.exceptions.AirflowException: Bash command failed. The command returned a non-zero exit code 1.
[2026-02-13T20:13:22.929+0000] {taskinstance.py:1138} INFO - Marking task as FAILED. dag_id=etl_pipeline, task_id=load, execution_date=20260213T201304, start_date=20260213T201320, end_date=20260213T201322
[2026-02-13T20:13:22.944+0000] {standard_task_runner.py:107} ERROR - Failed to execute job 15 for task load (Bash command failed. The command returned a non-zero exit code 1.; 139)
[2026-02-13T20:13:22.972+0000] {local_task_job_runner.py:234} INFO - Task exited with return code 1
[2026-02-13T20:13:22.991+0000] {taskinstance.py:3280} INFO - 0 downstream tasks scheduled from follow-on schedule check
