[2026-02-13T21:17:21.644+0000] {taskinstance.py:1956} INFO - Dependencies all met for dep_context=non-requeueable deps ti=<TaskInstance: etl_pipeline.validate manual__2026-02-13T21:17:11.306441+00:00 [queued]>
[2026-02-13T21:17:21.651+0000] {taskinstance.py:1956} INFO - Dependencies all met for dep_context=requeueable deps ti=<TaskInstance: etl_pipeline.validate manual__2026-02-13T21:17:11.306441+00:00 [queued]>
[2026-02-13T21:17:21.652+0000] {taskinstance.py:2170} INFO - Starting attempt 1 of 1
[2026-02-13T21:17:21.664+0000] {taskinstance.py:2191} INFO - Executing <Task(BashOperator): validate> on 2026-02-13 21:17:11.306441+00:00
[2026-02-13T21:17:21.668+0000] {standard_task_runner.py:60} INFO - Started process 117 to run task
[2026-02-13T21:17:21.671+0000] {standard_task_runner.py:87} INFO - Running: ['***', 'tasks', 'run', 'etl_pipeline', 'validate', 'manual__2026-02-13T21:17:11.306441+00:00', '--job-id', '42', '--raw', '--subdir', 'DAGS_FOLDER/etl_pipeline.py', '--cfg-path', '/tmp/tmpv3078yuw']
[2026-02-13T21:17:21.672+0000] {standard_task_runner.py:88} INFO - Job 42: Subtask validate
[2026-02-13T21:17:21.737+0000] {task_command.py:423} INFO - Running <TaskInstance: etl_pipeline.validate manual__2026-02-13T21:17:11.306441+00:00 [running]> on host 8a017f2bcfdf
[2026-02-13T21:17:21.802+0000] {taskinstance.py:2480} INFO - Exporting env vars: AIRFLOW_CTX_DAG_OWNER='***' AIRFLOW_CTX_DAG_ID='etl_pipeline' AIRFLOW_CTX_TASK_ID='validate' AIRFLOW_CTX_EXECUTION_DATE='2026-02-13T21:17:11.306441+00:00' AIRFLOW_CTX_TRY_NUMBER='1' AIRFLOW_CTX_DAG_RUN_ID='manual__2026-02-13T21:17:11.306441+00:00'
[2026-02-13T21:17:21.805+0000] {subprocess.py:63} INFO - Tmp dir root location: /tmp
[2026-02-13T21:17:21.806+0000] {subprocess.py:75} INFO - Running command: ['/usr/bin/bash', '-c', 'python /opt/***/dags/scripts/validate.py']
[2026-02-13T21:17:21.817+0000] {subprocess.py:86} INFO - Output:
[2026-02-13T21:17:22.450+0000] {subprocess.py:93} INFO - INFO:root:Reading transformed data...
[2026-02-13T21:17:23.359+0000] {subprocess.py:93} INFO - INFO:root:Index(['transactionno', 'date', 'productno', 'productname', 'price',
[2026-02-13T21:17:23.360+0000] {subprocess.py:93} INFO -        'quantity', 'customerno', 'country'],
[2026-02-13T21:17:23.360+0000] {subprocess.py:93} INFO -       dtype='object')
[2026-02-13T21:17:23.361+0000] {subprocess.py:93} INFO - INFO:root:Rows before validation: 531095
[2026-02-13T21:17:23.369+0000] {subprocess.py:93} INFO - Traceback (most recent call last):
[2026-02-13T21:17:23.370+0000] {subprocess.py:93} INFO -   File "/home/***/.local/lib/python3.8/site-packages/pandas/core/indexes/base.py", line 3653, in get_loc
[2026-02-13T21:17:23.370+0000] {subprocess.py:93} INFO -     return self._engine.get_loc(casted_key)
[2026-02-13T21:17:23.370+0000] {subprocess.py:93} INFO -   File "pandas/_libs/index.pyx", line 147, in pandas._libs.index.IndexEngine.get_loc
[2026-02-13T21:17:23.371+0000] {subprocess.py:93} INFO -   File "pandas/_libs/index.pyx", line 176, in pandas._libs.index.IndexEngine.get_loc
[2026-02-13T21:17:23.371+0000] {subprocess.py:93} INFO -   File "pandas/_libs/hashtable_class_helper.pxi", line 7080, in pandas._libs.hashtable.PyObjectHashTable.get_item
[2026-02-13T21:17:23.372+0000] {subprocess.py:93} INFO -   File "pandas/_libs/hashtable_class_helper.pxi", line 7088, in pandas._libs.hashtable.PyObjectHashTable.get_item
[2026-02-13T21:17:23.373+0000] {subprocess.py:93} INFO - KeyError: 'TransactionNo'
[2026-02-13T21:17:23.373+0000] {subprocess.py:93} INFO - 
[2026-02-13T21:17:23.374+0000] {subprocess.py:93} INFO - The above exception was the direct cause of the following exception:
[2026-02-13T21:17:23.375+0000] {subprocess.py:93} INFO - 
[2026-02-13T21:17:23.376+0000] {subprocess.py:93} INFO - Traceback (most recent call last):
[2026-02-13T21:17:23.376+0000] {subprocess.py:93} INFO -   File "/opt/***/dags/scripts/validate.py", line 22, in <module>
[2026-02-13T21:17:23.377+0000] {subprocess.py:93} INFO -     if df["TransactionNo"].isnull().any():
[2026-02-13T21:17:23.378+0000] {subprocess.py:93} INFO -   File "/home/***/.local/lib/python3.8/site-packages/pandas/core/frame.py", line 3761, in __getitem__
[2026-02-13T21:17:23.378+0000] {subprocess.py:93} INFO -     indexer = self.columns.get_loc(key)
[2026-02-13T21:17:23.379+0000] {subprocess.py:93} INFO -   File "/home/***/.local/lib/python3.8/site-packages/pandas/core/indexes/base.py", line 3655, in get_loc
[2026-02-13T21:17:23.379+0000] {subprocess.py:93} INFO -     raise KeyError(key) from err
[2026-02-13T21:17:23.380+0000] {subprocess.py:93} INFO - KeyError: 'TransactionNo'
[2026-02-13T21:17:23.446+0000] {subprocess.py:97} INFO - Command exited with return code 1
[2026-02-13T21:17:23.455+0000] {taskinstance.py:2698} ERROR - Task failed with exception
Traceback (most recent call last):
  File "/home/airflow/.local/lib/python3.8/site-packages/airflow/models/taskinstance.py", line 433, in _execute_task
    result = execute_callable(context=context, **execute_callable_kwargs)
  File "/home/airflow/.local/lib/python3.8/site-packages/airflow/operators/bash.py", line 212, in execute
    raise AirflowException(
airflow.exceptions.AirflowException: Bash command failed. The command returned a non-zero exit code 1.
[2026-02-13T21:17:23.459+0000] {taskinstance.py:1138} INFO - Marking task as FAILED. dag_id=etl_pipeline, task_id=validate, execution_date=20260213T211711, start_date=20260213T211721, end_date=20260213T211723
[2026-02-13T21:17:23.471+0000] {standard_task_runner.py:107} ERROR - Failed to execute job 42 for task validate (Bash command failed. The command returned a non-zero exit code 1.; 117)
[2026-02-13T21:17:23.492+0000] {local_task_job_runner.py:234} INFO - Task exited with return code 1
[2026-02-13T21:17:23.512+0000] {taskinstance.py:3280} INFO - 0 downstream tasks scheduled from follow-on schedule check
